-------------------------------------------------------------------------------
Test set: com.jsoniter.TestCustomizeType
-------------------------------------------------------------------------------
Tests run: 2, Failures: 0, Errors: 2, Skipped: 0, Time elapsed: 0 s <<< FAILURE! - in com.jsoniter.TestCustomizeType
test_customize_through_extension(com.jsoniter.TestCustomizeType)  Time elapsed: 0 s  <<< ERROR!
java.lang.NullPointerException
	at com.jsoniter.TestCustomizeType.test_customize_through_extension(TestCustomizeType.java:45)

test_customize_impl(com.jsoniter.TestCustomizeType)  Time elapsed: 0 s  <<< ERROR!
java.lang.NullPointerException
	at com.jsoniter.TestCustomizeType.test_customize_impl(TestCustomizeType.java:60)

