<?xml version="1.0" encoding="UTF-8"?>
<testsuite xmlns:xsi="http://www.w3.org/2001/XMLSchema-instance" xsi:noNamespaceSchemaLocation="https://maven.apache.org/surefire/maven-surefire-plugin/xsd/surefire-test-report.xsd" name="com.jsoniter.output.TestGenerics" time="0.062" tests="2" errors="2" skipped="0" failures="0">
  <properties>
[...]
</properties>
  <testcase name="test_inherited_getter_is_not_duplicate" classname="com.jsoniter.output.TestGenerics" time="0">
    <error type="java.lang.NullPointerException">java.lang.NullPointerException
	at com.jsoniter.output.TestGenerics.test_inherited_getter_is_not_duplicate(TestGenerics.java:37)
</error>
  </testcase>
  <testcase name="test_inherited_getter_is_not_duplicate" classname="com.jsoniter.output.TestGenerics" time="0">
    <error type="java.lang.NullPointerException">java.lang.NullPointerException
	at com.jsoniter.output.TestGenerics.test_inherited_getter_is_not_duplicate(TestGenerics.java:37)
</error>
  </testcase>
  <testcase name="test_inherited_getter_is_not_duplicate" classname="com.jsoniter.output.TestGenerics" time="0.032">
    <error type="java.lang.NullPointerException">java.lang.NullPointerException
	at com.jsoniter.output.TestGenerics.test_inherited_getter_is_not_duplicate(TestGenerics.java:37)
</error>
  </testcase>
  <testcase name="test_inherited_getter_is_not_duplicate" classname="com.jsoniter.output.TestGenerics" time="0.062">
    <error type="java.lang.NullPointerException">java.lang.NullPointerException
	at com.jsoniter.output.TestGenerics.test_inherited_getter_is_not_duplicate(TestGenerics.java:37)
</error>
  </testcase>
  <testcase name="test_wildcard" classname="com.jsoniter.output.TestGenerics" time="0.078">
    <error type="java.lang.NullPointerException">java.lang.NullPointerException
	at com.jsoniter.output.TestGenerics.test_wildcard(TestGenerics.java:55)
</error>
  </testcase>
  <testcase name="test_wildcard" classname="com.jsoniter.output.TestGenerics" time="0.015">
    <error type="java.lang.NullPointerException">java.lang.NullPointerException
	at com.jsoniter.output.TestGenerics.test_wildcard(TestGenerics.java:55)
</error>
  </testcase>
  <testcase name="test_wildcard" classname="com.jsoniter.output.TestGenerics" time="0.016">
    <error type="java.lang.NullPointerException">java.lang.NullPointerException
	at com.jsoniter.output.TestGenerics.test_wildcard(TestGenerics.java:55)
</error>
  </testcase>
  <testcase name="test_wildcard" classname="com.jsoniter.output.TestGenerics" time="0">
    <error type="java.lang.NullPointerException">java.lang.NullPointerException
	at com.jsoniter.output.TestGenerics.test_wildcard(TestGenerics.java:55)
</error>
  </testcase>
</testsuite>