<?xml version="1.0" encoding="UTF-8"?>
<testsuite xmlns:xsi="http://www.w3.org/2001/XMLSchema-instance" xsi:noNamespaceSchemaLocation="https://maven.apache.org/surefire/maven-surefire-plugin/xsd/surefire-test-report.xsd" name="com.jsoniter.output.TestArray" time="0.109" tests="15" errors="15" skipped="0" failures="0">
  <properties>
[...]
</properties>
  <testcase name="test_arrays_as_list" classname="com.jsoniter.output.TestArray" time="0">
    <error message="can not bind to generic collection without argument types, try syntax like TypeLiteral&lt;List&lt;Integer&gt;&gt;{}" type="java.lang.IllegalArgumentException"><![CDATA[java.lang.IllegalArgumentException: can not bind to generic collection without argument types, try syntax like TypeLiteral<List<Integer>>{}
	at com.jsoniter.output.TestArray.test_arrays_as_list(TestArray.java:114)
]]></error>
  </testcase>
  <testcase name="test_arrays_as_list" classname="com.jsoniter.output.TestArray" time="0">
    <error message="can not bind to generic collection without argument types, try syntax like TypeLiteral&lt;List&lt;Integer&gt;&gt;{}" type="java.lang.IllegalArgumentException"><![CDATA[java.lang.IllegalArgumentException: can not bind to generic collection without argument types, try syntax like TypeLiteral<List<Integer>>{}
	at com.jsoniter.output.TestArray.test_arrays_as_list(TestArray.java:114)
]]></error>
  </testcase>
  <testcase name="test_arrays_as_list" classname="com.jsoniter.output.TestArray" time="0">
    <error message="can not bind to generic collection without argument types, try syntax like TypeLiteral&lt;List&lt;Integer&gt;&gt;{}" type="java.lang.IllegalArgumentException"><![CDATA[java.lang.IllegalArgumentException: can not bind to generic collection without argument types, try syntax like TypeLiteral<List<Integer>>{}
	at com.jsoniter.output.TestArray.test_arrays_as_list(TestArray.java:114)
]]></error>
  </testcase>
  <testcase name="test_arrays_as_list" classname="com.jsoniter.output.TestArray" time="0">
    <error message="can not bind to generic collection without argument types, try syntax like TypeLiteral&lt;List&lt;Integer&gt;&gt;{}" type="java.lang.IllegalArgumentException"><![CDATA[java.lang.IllegalArgumentException: can not bind to generic collection without argument types, try syntax like TypeLiteral<List<Integer>>{}
	at com.jsoniter.output.TestArray.test_arrays_as_list(TestArray.java:114)
]]></error>
  </testcase>
  <testcase name="test_array_of_null" classname="com.jsoniter.output.TestArray" time="0.016">
    <error type="java.lang.UnsupportedOperationException">java.lang.UnsupportedOperationException
	at com.jsoniter.output.TestArray.test_array_of_null(TestArray.java:90)
</error>
  </testcase>
  <testcase name="test_array_of_null" classname="com.jsoniter.output.TestArray" time="0.015">
    <error type="java.lang.UnsupportedOperationException">java.lang.UnsupportedOperationException
	at com.jsoniter.output.TestArray.test_array_of_null(TestArray.java:90)
</error>
  </testcase>
  <testcase name="test_array_of_null" classname="com.jsoniter.output.TestArray" time="0.671">
    <error type="java.lang.UnsupportedOperationException">java.lang.UnsupportedOperationException
	at com.jsoniter.output.TestArray.test_array_of_null(TestArray.java:90)
</error>
  </testcase>
  <testcase name="test_array_of_null" classname="com.jsoniter.output.TestArray" time="0.015">
    <error type="java.lang.UnsupportedOperationException">java.lang.UnsupportedOperationException
	at com.jsoniter.output.TestArray.test_array_of_null(TestArray.java:90)
</error>
  </testcase>
  <testcase name="test_default_empty_collection" classname="com.jsoniter.output.TestArray" time="0">
    <error message="can not bind to generic collection without argument types, try syntax like TypeLiteral&lt;List&lt;Integer&gt;&gt;{}" type="java.lang.IllegalArgumentException"><![CDATA[java.lang.IllegalArgumentException: can not bind to generic collection without argument types, try syntax like TypeLiteral<List<Integer>>{}
	at com.jsoniter.output.TestArray.test_default_empty_collection(TestArray.java:118)
]]></error>
  </testcase>
  <testcase name="test_default_empty_collection" classname="com.jsoniter.output.TestArray" time="0.047">
    <error message="can not bind to generic collection without argument types, try syntax like TypeLiteral&lt;List&lt;Integer&gt;&gt;{}" type="java.lang.IllegalArgumentException"><![CDATA[java.lang.IllegalArgumentException: can not bind to generic collection without argument types, try syntax like TypeLiteral<List<Integer>>{}
	at com.jsoniter.output.TestArray.test_default_empty_collection(TestArray.java:118)
]]></error>
  </testcase>
  <testcase name="test_default_empty_collection" classname="com.jsoniter.output.TestArray" time="0.016">
    <error message="can not bind to generic collection without argument types, try syntax like TypeLiteral&lt;List&lt;Integer&gt;&gt;{}" type="java.lang.IllegalArgumentException"><![CDATA[java.lang.IllegalArgumentException: can not bind to generic collection without argument types, try syntax like TypeLiteral<List<Integer>>{}
	at com.jsoniter.output.TestArray.test_default_empty_collection(TestArray.java:118)
]]></error>
  </testcase>
  <testcase name="test_default_empty_collection" classname="com.jsoniter.output.TestArray" time="0.078">
    <error message="can not bind to generic collection without argument types, try syntax like TypeLiteral&lt;List&lt;Integer&gt;&gt;{}" type="java.lang.IllegalArgumentException"><![CDATA[java.lang.IllegalArgumentException: can not bind to generic collection without argument types, try syntax like TypeLiteral<List<Integer>>{}
	at com.jsoniter.output.TestArray.test_default_empty_collection(TestArray.java:118)
]]></error>
  </testcase>
  <testcase name="test_hash_set" classname="com.jsoniter.output.TestArray" time="0">
    <error message="can not bind to generic collection without argument types, try syntax like TypeLiteral&lt;List&lt;Integer&gt;&gt;{}" type="java.lang.IllegalArgumentException"><![CDATA[java.lang.IllegalArgumentException: can not bind to generic collection without argument types, try syntax like TypeLiteral<List<Integer>>{}
	at com.jsoniter.output.TestArray.test_hash_set(TestArray.java:107)
]]></error>
  </testcase>
  <testcase name="test_hash_set" classname="com.jsoniter.output.TestArray" time="0">
    <error message="can not bind to generic collection without argument types, try syntax like TypeLiteral&lt;List&lt;Integer&gt;&gt;{}" type="java.lang.IllegalArgumentException"><![CDATA[java.lang.IllegalArgumentException: can not bind to generic collection without argument types, try syntax like TypeLiteral<List<Integer>>{}
	at com.jsoniter.output.TestArray.test_hash_set(TestArray.java:107)
]]></error>
  </testcase>
  <testcase name="test_hash_set" classname="com.jsoniter.output.TestArray" time="0">
    <error message="can not bind to generic collection without argument types, try syntax like TypeLiteral&lt;List&lt;Integer&gt;&gt;{}" type="java.lang.IllegalArgumentException"><![CDATA[java.lang.IllegalArgumentException: can not bind to generic collection without argument types, try syntax like TypeLiteral<List<Integer>>{}
	at com.jsoniter.output.TestArray.test_hash_set(TestArray.java:107)
]]></error>
  </testcase>
  <testcase name="test_hash_set" classname="com.jsoniter.output.TestArray" time="0">
    <error message="can not bind to generic collection without argument types, try syntax like TypeLiteral&lt;List&lt;Integer&gt;&gt;{}" type="java.lang.IllegalArgumentException"><![CDATA[java.lang.IllegalArgumentException: can not bind to generic collection without argument types, try syntax like TypeLiteral<List<Integer>>{}
	at com.jsoniter.output.TestArray.test_hash_set(TestArray.java:107)
]]></error>
  </testcase>
  <testcase name="test_indention" classname="com.jsoniter.output.TestArray" time="0">
    <error message="failed to generate encoder for: class [I with [], exception: java.lang.NullPointerException&#10;public static void encode_(java.lang.Object obj, com.jsoniter.output.JsonStream stream) throws java.io.IOException {&#10;int[] arr = (int[])obj;&#10;stream.writeVal((int)e);&#10;if (arr.length == 0) { stream.write((byte)&apos;[&apos;, (byte)&apos;]&apos;); return; }&#10;stream.writeArrayStart(); stream.writeIndention();&#10;int i = 0;&#10;int e = arr[i++];&#10;while (i &lt; arr.length) {&#10;stream.writeMore();&#10;e = arr[i++];&#10;if (e == null) { stream.writeNull(); } else {&#10;stream.writeVal((int)e);&#10;}&#10;}&#10;" type="com.jsoniter.spi.JsonException"><![CDATA[com.jsoniter.spi.JsonException: 
failed to generate encoder for: class [I with [], exception: java.lang.NullPointerException
public static void encode_(java.lang.Object obj, com.jsoniter.output.JsonStream stream) throws java.io.IOException {
int[] arr = (int[])obj;
stream.writeVal((int)e);
if (arr.length == 0) { stream.write((byte)'[', (byte)']'); return; }
stream.writeArrayStart(); stream.writeIndention();
int i = 0;
int e = arr[i++];
while (i < arr.length) {
stream.writeMore();
e = arr[i++];
if (e == null) { stream.writeNull(); } else {
stream.writeVal((int)e);
}
}

	at com.jsoniter.output.TestArray.test_indention(TestArray.java:129)
Caused by: java.lang.NullPointerException
	at com.jsoniter.output.TestArray.test_indention(TestArray.java:129)
]]></error>
  </testcase>
  <testcase name="test_indention" classname="com.jsoniter.output.TestArray" time="0">
    <error message="failed to generate encoder for: class [I with [], exception: java.lang.NullPointerException&#10;public static void encode_(java.lang.Object obj, com.jsoniter.output.JsonStream stream) throws java.io.IOException {&#10;int[] arr = (int[])obj;&#10;stream.writeVal((int)e);&#10;if (arr.length == 0) { stream.write((byte)&apos;[&apos;, (byte)&apos;]&apos;); return; }&#10;stream.writeArrayStart(); stream.writeIndention();&#10;int i = 0;&#10;int e = arr[i++];&#10;while (i &lt; arr.length) {&#10;stream.writeMore();&#10;e = arr[i++];&#10;if (e == null) { stream.writeNull(); } else {&#10;stream.writeVal((int)e);&#10;}&#10;}&#10;" type="com.jsoniter.spi.JsonException"><![CDATA[com.jsoniter.spi.JsonException: 
failed to generate encoder for: class [I with [], exception: java.lang.NullPointerException
public static void encode_(java.lang.Object obj, com.jsoniter.output.JsonStream stream) throws java.io.IOException {
int[] arr = (int[])obj;
stream.writeVal((int)e);
if (arr.length == 0) { stream.write((byte)'[', (byte)']'); return; }
stream.writeArrayStart(); stream.writeIndention();
int i = 0;
int e = arr[i++];
while (i < arr.length) {
stream.writeMore();
e = arr[i++];
if (e == null) { stream.writeNull(); } else {
stream.writeVal((int)e);
}
}

	at com.jsoniter.output.TestArray.test_indention(TestArray.java:129)
Caused by: java.lang.NullPointerException
	at com.jsoniter.output.TestArray.test_indention(TestArray.java:129)
]]></error>
  </testcase>
  <testcase name="test_indention" classname="com.jsoniter.output.TestArray" time="0">
    <error message="failed to generate encoder for: class [I with [], exception: java.lang.NullPointerException&#10;public static void encode_(java.lang.Object obj, com.jsoniter.output.JsonStream stream) throws java.io.IOException {&#10;int[] arr = (int[])obj;&#10;stream.writeVal((int)e);&#10;if (arr.length == 0) { stream.write((byte)&apos;[&apos;, (byte)&apos;]&apos;); return; }&#10;stream.writeArrayStart(); stream.writeIndention();&#10;int i = 0;&#10;int e = arr[i++];&#10;while (i &lt; arr.length) {&#10;stream.writeMore();&#10;e = arr[i++];&#10;if (e == null) { stream.writeNull(); } else {&#10;stream.writeVal((int)e);&#10;}&#10;}&#10;" type="com.jsoniter.spi.JsonException"><![CDATA[com.jsoniter.spi.JsonException: 
failed to generate encoder for: class [I with [], exception: java.lang.NullPointerException
public static void encode_(java.lang.Object obj, com.jsoniter.output.JsonStream stream) throws java.io.IOException {
int[] arr = (int[])obj;
stream.writeVal((int)e);
if (arr.length == 0) { stream.write((byte)'[', (byte)']'); return; }
stream.writeArrayStart(); stream.writeIndention();
int i = 0;
int e = arr[i++];
while (i < arr.length) {
stream.writeMore();
e = arr[i++];
if (e == null) { stream.writeNull(); } else {
stream.writeVal((int)e);
}
}

	at com.jsoniter.output.TestArray.test_indention(TestArray.java:129)
Caused by: java.lang.NullPointerException
	at com.jsoniter.output.TestArray.test_indention(TestArray.java:129)
]]></error>
  </testcase>
  <testcase name="test_indention" classname="com.jsoniter.output.TestArray" time="0">
    <error message="failed to generate encoder for: class [I with [], exception: java.lang.NullPointerException&#10;public static void encode_(java.lang.Object obj, com.jsoniter.output.JsonStream stream) throws java.io.IOException {&#10;int[] arr = (int[])obj;&#10;stream.writeVal((int)e);&#10;if (arr.length == 0) { stream.write((byte)&apos;[&apos;, (byte)&apos;]&apos;); return; }&#10;stream.writeArrayStart(); stream.writeIndention();&#10;int i = 0;&#10;int e = arr[i++];&#10;while (i &lt; arr.length) {&#10;stream.writeMore();&#10;e = arr[i++];&#10;if (e == null) { stream.writeNull(); } else {&#10;stream.writeVal((int)e);&#10;}&#10;}&#10;" type="com.jsoniter.spi.JsonException"><![CDATA[com.jsoniter.spi.JsonException: 
failed to generate encoder for: class [I with [], exception: java.lang.NullPointerException
public static void encode_(java.lang.Object obj, com.jsoniter.output.JsonStream stream) throws java.io.IOException {
int[] arr = (int[])obj;
stream.writeVal((int)e);
if (arr.length == 0) { stream.write((byte)'[', (byte)']'); return; }
stream.writeArrayStart(); stream.writeIndention();
int i = 0;
int e = arr[i++];
while (i < arr.length) {
stream.writeMore();
e = arr[i++];
if (e == null) { stream.writeNull(); } else {
stream.writeVal((int)e);
}
}

	at com.jsoniter.output.TestArray.test_indention(TestArray.java:129)
Caused by: java.lang.NullPointerException
	at com.jsoniter.output.TestArray.test_indention(TestArray.java:129)
]]></error>
  </testcase>
  <testcase name="test_gen_array" classname="com.jsoniter.output.TestArray" time="0.016">
    <error message="failed to generate encoder for: class [Ljava.lang.String; with [], exception: java.lang.NullPointerException&#10;public static void encode_(java.lang.Object obj, com.jsoniter.output.JsonStream stream) throws java.io.IOException {&#10;java.lang.String[] arr = (java.lang.String[])obj;&#10;if (e == null) { stream.writeNull(); } else {&#10;com.jsoniter.output.CodegenAccess.writeVal(&quot;jsoniter_codegen.cfg9223372036535405691.encoder.java.lang.String&quot;, (java.lang.String)e, stream);&#10;}&#10;if (arr.length == 0) { return; }&#10;int i = 0;&#10;java.lang.String e = arr[i++];&#10;while (i &lt; arr.length) {&#10;stream.write(&apos;,&apos;);&#10;e = arr[i++];&#10;stream.write((byte)&apos;]&apos;);&#10;stream.writeArrayEnd();&#10;com.jsoniter.output.CodegenAccess.writeVal(&quot;jsoniter_codegen.cfg9223372036535405691.encoder.java.lang.String&quot;, (java.lang.String)e, stream);&#10;}&#10;}&#10;}&#10;" type="com.jsoniter.spi.JsonException"><![CDATA[com.jsoniter.spi.JsonException: 
failed to generate encoder for: class [Ljava.lang.String; with [], exception: java.lang.NullPointerException
public static void encode_(java.lang.Object obj, com.jsoniter.output.JsonStream stream) throws java.io.IOException {
java.lang.String[] arr = (java.lang.String[])obj;
if (e == null) { stream.writeNull(); } else {
com.jsoniter.output.CodegenAccess.writeVal("jsoniter_codegen.cfg9223372036535405691.encoder.java.lang.String", (java.lang.String)e, stream);
}
if (arr.length == 0) { return; }
int i = 0;
java.lang.String e = arr[i++];
while (i < arr.length) {
stream.write(',');
e = arr[i++];
stream.write((byte)']');
stream.writeArrayEnd();
com.jsoniter.output.CodegenAccess.writeVal("jsoniter_codegen.cfg9223372036535405691.encoder.java.lang.String", (java.lang.String)e, stream);
}
}
}

	at com.jsoniter.output.TestArray.test_gen_array(TestArray.java:26)
Caused by: java.lang.NullPointerException
	at com.jsoniter.output.TestArray.test_gen_array(TestArray.java:26)
]]></error>
  </testcase>
  <testcase name="test_gen_array" classname="com.jsoniter.output.TestArray" time="0">
    <error message="failed to generate encoder for: class [Ljava.lang.String; with [], exception: java.lang.NullPointerException&#10;public static void encode_(java.lang.Object obj, com.jsoniter.output.JsonStream stream) throws java.io.IOException {&#10;java.lang.String[] arr = (java.lang.String[])obj;&#10;if (e == null) { stream.writeNull(); } else {&#10;com.jsoniter.output.CodegenAccess.writeVal(&quot;jsoniter_codegen.cfg1830135045.encoder.java.lang.String&quot;, (java.lang.String)e, stream);&#10;}&#10;if (arr.length == 0) { return; }&#10;int i = 0;&#10;java.lang.String e = arr[i++];&#10;while (i &lt; arr.length) {&#10;stream.write(&apos;,&apos;);&#10;e = arr[i++];&#10;stream.write((byte)&apos;]&apos;);&#10;stream.writeArrayEnd();&#10;com.jsoniter.output.CodegenAccess.writeVal(&quot;jsoniter_codegen.cfg1830135045.encoder.java.lang.String&quot;, (java.lang.String)e, stream);&#10;}&#10;}&#10;}&#10;" type="com.jsoniter.spi.JsonException"><![CDATA[com.jsoniter.spi.JsonException: 
failed to generate encoder for: class [Ljava.lang.String; with [], exception: java.lang.NullPointerException
public static void encode_(java.lang.Object obj, com.jsoniter.output.JsonStream stream) throws java.io.IOException {
java.lang.String[] arr = (java.lang.String[])obj;
if (e == null) { stream.writeNull(); } else {
com.jsoniter.output.CodegenAccess.writeVal("jsoniter_codegen.cfg1830135045.encoder.java.lang.String", (java.lang.String)e, stream);
}
if (arr.length == 0) { return; }
int i = 0;
java.lang.String e = arr[i++];
while (i < arr.length) {
stream.write(',');
e = arr[i++];
stream.write((byte)']');
stream.writeArrayEnd();
com.jsoniter.output.CodegenAccess.writeVal("jsoniter_codegen.cfg1830135045.encoder.java.lang.String", (java.lang.String)e, stream);
}
}
}

	at com.jsoniter.output.TestArray.test_gen_array(TestArray.java:26)
Caused by: java.lang.NullPointerException
	at com.jsoniter.output.TestArray.test_gen_array(TestArray.java:26)
]]></error>
  </testcase>
  <testcase name="test_gen_array" classname="com.jsoniter.output.TestArray" time="0">
    <error message="failed to generate encoder for: class [Ljava.lang.String; with [], exception: java.lang.NullPointerException&#10;public static void encode_(java.lang.Object obj, com.jsoniter.output.JsonStream stream) throws java.io.IOException {&#10;java.lang.String[] arr = (java.lang.String[])obj;&#10;if (e == null) { stream.writeNull(); } else {&#10;com.jsoniter.output.CodegenAccess.writeVal(&quot;jsoniter_codegen.cfg9223372034806973682.encoder.java.lang.String&quot;, (java.lang.String)e, stream);&#10;}&#10;if (arr.length == 0) { return; }&#10;int i = 0;&#10;java.lang.String e = arr[i++];&#10;while (i &lt; arr.length) {&#10;stream.write(&apos;,&apos;);&#10;e = arr[i++];&#10;stream.write((byte)&apos;]&apos;);&#10;stream.writeArrayEnd();&#10;com.jsoniter.output.CodegenAccess.writeVal(&quot;jsoniter_codegen.cfg9223372034806973682.encoder.java.lang.String&quot;, (java.lang.String)e, stream);&#10;}&#10;}&#10;}&#10;" type="com.jsoniter.spi.JsonException"><![CDATA[com.jsoniter.spi.JsonException: 
failed to generate encoder for: class [Ljava.lang.String; with [], exception: java.lang.NullPointerException
public static void encode_(java.lang.Object obj, com.jsoniter.output.JsonStream stream) throws java.io.IOException {
java.lang.String[] arr = (java.lang.String[])obj;
if (e == null) { stream.writeNull(); } else {
com.jsoniter.output.CodegenAccess.writeVal("jsoniter_codegen.cfg9223372034806973682.encoder.java.lang.String", (java.lang.String)e, stream);
}
if (arr.length == 0) { return; }
int i = 0;
java.lang.String e = arr[i++];
while (i < arr.length) {
stream.write(',');
e = arr[i++];
stream.write((byte)']');
stream.writeArrayEnd();
com.jsoniter.output.CodegenAccess.writeVal("jsoniter_codegen.cfg9223372034806973682.encoder.java.lang.String", (java.lang.String)e, stream);
}
}
}

	at com.jsoniter.output.TestArray.test_gen_array(TestArray.java:26)
Caused by: java.lang.NullPointerException
	at com.jsoniter.output.TestArray.test_gen_array(TestArray.java:26)
]]></error>
  </testcase>
  <testcase name="test_gen_array" classname="com.jsoniter.output.TestArray" time="0">
    <error message="failed to generate encoder for: class [Ljava.lang.String; with [], exception: java.lang.NullPointerException&#10;public static void encode_(java.lang.Object obj, com.jsoniter.output.JsonStream stream) throws java.io.IOException {&#10;java.lang.String[] arr = (java.lang.String[])obj;&#10;if (e == null) { stream.writeNull(); } else {&#10;com.jsoniter.output.CodegenAccess.writeVal(&quot;jsoniter_codegen.cfg1830135045.encoder.java.lang.String&quot;, (java.lang.String)e, stream);&#10;}&#10;if (arr.length == 0) { return; }&#10;int i = 0;&#10;java.lang.String e = arr[i++];&#10;while (i &lt; arr.length) {&#10;stream.write(&apos;,&apos;);&#10;e = arr[i++];&#10;stream.write((byte)&apos;]&apos;);&#10;stream.writeArrayEnd();&#10;com.jsoniter.output.CodegenAccess.writeVal(&quot;jsoniter_codegen.cfg1830135045.encoder.java.lang.String&quot;, (java.lang.String)e, stream);&#10;}&#10;}&#10;}&#10;" type="com.jsoniter.spi.JsonException"><![CDATA[com.jsoniter.spi.JsonException: 
failed to generate encoder for: class [Ljava.lang.String; with [], exception: java.lang.NullPointerException
public static void encode_(java.lang.Object obj, com.jsoniter.output.JsonStream stream) throws java.io.IOException {
java.lang.String[] arr = (java.lang.String[])obj;
if (e == null) { stream.writeNull(); } else {
com.jsoniter.output.CodegenAccess.writeVal("jsoniter_codegen.cfg1830135045.encoder.java.lang.String", (java.lang.String)e, stream);
}
if (arr.length == 0) { return; }
int i = 0;
java.lang.String e = arr[i++];
while (i < arr.length) {
stream.write(',');
e = arr[i++];
stream.write((byte)']');
stream.writeArrayEnd();
com.jsoniter.output.CodegenAccess.writeVal("jsoniter_codegen.cfg1830135045.encoder.java.lang.String", (java.lang.String)e, stream);
}
}
}

	at com.jsoniter.output.TestArray.test_gen_array(TestArray.java:26)
Caused by: java.lang.NullPointerException
	at com.jsoniter.output.TestArray.test_gen_array(TestArray.java:26)
]]></error>
  </testcase>
  <testcase name="test_empty_collection" classname="com.jsoniter.output.TestArray" time="0.015">
    <error message="can not bind to generic collection without argument types, try syntax like TypeLiteral&lt;List&lt;Integer&gt;&gt;{}" type="java.lang.IllegalArgumentException"><![CDATA[java.lang.IllegalArgumentException: can not bind to generic collection without argument types, try syntax like TypeLiteral<List<Integer>>{}
	at com.jsoniter.output.TestArray.test_empty_collection(TestArray.java:64)
]]></error>
  </testcase>
  <testcase name="test_empty_collection" classname="com.jsoniter.output.TestArray" time="0">
    <error message="can not bind to generic collection without argument types, try syntax like TypeLiteral&lt;List&lt;Integer&gt;&gt;{}" type="java.lang.IllegalArgumentException"><![CDATA[java.lang.IllegalArgumentException: can not bind to generic collection without argument types, try syntax like TypeLiteral<List<Integer>>{}
	at com.jsoniter.output.TestArray.test_empty_collection(TestArray.java:64)
]]></error>
  </testcase>
  <testcase name="test_empty_collection" classname="com.jsoniter.output.TestArray" time="0">
    <error message="can not bind to generic collection without argument types, try syntax like TypeLiteral&lt;List&lt;Integer&gt;&gt;{}" type="java.lang.IllegalArgumentException"><![CDATA[java.lang.IllegalArgumentException: can not bind to generic collection without argument types, try syntax like TypeLiteral<List<Integer>>{}
	at com.jsoniter.output.TestArray.test_empty_collection(TestArray.java:64)
]]></error>
  </testcase>
  <testcase name="test_empty_collection" classname="com.jsoniter.output.TestArray" time="0">
    <error message="can not bind to generic collection without argument types, try syntax like TypeLiteral&lt;List&lt;Integer&gt;&gt;{}" type="java.lang.IllegalArgumentException"><![CDATA[java.lang.IllegalArgumentException: can not bind to generic collection without argument types, try syntax like TypeLiteral<List<Integer>>{}
	at com.jsoniter.output.TestArray.test_empty_collection(TestArray.java:64)
]]></error>
  </testcase>
  <testcase name="test_list_of_null" classname="com.jsoniter.output.TestArray" time="0.016">
    <error message="Missing type parameter." type="com.jsoniter.spi.JsonException">com.jsoniter.spi.JsonException: Missing type parameter.
	at com.jsoniter.output.TestArray.test_list_of_null(TestArray.java:100)
</error>
  </testcase>
  <testcase name="test_list_of_null" classname="com.jsoniter.output.TestArray" time="0">
    <error message="Missing type parameter." type="com.jsoniter.spi.JsonException">com.jsoniter.spi.JsonException: Missing type parameter.
	at com.jsoniter.output.TestArray.test_list_of_null(TestArray.java:100)
</error>
  </testcase>
  <testcase name="test_list_of_null" classname="com.jsoniter.output.TestArray" time="0">
    <error message="Missing type parameter." type="com.jsoniter.spi.JsonException">com.jsoniter.spi.JsonException: Missing type parameter.
	at com.jsoniter.output.TestArray.test_list_of_null(TestArray.java:100)
</error>
  </testcase>
  <testcase name="test_list_of_null" classname="com.jsoniter.output.TestArray" time="0">
    <error message="Missing type parameter." type="com.jsoniter.spi.JsonException">com.jsoniter.spi.JsonException: Missing type parameter.
	at com.jsoniter.output.TestArray.test_list_of_null(TestArray.java:100)
</error>
  </testcase>
  <testcase name="test_indention_with_empty_array" classname="com.jsoniter.output.TestArray" time="0">
    <error message="failed to generate encoder for: class [I with [], exception: java.lang.NullPointerException&#10;public static void encode_(java.lang.Object obj, com.jsoniter.output.JsonStream stream) throws java.io.IOException {&#10;int[] arr = (int[])obj;&#10;stream.writeVal((int)e);&#10;if (arr.length == 0) { stream.write((byte)&apos;[&apos;, (byte)&apos;]&apos;); return; }&#10;stream.writeArrayStart(); stream.writeIndention();&#10;int i = 0;&#10;int e = arr[i++];&#10;while (i &lt; arr.length) {&#10;stream.writeMore();&#10;e = arr[i++];&#10;if (e == null) { stream.writeNull(); } else {&#10;stream.writeVal((int)e);&#10;}&#10;}&#10;" type="com.jsoniter.spi.JsonException"><![CDATA[com.jsoniter.spi.JsonException: 
failed to generate encoder for: class [I with [], exception: java.lang.NullPointerException
public static void encode_(java.lang.Object obj, com.jsoniter.output.JsonStream stream) throws java.io.IOException {
int[] arr = (int[])obj;
stream.writeVal((int)e);
if (arr.length == 0) { stream.write((byte)'[', (byte)']'); return; }
stream.writeArrayStart(); stream.writeIndention();
int i = 0;
int e = arr[i++];
while (i < arr.length) {
stream.writeMore();
e = arr[i++];
if (e == null) { stream.writeNull(); } else {
stream.writeVal((int)e);
}
}

	at com.jsoniter.output.TestArray.test_indention_with_empty_array(TestArray.java:145)
Caused by: java.lang.NullPointerException
	at com.jsoniter.output.TestArray.test_indention_with_empty_array(TestArray.java:145)
]]></error>
  </testcase>
  <testcase name="test_indention_with_empty_array" classname="com.jsoniter.output.TestArray" time="0">
    <error message="failed to generate encoder for: class [I with [], exception: java.lang.NullPointerException&#10;public static void encode_(java.lang.Object obj, com.jsoniter.output.JsonStream stream) throws java.io.IOException {&#10;int[] arr = (int[])obj;&#10;stream.writeVal((int)e);&#10;if (arr.length == 0) { stream.write((byte)&apos;[&apos;, (byte)&apos;]&apos;); return; }&#10;stream.writeArrayStart(); stream.writeIndention();&#10;int i = 0;&#10;int e = arr[i++];&#10;while (i &lt; arr.length) {&#10;stream.writeMore();&#10;e = arr[i++];&#10;if (e == null) { stream.writeNull(); } else {&#10;stream.writeVal((int)e);&#10;}&#10;}&#10;" type="com.jsoniter.spi.JsonException"><![CDATA[com.jsoniter.spi.JsonException: 
failed to generate encoder for: class [I with [], exception: java.lang.NullPointerException
public static void encode_(java.lang.Object obj, com.jsoniter.output.JsonStream stream) throws java.io.IOException {
int[] arr = (int[])obj;
stream.writeVal((int)e);
if (arr.length == 0) { stream.write((byte)'[', (byte)']'); return; }
stream.writeArrayStart(); stream.writeIndention();
int i = 0;
int e = arr[i++];
while (i < arr.length) {
stream.writeMore();
e = arr[i++];
if (e == null) { stream.writeNull(); } else {
stream.writeVal((int)e);
}
}

	at com.jsoniter.output.TestArray.test_indention_with_empty_array(TestArray.java:145)
Caused by: java.lang.NullPointerException
	at com.jsoniter.output.TestArray.test_indention_with_empty_array(TestArray.java:145)
]]></error>
  </testcase>
  <testcase name="test_indention_with_empty_array" classname="com.jsoniter.output.TestArray" time="0">
    <error message="failed to generate encoder for: class [I with [], exception: java.lang.NullPointerException&#10;public static void encode_(java.lang.Object obj, com.jsoniter.output.JsonStream stream) throws java.io.IOException {&#10;int[] arr = (int[])obj;&#10;stream.writeVal((int)e);&#10;if (arr.length == 0) { stream.write((byte)&apos;[&apos;, (byte)&apos;]&apos;); return; }&#10;stream.writeArrayStart(); stream.writeIndention();&#10;int i = 0;&#10;int e = arr[i++];&#10;while (i &lt; arr.length) {&#10;stream.writeMore();&#10;e = arr[i++];&#10;if (e == null) { stream.writeNull(); } else {&#10;stream.writeVal((int)e);&#10;}&#10;}&#10;" type="com.jsoniter.spi.JsonException"><![CDATA[com.jsoniter.spi.JsonException: 
failed to generate encoder for: class [I with [], exception: java.lang.NullPointerException
public static void encode_(java.lang.Object obj, com.jsoniter.output.JsonStream stream) throws java.io.IOException {
int[] arr = (int[])obj;
stream.writeVal((int)e);
if (arr.length == 0) { stream.write((byte)'[', (byte)']'); return; }
stream.writeArrayStart(); stream.writeIndention();
int i = 0;
int e = arr[i++];
while (i < arr.length) {
stream.writeMore();
e = arr[i++];
if (e == null) { stream.writeNull(); } else {
stream.writeVal((int)e);
}
}

	at com.jsoniter.output.TestArray.test_indention_with_empty_array(TestArray.java:145)
Caused by: java.lang.NullPointerException
	at com.jsoniter.output.TestArray.test_indention_with_empty_array(TestArray.java:145)
]]></error>
  </testcase>
  <testcase name="test_indention_with_empty_array" classname="com.jsoniter.output.TestArray" time="0">
    <error message="failed to generate encoder for: class [I with [], exception: java.lang.NullPointerException&#10;public static void encode_(java.lang.Object obj, com.jsoniter.output.JsonStream stream) throws java.io.IOException {&#10;int[] arr = (int[])obj;&#10;stream.writeVal((int)e);&#10;if (arr.length == 0) { stream.write((byte)&apos;[&apos;, (byte)&apos;]&apos;); return; }&#10;stream.writeArrayStart(); stream.writeIndention();&#10;int i = 0;&#10;int e = arr[i++];&#10;while (i &lt; arr.length) {&#10;stream.writeMore();&#10;e = arr[i++];&#10;if (e == null) { stream.writeNull(); } else {&#10;stream.writeVal((int)e);&#10;}&#10;}&#10;" type="com.jsoniter.spi.JsonException"><![CDATA[com.jsoniter.spi.JsonException: 
failed to generate encoder for: class [I with [], exception: java.lang.NullPointerException
public static void encode_(java.lang.Object obj, com.jsoniter.output.JsonStream stream) throws java.io.IOException {
int[] arr = (int[])obj;
stream.writeVal((int)e);
if (arr.length == 0) { stream.write((byte)'[', (byte)']'); return; }
stream.writeArrayStart(); stream.writeIndention();
int i = 0;
int e = arr[i++];
while (i < arr.length) {
stream.writeMore();
e = arr[i++];
if (e == null) { stream.writeNull(); } else {
stream.writeVal((int)e);
}
}

	at com.jsoniter.output.TestArray.test_indention_with_empty_array(TestArray.java:145)
Caused by: java.lang.NullPointerException
	at com.jsoniter.output.TestArray.test_indention_with_empty_array(TestArray.java:145)
]]></error>
  </testcase>
  <testcase name="test_null_collection" classname="com.jsoniter.output.TestArray" time="0.031">
    <error message="Missing type parameter." type="com.jsoniter.spi.JsonException">com.jsoniter.spi.JsonException: Missing type parameter.
	at com.jsoniter.output.TestArray.test_null_collection(TestArray.java:70)
</error>
  </testcase>
  <testcase name="test_null_collection" classname="com.jsoniter.output.TestArray" time="0.016">
    <error message="Missing type parameter." type="com.jsoniter.spi.JsonException">com.jsoniter.spi.JsonException: Missing type parameter.
	at com.jsoniter.output.TestArray.test_null_collection(TestArray.java:70)
</error>
  </testcase>
  <testcase name="test_null_collection" classname="com.jsoniter.output.TestArray" time="0">
    <error message="Missing type parameter." type="com.jsoniter.spi.JsonException">com.jsoniter.spi.JsonException: Missing type parameter.
	at com.jsoniter.output.TestArray.test_null_collection(TestArray.java:70)
</error>
  </testcase>
  <testcase name="test_null_collection" classname="com.jsoniter.output.TestArray" time="0">
    <error message="Missing type parameter." type="com.jsoniter.spi.JsonException">com.jsoniter.spi.JsonException: Missing type parameter.
	at com.jsoniter.output.TestArray.test_null_collection(TestArray.java:70)
</error>
  </testcase>
  <testcase name="test_null_array" classname="com.jsoniter.output.TestArray" time="0">
    <error message="Missing type parameter." type="com.jsoniter.spi.JsonException">com.jsoniter.spi.JsonException: Missing type parameter.
	at com.jsoniter.output.TestArray.test_null_array(TestArray.java:57)
</error>
  </testcase>
  <testcase name="test_null_array" classname="com.jsoniter.output.TestArray" time="0">
    <error message="Missing type parameter." type="com.jsoniter.spi.JsonException">com.jsoniter.spi.JsonException: Missing type parameter.
	at com.jsoniter.output.TestArray.test_null_array(TestArray.java:57)
</error>
  </testcase>
  <testcase name="test_null_array" classname="com.jsoniter.output.TestArray" time="0">
    <error message="Missing type parameter." type="com.jsoniter.spi.JsonException">com.jsoniter.spi.JsonException: Missing type parameter.
	at com.jsoniter.output.TestArray.test_null_array(TestArray.java:57)
</error>
  </testcase>
  <testcase name="test_null_array" classname="com.jsoniter.output.TestArray" time="0">
    <error message="Missing type parameter." type="com.jsoniter.spi.JsonException">com.jsoniter.spi.JsonException: Missing type parameter.
	at com.jsoniter.output.TestArray.test_null_array(TestArray.java:57)
</error>
  </testcase>
  <testcase name="test_list_of_objects" classname="com.jsoniter.output.TestArray" time="0">
    <error message="Missing type parameter." type="com.jsoniter.spi.JsonException">com.jsoniter.spi.JsonException: Missing type parameter.
	at com.jsoniter.output.TestArray.test_list_of_objects(TestArray.java:83)
</error>
  </testcase>
  <testcase name="test_list_of_objects" classname="com.jsoniter.output.TestArray" time="0">
    <error message="Missing type parameter." type="com.jsoniter.spi.JsonException">com.jsoniter.spi.JsonException: Missing type parameter.
	at com.jsoniter.output.TestArray.test_list_of_objects(TestArray.java:83)
</error>
  </testcase>
  <testcase name="test_list_of_objects" classname="com.jsoniter.output.TestArray" time="0">
    <error message="Missing type parameter." type="com.jsoniter.spi.JsonException">com.jsoniter.spi.JsonException: Missing type parameter.
	at com.jsoniter.output.TestArray.test_list_of_objects(TestArray.java:83)
</error>
  </testcase>
  <testcase name="test_list_of_objects" classname="com.jsoniter.output.TestArray" time="0">
    <error message="Missing type parameter." type="com.jsoniter.spi.JsonException">com.jsoniter.spi.JsonException: Missing type parameter.
	at com.jsoniter.output.TestArray.test_list_of_objects(TestArray.java:83)
</error>
  </testcase>
  <testcase name="test_collection" classname="com.jsoniter.output.TestArray" time="0">
    <error message="Missing type parameter." type="com.jsoniter.spi.JsonException">com.jsoniter.spi.JsonException: Missing type parameter.
	at com.jsoniter.output.TestArray.test_collection(TestArray.java:35)
</error>
  </testcase>
  <testcase name="test_collection" classname="com.jsoniter.output.TestArray" time="0">
    <error message="Missing type parameter." type="com.jsoniter.spi.JsonException">com.jsoniter.spi.JsonException: Missing type parameter.
	at com.jsoniter.output.TestArray.test_collection(TestArray.java:35)
</error>
  </testcase>
  <testcase name="test_collection" classname="com.jsoniter.output.TestArray" time="0">
    <error message="Missing type parameter." type="com.jsoniter.spi.JsonException">com.jsoniter.spi.JsonException: Missing type parameter.
	at com.jsoniter.output.TestArray.test_collection(TestArray.java:35)
</error>
  </testcase>
  <testcase name="test_collection" classname="com.jsoniter.output.TestArray" time="0">
    <error message="Missing type parameter." type="com.jsoniter.spi.JsonException">com.jsoniter.spi.JsonException: Missing type parameter.
	at com.jsoniter.output.TestArray.test_collection(TestArray.java:35)
</error>
  </testcase>
  <testcase name="test_collection_without_type" classname="com.jsoniter.output.TestArray" time="0.016">
    <error message="can not bind to generic collection without argument types, try syntax like TypeLiteral&lt;List&lt;Integer&gt;&gt;{}" type="java.lang.IllegalArgumentException"><![CDATA[java.lang.IllegalArgumentException: can not bind to generic collection without argument types, try syntax like TypeLiteral<List<Integer>>{}
	at com.jsoniter.output.TestArray.test_collection_without_type(TestArray.java:45)
]]></error>
  </testcase>
  <testcase name="test_collection_without_type" classname="com.jsoniter.output.TestArray" time="0">
    <error message="can not bind to generic collection without argument types, try syntax like TypeLiteral&lt;List&lt;Integer&gt;&gt;{}" type="java.lang.IllegalArgumentException"><![CDATA[java.lang.IllegalArgumentException: can not bind to generic collection without argument types, try syntax like TypeLiteral<List<Integer>>{}
	at com.jsoniter.output.TestArray.test_collection_without_type(TestArray.java:45)
]]></error>
  </testcase>
  <testcase name="test_collection_without_type" classname="com.jsoniter.output.TestArray" time="0">
    <error message="can not bind to generic collection without argument types, try syntax like TypeLiteral&lt;List&lt;Integer&gt;&gt;{}" type="java.lang.IllegalArgumentException"><![CDATA[java.lang.IllegalArgumentException: can not bind to generic collection without argument types, try syntax like TypeLiteral<List<Integer>>{}
	at com.jsoniter.output.TestArray.test_collection_without_type(TestArray.java:45)
]]></error>
  </testcase>
  <testcase name="test_collection_without_type" classname="com.jsoniter.output.TestArray" time="0">
    <error message="can not bind to generic collection without argument types, try syntax like TypeLiteral&lt;List&lt;Integer&gt;&gt;{}" type="java.lang.IllegalArgumentException"><![CDATA[java.lang.IllegalArgumentException: can not bind to generic collection without argument types, try syntax like TypeLiteral<List<Integer>>{}
	at com.jsoniter.output.TestArray.test_collection_without_type(TestArray.java:45)
]]></error>
  </testcase>
  <testcase name="test_empty_array" classname="com.jsoniter.output.TestArray" time="0">
    <error message="failed to generate encoder for: class [Ljava.lang.String; with [], exception: java.lang.NullPointerException&#10;public static void encode_(java.lang.Object obj, com.jsoniter.output.JsonStream stream) throws java.io.IOException {&#10;java.lang.String[] arr = (java.lang.String[])obj;&#10;if (e == null) { stream.writeNull(); } else {&#10;com.jsoniter.output.CodegenAccess.writeVal(&quot;jsoniter_codegen.cfg9223372036535405691.encoder.java.lang.String&quot;, (java.lang.String)e, stream);&#10;}&#10;if (arr.length == 0) { return; }&#10;int i = 0;&#10;java.lang.String e = arr[i++];&#10;while (i &lt; arr.length) {&#10;stream.write(&apos;,&apos;);&#10;e = arr[i++];&#10;stream.write((byte)&apos;]&apos;);&#10;stream.writeArrayEnd();&#10;com.jsoniter.output.CodegenAccess.writeVal(&quot;jsoniter_codegen.cfg9223372036535405691.encoder.java.lang.String&quot;, (java.lang.String)e, stream);&#10;}&#10;}&#10;}&#10;" type="com.jsoniter.spi.JsonException"><![CDATA[com.jsoniter.spi.JsonException: 
failed to generate encoder for: class [Ljava.lang.String; with [], exception: java.lang.NullPointerException
public static void encode_(java.lang.Object obj, com.jsoniter.output.JsonStream stream) throws java.io.IOException {
java.lang.String[] arr = (java.lang.String[])obj;
if (e == null) { stream.writeNull(); } else {
com.jsoniter.output.CodegenAccess.writeVal("jsoniter_codegen.cfg9223372036535405691.encoder.java.lang.String", (java.lang.String)e, stream);
}
if (arr.length == 0) { return; }
int i = 0;
java.lang.String e = arr[i++];
while (i < arr.length) {
stream.write(',');
e = arr[i++];
stream.write((byte)']');
stream.writeArrayEnd();
com.jsoniter.output.CodegenAccess.writeVal("jsoniter_codegen.cfg9223372036535405691.encoder.java.lang.String", (java.lang.String)e, stream);
}
}
}

	at com.jsoniter.output.TestArray.test_empty_array(TestArray.java:51)
Caused by: java.lang.NullPointerException
	at com.jsoniter.output.TestArray.test_empty_array(TestArray.java:51)
]]></error>
  </testcase>
  <testcase name="test_empty_array" classname="com.jsoniter.output.TestArray" time="0">
    <error message="failed to generate encoder for: class [Ljava.lang.String; with [], exception: java.lang.NullPointerException&#10;public static void encode_(java.lang.Object obj, com.jsoniter.output.JsonStream stream) throws java.io.IOException {&#10;java.lang.String[] arr = (java.lang.String[])obj;&#10;if (e == null) { stream.writeNull(); } else {&#10;com.jsoniter.output.CodegenAccess.writeVal(&quot;jsoniter_codegen.cfg1830135045.encoder.java.lang.String&quot;, (java.lang.String)e, stream);&#10;}&#10;if (arr.length == 0) { return; }&#10;int i = 0;&#10;java.lang.String e = arr[i++];&#10;while (i &lt; arr.length) {&#10;stream.write(&apos;,&apos;);&#10;e = arr[i++];&#10;stream.write((byte)&apos;]&apos;);&#10;stream.writeArrayEnd();&#10;com.jsoniter.output.CodegenAccess.writeVal(&quot;jsoniter_codegen.cfg1830135045.encoder.java.lang.String&quot;, (java.lang.String)e, stream);&#10;}&#10;}&#10;}&#10;" type="com.jsoniter.spi.JsonException"><![CDATA[com.jsoniter.spi.JsonException: 
failed to generate encoder for: class [Ljava.lang.String; with [], exception: java.lang.NullPointerException
public static void encode_(java.lang.Object obj, com.jsoniter.output.JsonStream stream) throws java.io.IOException {
java.lang.String[] arr = (java.lang.String[])obj;
if (e == null) { stream.writeNull(); } else {
com.jsoniter.output.CodegenAccess.writeVal("jsoniter_codegen.cfg1830135045.encoder.java.lang.String", (java.lang.String)e, stream);
}
if (arr.length == 0) { return; }
int i = 0;
java.lang.String e = arr[i++];
while (i < arr.length) {
stream.write(',');
e = arr[i++];
stream.write((byte)']');
stream.writeArrayEnd();
com.jsoniter.output.CodegenAccess.writeVal("jsoniter_codegen.cfg1830135045.encoder.java.lang.String", (java.lang.String)e, stream);
}
}
}

	at com.jsoniter.output.TestArray.test_empty_array(TestArray.java:51)
Caused by: java.lang.NullPointerException
	at com.jsoniter.output.TestArray.test_empty_array(TestArray.java:51)
]]></error>
  </testcase>
  <testcase name="test_empty_array" classname="com.jsoniter.output.TestArray" time="0">
    <error message="failed to generate encoder for: class [Ljava.lang.String; with [], exception: java.lang.NullPointerException&#10;public static void encode_(java.lang.Object obj, com.jsoniter.output.JsonStream stream) throws java.io.IOException {&#10;java.lang.String[] arr = (java.lang.String[])obj;&#10;if (e == null) { stream.writeNull(); } else {&#10;com.jsoniter.output.CodegenAccess.writeVal(&quot;jsoniter_codegen.cfg9223372034806973682.encoder.java.lang.String&quot;, (java.lang.String)e, stream);&#10;}&#10;if (arr.length == 0) { return; }&#10;int i = 0;&#10;java.lang.String e = arr[i++];&#10;while (i &lt; arr.length) {&#10;stream.write(&apos;,&apos;);&#10;e = arr[i++];&#10;stream.write((byte)&apos;]&apos;);&#10;stream.writeArrayEnd();&#10;com.jsoniter.output.CodegenAccess.writeVal(&quot;jsoniter_codegen.cfg9223372034806973682.encoder.java.lang.String&quot;, (java.lang.String)e, stream);&#10;}&#10;}&#10;}&#10;" type="com.jsoniter.spi.JsonException"><![CDATA[com.jsoniter.spi.JsonException: 
failed to generate encoder for: class [Ljava.lang.String; with [], exception: java.lang.NullPointerException
public static void encode_(java.lang.Object obj, com.jsoniter.output.JsonStream stream) throws java.io.IOException {
java.lang.String[] arr = (java.lang.String[])obj;
if (e == null) { stream.writeNull(); } else {
com.jsoniter.output.CodegenAccess.writeVal("jsoniter_codegen.cfg9223372034806973682.encoder.java.lang.String", (java.lang.String)e, stream);
}
if (arr.length == 0) { return; }
int i = 0;
java.lang.String e = arr[i++];
while (i < arr.length) {
stream.write(',');
e = arr[i++];
stream.write((byte)']');
stream.writeArrayEnd();
com.jsoniter.output.CodegenAccess.writeVal("jsoniter_codegen.cfg9223372034806973682.encoder.java.lang.String", (java.lang.String)e, stream);
}
}
}

	at com.jsoniter.output.TestArray.test_empty_array(TestArray.java:51)
Caused by: java.lang.NullPointerException
	at com.jsoniter.output.TestArray.test_empty_array(TestArray.java:51)
]]></error>
  </testcase>
  <testcase name="test_empty_array" classname="com.jsoniter.output.TestArray" time="0.016">
    <error message="failed to generate encoder for: class [Ljava.lang.String; with [], exception: java.lang.NullPointerException&#10;public static void encode_(java.lang.Object obj, com.jsoniter.output.JsonStream stream) throws java.io.IOException {&#10;java.lang.String[] arr = (java.lang.String[])obj;&#10;if (e == null) { stream.writeNull(); } else {&#10;com.jsoniter.output.CodegenAccess.writeVal(&quot;jsoniter_codegen.cfg1830135045.encoder.java.lang.String&quot;, (java.lang.String)e, stream);&#10;}&#10;if (arr.length == 0) { return; }&#10;int i = 0;&#10;java.lang.String e = arr[i++];&#10;while (i &lt; arr.length) {&#10;stream.write(&apos;,&apos;);&#10;e = arr[i++];&#10;stream.write((byte)&apos;]&apos;);&#10;stream.writeArrayEnd();&#10;com.jsoniter.output.CodegenAccess.writeVal(&quot;jsoniter_codegen.cfg1830135045.encoder.java.lang.String&quot;, (java.lang.String)e, stream);&#10;}&#10;}&#10;}&#10;" type="com.jsoniter.spi.JsonException"><![CDATA[com.jsoniter.spi.JsonException: 
failed to generate encoder for: class [Ljava.lang.String; with [], exception: java.lang.NullPointerException
public static void encode_(java.lang.Object obj, com.jsoniter.output.JsonStream stream) throws java.io.IOException {
java.lang.String[] arr = (java.lang.String[])obj;
if (e == null) { stream.writeNull(); } else {
com.jsoniter.output.CodegenAccess.writeVal("jsoniter_codegen.cfg1830135045.encoder.java.lang.String", (java.lang.String)e, stream);
}
if (arr.length == 0) { return; }
int i = 0;
java.lang.String e = arr[i++];
while (i < arr.length) {
stream.write(',');
e = arr[i++];
stream.write((byte)']');
stream.writeArrayEnd();
com.jsoniter.output.CodegenAccess.writeVal("jsoniter_codegen.cfg1830135045.encoder.java.lang.String", (java.lang.String)e, stream);
}
}
}

	at com.jsoniter.output.TestArray.test_empty_array(TestArray.java:51)
Caused by: java.lang.NullPointerException
	at com.jsoniter.output.TestArray.test_empty_array(TestArray.java:51)
]]></error>
  </testcase>
</testsuite>