<?xml version="1.0" encoding="UTF-8"?>
<testsuite xmlns:xsi="http://www.w3.org/2001/XMLSchema-instance" xsi:noNamespaceSchemaLocation="https://maven.apache.org/surefire/maven-surefire-plugin/xsd/surefire-test-report.xsd" name="com.jsoniter.output.TestAny" time="0.219" tests="11" errors="2" skipped="0" failures="1">
  <properties>
[...]
</properties>
  <testcase name="test_boolean" classname="com.jsoniter.output.TestAny" time="0"/>
  <testcase name="test_boolean" classname="com.jsoniter.output.TestAny" time="0.015"/>
  <testcase name="test_boolean" classname="com.jsoniter.output.TestAny" time="0.015"/>
  <testcase name="test_list" classname="com.jsoniter.output.TestAny" time="0">
    <error message="can not bind to generic collection without argument types, try syntax like TypeLiteral&lt;List&lt;Integer&gt;&gt;{}" type="java.lang.IllegalArgumentException"><![CDATA[java.lang.IllegalArgumentException: can not bind to generic collection without argument types, try syntax like TypeLiteral<List<Integer>>{}
	at com.jsoniter.output.TestAny.test_list(TestAny.java:114)
]]></error>
  </testcase>
  <testcase name="test_list" classname="com.jsoniter.output.TestAny" time="0.016">
    <error message="can not bind to generic collection without argument types, try syntax like TypeLiteral&lt;List&lt;Integer&gt;&gt;{}" type="java.lang.IllegalArgumentException"><![CDATA[java.lang.IllegalArgumentException: can not bind to generic collection without argument types, try syntax like TypeLiteral<List<Integer>>{}
	at com.jsoniter.output.TestAny.test_list(TestAny.java:114)
]]></error>
  </testcase>
  <testcase name="test_list" classname="com.jsoniter.output.TestAny" time="0.016">
    <error message="can not bind to generic collection without argument types, try syntax like TypeLiteral&lt;List&lt;Integer&gt;&gt;{}" type="java.lang.IllegalArgumentException"><![CDATA[java.lang.IllegalArgumentException: can not bind to generic collection without argument types, try syntax like TypeLiteral<List<Integer>>{}
	at com.jsoniter.output.TestAny.test_list(TestAny.java:114)
]]></error>
  </testcase>
  <testcase name="test_long" classname="com.jsoniter.output.TestAny" time="0.016"/>
  <testcase name="test_long" classname="com.jsoniter.output.TestAny" time="0.266"/>
  <testcase name="test_long" classname="com.jsoniter.output.TestAny" time="0.031"/>
  <testcase name="test_null" classname="com.jsoniter.output.TestAny" time="0"/>
  <testcase name="test_null" classname="com.jsoniter.output.TestAny" time="0"/>
  <testcase name="test_null" classname="com.jsoniter.output.TestAny" time="0"/>
  <testcase name="test_int" classname="com.jsoniter.output.TestAny" time="0"/>
  <testcase name="test_int" classname="com.jsoniter.output.TestAny" time="0"/>
  <testcase name="test_int" classname="com.jsoniter.output.TestAny" time="0"/>
  <testcase name="test_double" classname="com.jsoniter.output.TestAny" time="0"/>
  <testcase name="test_double" classname="com.jsoniter.output.TestAny" time="0"/>
  <testcase name="test_double" classname="com.jsoniter.output.TestAny" time="0.016"/>
  <testcase name="test_object" classname="com.jsoniter.output.TestAny" time="0"/>
  <testcase name="test_object" classname="com.jsoniter.output.TestAny" time="0"/>
  <testcase name="test_object" classname="com.jsoniter.output.TestAny" time="0"/>
  <testcase name="test_string" classname="com.jsoniter.output.TestAny" time="0"/>
  <testcase name="test_string" classname="com.jsoniter.output.TestAny" time="0"/>
  <testcase name="test_string" classname="com.jsoniter.output.TestAny" time="0.031"/>
  <testcase name="test_not_found" classname="com.jsoniter.output.TestAny" time="0.015"/>
  <testcase name="test_not_found" classname="com.jsoniter.output.TestAny" time="0.078"/>
  <testcase name="test_not_found" classname="com.jsoniter.output.TestAny" time="0.047"/>
  <testcase name="test_array" classname="com.jsoniter.output.TestAny" time="0">
    <error message="failed to generate encoder for: class [I with [], exception: java.lang.NullPointerException&#10;public static void encode_(java.lang.Object obj, com.jsoniter.output.JsonStream stream) throws java.io.IOException {&#10;int[] arr = (int[])obj;&#10;stream.writeVal((int)e);&#10;if (arr.length == 0) { return; }&#10;int i = 0;&#10;int e = arr[i++];&#10;while (i &lt; arr.length) {&#10;stream.write(&apos;,&apos;);&#10;e = arr[i++];&#10;stream.write((byte)&apos;]&apos;);&#10;stream.writeVal((int)e);&#10;}&#10;}&#10;" type="com.jsoniter.spi.JsonException"><![CDATA[com.jsoniter.spi.JsonException: 
failed to generate encoder for: class [I with [], exception: java.lang.NullPointerException
public static void encode_(java.lang.Object obj, com.jsoniter.output.JsonStream stream) throws java.io.IOException {
int[] arr = (int[])obj;
stream.writeVal((int)e);
if (arr.length == 0) { return; }
int i = 0;
int e = arr[i++];
while (i < arr.length) {
stream.write(',');
e = arr[i++];
stream.write((byte)']');
stream.writeVal((int)e);
}
}

	at com.jsoniter.output.TestAny.test_array(TestAny.java:123)
Caused by: java.lang.NullPointerException
	at com.jsoniter.output.TestAny.test_array(TestAny.java:123)
]]></error>
  </testcase>
  <testcase name="test_array" classname="com.jsoniter.output.TestAny" time="0.188">
    <error message="failed to generate encoder for: class [I with [], exception: java.lang.NullPointerException&#10;public static void encode_(java.lang.Object obj, com.jsoniter.output.JsonStream stream) throws java.io.IOException {&#10;int[] arr = (int[])obj;&#10;stream.writeVal((int)e);&#10;if (arr.length == 0) { return; }&#10;int i = 0;&#10;int e = arr[i++];&#10;while (i &lt; arr.length) {&#10;stream.write(&apos;,&apos;);&#10;e = arr[i++];&#10;stream.write((byte)&apos;]&apos;);&#10;stream.writeVal((int)e);&#10;}&#10;}&#10;" type="com.jsoniter.spi.JsonException"><![CDATA[com.jsoniter.spi.JsonException: 
failed to generate encoder for: class [I with [], exception: java.lang.NullPointerException
public static void encode_(java.lang.Object obj, com.jsoniter.output.JsonStream stream) throws java.io.IOException {
int[] arr = (int[])obj;
stream.writeVal((int)e);
if (arr.length == 0) { return; }
int i = 0;
int e = arr[i++];
while (i < arr.length) {
stream.write(',');
e = arr[i++];
stream.write((byte)']');
stream.writeVal((int)e);
}
}

	at com.jsoniter.output.TestAny.test_array(TestAny.java:123)
Caused by: java.lang.NullPointerException
	at com.jsoniter.output.TestAny.test_array(TestAny.java:123)
]]></error>
  </testcase>
  <testcase name="test_array" classname="com.jsoniter.output.TestAny" time="0.047">
    <error message="failed to generate encoder for: class [I with [], exception: java.lang.NullPointerException&#10;public static void encode_(java.lang.Object obj, com.jsoniter.output.JsonStream stream) throws java.io.IOException {&#10;int[] arr = (int[])obj;&#10;stream.writeVal((int)e);&#10;if (arr.length == 0) { return; }&#10;int i = 0;&#10;int e = arr[i++];&#10;while (i &lt; arr.length) {&#10;stream.write(&apos;,&apos;);&#10;e = arr[i++];&#10;stream.write((byte)&apos;]&apos;);&#10;stream.writeVal((int)e);&#10;}&#10;}&#10;" type="com.jsoniter.spi.JsonException"><![CDATA[com.jsoniter.spi.JsonException: 
failed to generate encoder for: class [I with [], exception: java.lang.NullPointerException
public static void encode_(java.lang.Object obj, com.jsoniter.output.JsonStream stream) throws java.io.IOException {
int[] arr = (int[])obj;
stream.writeVal((int)e);
if (arr.length == 0) { return; }
int i = 0;
int e = arr[i++];
while (i < arr.length) {
stream.write(',');
e = arr[i++];
stream.write((byte)']');
stream.writeVal((int)e);
}
}

	at com.jsoniter.output.TestAny.test_array(TestAny.java:123)
Caused by: java.lang.NullPointerException
	at com.jsoniter.output.TestAny.test_array(TestAny.java:123)
]]></error>
  </testcase>
  <testcase name="test_float" classname="com.jsoniter.output.TestAny" time="0">
    <failure message="expected:&lt;[1]00&gt; but was:&lt;[.100000]00&gt;" type="junit.framework.ComparisonFailure"><![CDATA[junit.framework.ComparisonFailure: expected:<[1]00> but was:<[.100000]00>
	at com.jsoniter.output.TestAny.test_float(TestAny.java:54)
]]></failure>
  </testcase>
  <testcase name="test_float" classname="com.jsoniter.output.TestAny" time="0">
    <failure message="expected:&lt;[1]00&gt; but was:&lt;[.100000]00&gt;" type="junit.framework.ComparisonFailure"><![CDATA[junit.framework.ComparisonFailure: expected:<[1]00> but was:<[.100000]00>
	at com.jsoniter.output.TestAny.test_float(TestAny.java:54)
]]></failure>
  </testcase>
  <testcase name="test_float" classname="com.jsoniter.output.TestAny" time="0">
    <failure message="expected:&lt;[1]00&gt; but was:&lt;[.100000]00&gt;" type="junit.framework.ComparisonFailure"><![CDATA[junit.framework.ComparisonFailure: expected:<[1]00> but was:<[.100000]00>
	at com.jsoniter.output.TestAny.test_float(TestAny.java:54)
]]></failure>
  </testcase>
</testsuite>