<?xml version="1.0" encoding="UTF-8"?>
<testsuite xmlns:xsi="http://www.w3.org/2001/XMLSchema-instance" xsi:noNamespaceSchemaLocation="https://maven.apache.org/surefire/maven-surefire-plugin/xsd/surefire-test-report.xsd" name="com.jsoniter.output.TestMap" time="0.265" tests="11" errors="11" skipped="0" failures="0">
  <properties>
[...]
</properties>
  <testcase name="test_value_is_null" classname="com.jsoniter.output.TestMap" time="0">
    <error message="Missing type parameter." type="com.jsoniter.spi.JsonException">com.jsoniter.spi.JsonException: Missing type parameter.
	at com.jsoniter.output.TestMap.test_value_is_null(TestMap.java:54)
</error>
  </testcase>
  <testcase name="test_value_is_null" classname="com.jsoniter.output.TestMap" time="0.032">
    <error message="Missing type parameter." type="com.jsoniter.spi.JsonException">com.jsoniter.spi.JsonException: Missing type parameter.
	at com.jsoniter.output.TestMap.test_value_is_null(TestMap.java:54)
</error>
  </testcase>
  <testcase name="test_value_is_null" classname="com.jsoniter.output.TestMap" time="0">
    <error message="Missing type parameter." type="com.jsoniter.spi.JsonException">com.jsoniter.spi.JsonException: Missing type parameter.
	at com.jsoniter.output.TestMap.test_value_is_null(TestMap.java:54)
</error>
  </testcase>
  <testcase name="test_value_is_null" classname="com.jsoniter.output.TestMap" time="0">
    <error message="Missing type parameter." type="com.jsoniter.spi.JsonException">com.jsoniter.spi.JsonException: Missing type parameter.
	at com.jsoniter.output.TestMap.test_value_is_null(TestMap.java:54)
</error>
  </testcase>
  <testcase name="test_multiple_keys" classname="com.jsoniter.output.TestMap" time="0.094">
    <error message="failed to generate encoder for: class java.util.HashMap with [], exception: java.lang.NullPointerException&#10;public static void encode_(java.lang.Object obj, com.jsoniter.output.JsonStream stream) throws java.io.IOException {&#10;if (obj == null) { stream.writeNull(); return; }&#10;java.util.Map map = (java.util.Map)obj;&#10;java.util.Iterator iter = map.entrySet().iterator();&#10;if(!iter.hasNext()) { return; }&#10;java.util.Map.Entry entry = (java.util.Map.Entry)iter.next();&#10;stream.writeObjectField(entry.getKey());&#10;while(iter.hasNext()) {&#10;entry = (java.util.Map.Entry)iter.next();&#10;stream.write(&apos;,&apos;);&#10;if (entry.getValue() == null) { stream.writeNull(); } else {&#10;com.jsoniter.output.CodegenAccess.writeVal(&quot;jsoniter_codegen.cfg9223372036535405691.encoder.java.lang.Object&quot;, (java.lang.Object)entry.getValue(), stream);&#10;}&#10;stream.writeObjectField(entry.getKey());&#10;stream.write((byte)&apos;}&apos;);&#10;if (entry.getValue() == null) { stream.writeNull(); } else {&#10;com.jsoniter.output.CodegenAccess.writeVal(&quot;jsoniter_codegen.cfg9223372036535405691.encoder.java.lang.Object&quot;, (java.lang.Object)entry.getValue(), stream);&#10;}&#10;}&#10;}&#10;" type="com.jsoniter.spi.JsonException">com.jsoniter.spi.JsonException: 
failed to generate encoder for: class java.util.HashMap with [], exception: java.lang.NullPointerException
public static void encode_(java.lang.Object obj, com.jsoniter.output.JsonStream stream) throws java.io.IOException {
if (obj == null) { stream.writeNull(); return; }
java.util.Map map = (java.util.Map)obj;
java.util.Iterator iter = map.entrySet().iterator();
if(!iter.hasNext()) { return; }
java.util.Map.Entry entry = (java.util.Map.Entry)iter.next();
stream.writeObjectField(entry.getKey());
while(iter.hasNext()) {
entry = (java.util.Map.Entry)iter.next();
stream.write(',');
if (entry.getValue() == null) { stream.writeNull(); } else {
com.jsoniter.output.CodegenAccess.writeVal("jsoniter_codegen.cfg9223372036535405691.encoder.java.lang.Object", (java.lang.Object)entry.getValue(), stream);
}
stream.writeObjectField(entry.getKey());
stream.write((byte)'}');
if (entry.getValue() == null) { stream.writeNull(); } else {
com.jsoniter.output.CodegenAccess.writeVal("jsoniter_codegen.cfg9223372036535405691.encoder.java.lang.Object", (java.lang.Object)entry.getValue(), stream);
}
}
}

	at com.jsoniter.output.TestMap.test_multiple_keys(TestMap.java:156)
Caused by: java.lang.NullPointerException
	at com.jsoniter.output.TestMap.test_multiple_keys(TestMap.java:156)
</error>
  </testcase>
  <testcase name="test_multiple_keys" classname="com.jsoniter.output.TestMap" time="0">
    <error message="failed to generate encoder for: class java.util.HashMap with [], exception: java.lang.NullPointerException&#10;public static void encode_(java.lang.Object obj, com.jsoniter.output.JsonStream stream) throws java.io.IOException {&#10;if (obj == null) { stream.writeNull(); return; }&#10;java.util.Map map = (java.util.Map)obj;&#10;java.util.Iterator iter = map.entrySet().iterator();&#10;if(!iter.hasNext()) { return; }&#10;java.util.Map.Entry entry = (java.util.Map.Entry)iter.next();&#10;stream.writeObjectField(entry.getKey());&#10;while(iter.hasNext()) {&#10;entry = (java.util.Map.Entry)iter.next();&#10;stream.write(&apos;,&apos;);&#10;if (entry.getValue() == null) { stream.writeNull(); } else {&#10;com.jsoniter.output.CodegenAccess.writeVal(&quot;jsoniter_codegen.cfg1830135045.encoder.java.lang.Object&quot;, (java.lang.Object)entry.getValue(), stream);&#10;}&#10;stream.writeObjectField(entry.getKey());&#10;stream.write((byte)&apos;}&apos;);&#10;if (entry.getValue() == null) { stream.writeNull(); } else {&#10;com.jsoniter.output.CodegenAccess.writeVal(&quot;jsoniter_codegen.cfg1830135045.encoder.java.lang.Object&quot;, (java.lang.Object)entry.getValue(), stream);&#10;}&#10;}&#10;}&#10;" type="com.jsoniter.spi.JsonException">com.jsoniter.spi.JsonException: 
failed to generate encoder for: class java.util.HashMap with [], exception: java.lang.NullPointerException
public static void encode_(java.lang.Object obj, com.jsoniter.output.JsonStream stream) throws java.io.IOException {
if (obj == null) { stream.writeNull(); return; }
java.util.Map map = (java.util.Map)obj;
java.util.Iterator iter = map.entrySet().iterator();
if(!iter.hasNext()) { return; }
java.util.Map.Entry entry = (java.util.Map.Entry)iter.next();
stream.writeObjectField(entry.getKey());
while(iter.hasNext()) {
entry = (java.util.Map.Entry)iter.next();
stream.write(',');
if (entry.getValue() == null) { stream.writeNull(); } else {
com.jsoniter.output.CodegenAccess.writeVal("jsoniter_codegen.cfg1830135045.encoder.java.lang.Object", (java.lang.Object)entry.getValue(), stream);
}
stream.writeObjectField(entry.getKey());
stream.write((byte)'}');
if (entry.getValue() == null) { stream.writeNull(); } else {
com.jsoniter.output.CodegenAccess.writeVal("jsoniter_codegen.cfg1830135045.encoder.java.lang.Object", (java.lang.Object)entry.getValue(), stream);
}
}
}

	at com.jsoniter.output.TestMap.test_multiple_keys(TestMap.java:156)
Caused by: java.lang.NullPointerException
	at com.jsoniter.output.TestMap.test_multiple_keys(TestMap.java:156)
</error>
  </testcase>
  <testcase name="test_multiple_keys" classname="com.jsoniter.output.TestMap" time="0.219">
    <error message="failed to generate encoder for: class java.util.HashMap with [], exception: java.lang.NullPointerException&#10;public static void encode_(java.lang.Object obj, com.jsoniter.output.JsonStream stream) throws java.io.IOException {&#10;if (obj == null) { stream.writeNull(); return; }&#10;java.util.Map map = (java.util.Map)obj;&#10;java.util.Iterator iter = map.entrySet().iterator();&#10;if(!iter.hasNext()) { return; }&#10;java.util.Map.Entry entry = (java.util.Map.Entry)iter.next();&#10;stream.writeObjectField(entry.getKey());&#10;while(iter.hasNext()) {&#10;entry = (java.util.Map.Entry)iter.next();&#10;stream.write(&apos;,&apos;);&#10;if (entry.getValue() == null) { stream.writeNull(); } else {&#10;com.jsoniter.output.CodegenAccess.writeVal(&quot;jsoniter_codegen.cfg9223372034806973682.encoder.java.lang.Object&quot;, (java.lang.Object)entry.getValue(), stream);&#10;}&#10;stream.writeObjectField(entry.getKey());&#10;stream.write((byte)&apos;}&apos;);&#10;if (entry.getValue() == null) { stream.writeNull(); } else {&#10;com.jsoniter.output.CodegenAccess.writeVal(&quot;jsoniter_codegen.cfg9223372034806973682.encoder.java.lang.Object&quot;, (java.lang.Object)entry.getValue(), stream);&#10;}&#10;}&#10;}&#10;" type="com.jsoniter.spi.JsonException">com.jsoniter.spi.JsonException: 
failed to generate encoder for: class java.util.HashMap with [], exception: java.lang.NullPointerException
public static void encode_(java.lang.Object obj, com.jsoniter.output.JsonStream stream) throws java.io.IOException {
if (obj == null) { stream.writeNull(); return; }
java.util.Map map = (java.util.Map)obj;
java.util.Iterator iter = map.entrySet().iterator();
if(!iter.hasNext()) { return; }
java.util.Map.Entry entry = (java.util.Map.Entry)iter.next();
stream.writeObjectField(entry.getKey());
while(iter.hasNext()) {
entry = (java.util.Map.Entry)iter.next();
stream.write(',');
if (entry.getValue() == null) { stream.writeNull(); } else {
com.jsoniter.output.CodegenAccess.writeVal("jsoniter_codegen.cfg9223372034806973682.encoder.java.lang.Object", (java.lang.Object)entry.getValue(), stream);
}
stream.writeObjectField(entry.getKey());
stream.write((byte)'}');
if (entry.getValue() == null) { stream.writeNull(); } else {
com.jsoniter.output.CodegenAccess.writeVal("jsoniter_codegen.cfg9223372034806973682.encoder.java.lang.Object", (java.lang.Object)entry.getValue(), stream);
}
}
}

	at com.jsoniter.output.TestMap.test_multiple_keys(TestMap.java:156)
Caused by: java.lang.NullPointerException
	at com.jsoniter.output.TestMap.test_multiple_keys(TestMap.java:156)
</error>
  </testcase>
  <testcase name="test_multiple_keys" classname="com.jsoniter.output.TestMap" time="0.187">
    <error message="failed to generate encoder for: class java.util.HashMap with [], exception: java.lang.NullPointerException&#10;public static void encode_(java.lang.Object obj, com.jsoniter.output.JsonStream stream) throws java.io.IOException {&#10;if (obj == null) { stream.writeNull(); return; }&#10;java.util.Map map = (java.util.Map)obj;&#10;java.util.Iterator iter = map.entrySet().iterator();&#10;if(!iter.hasNext()) { return; }&#10;java.util.Map.Entry entry = (java.util.Map.Entry)iter.next();&#10;stream.writeObjectField(entry.getKey());&#10;while(iter.hasNext()) {&#10;entry = (java.util.Map.Entry)iter.next();&#10;stream.write(&apos;,&apos;);&#10;if (entry.getValue() == null) { stream.writeNull(); } else {&#10;com.jsoniter.output.CodegenAccess.writeVal(&quot;jsoniter_codegen.cfg1830135045.encoder.java.lang.Object&quot;, (java.lang.Object)entry.getValue(), stream);&#10;}&#10;stream.writeObjectField(entry.getKey());&#10;stream.write((byte)&apos;}&apos;);&#10;if (entry.getValue() == null) { stream.writeNull(); } else {&#10;com.jsoniter.output.CodegenAccess.writeVal(&quot;jsoniter_codegen.cfg1830135045.encoder.java.lang.Object&quot;, (java.lang.Object)entry.getValue(), stream);&#10;}&#10;}&#10;}&#10;" type="com.jsoniter.spi.JsonException">com.jsoniter.spi.JsonException: 
failed to generate encoder for: class java.util.HashMap with [], exception: java.lang.NullPointerException
public static void encode_(java.lang.Object obj, com.jsoniter.output.JsonStream stream) throws java.io.IOException {
if (obj == null) { stream.writeNull(); return; }
java.util.Map map = (java.util.Map)obj;
java.util.Iterator iter = map.entrySet().iterator();
if(!iter.hasNext()) { return; }
java.util.Map.Entry entry = (java.util.Map.Entry)iter.next();
stream.writeObjectField(entry.getKey());
while(iter.hasNext()) {
entry = (java.util.Map.Entry)iter.next();
stream.write(',');
if (entry.getValue() == null) { stream.writeNull(); } else {
com.jsoniter.output.CodegenAccess.writeVal("jsoniter_codegen.cfg1830135045.encoder.java.lang.Object", (java.lang.Object)entry.getValue(), stream);
}
stream.writeObjectField(entry.getKey());
stream.write((byte)'}');
if (entry.getValue() == null) { stream.writeNull(); } else {
com.jsoniter.output.CodegenAccess.writeVal("jsoniter_codegen.cfg1830135045.encoder.java.lang.Object", (java.lang.Object)entry.getValue(), stream);
}
}
}

	at com.jsoniter.output.TestMap.test_multiple_keys(TestMap.java:156)
Caused by: java.lang.NullPointerException
	at com.jsoniter.output.TestMap.test_multiple_keys(TestMap.java:156)
</error>
  </testcase>
  <testcase name="test_null" classname="com.jsoniter.output.TestMap" time="0">
    <error message="Missing type parameter." type="com.jsoniter.spi.JsonException">com.jsoniter.spi.JsonException: Missing type parameter.
	at com.jsoniter.output.TestMap.test_null(TestMap.java:45)
</error>
  </testcase>
  <testcase name="test_null" classname="com.jsoniter.output.TestMap" time="0">
    <error message="Missing type parameter." type="com.jsoniter.spi.JsonException">com.jsoniter.spi.JsonException: Missing type parameter.
	at com.jsoniter.output.TestMap.test_null(TestMap.java:45)
</error>
  </testcase>
  <testcase name="test_null" classname="com.jsoniter.output.TestMap" time="0">
    <error message="Missing type parameter." type="com.jsoniter.spi.JsonException">com.jsoniter.spi.JsonException: Missing type parameter.
	at com.jsoniter.output.TestMap.test_null(TestMap.java:45)
</error>
  </testcase>
  <testcase name="test_null" classname="com.jsoniter.output.TestMap" time="0">
    <error message="Missing type parameter." type="com.jsoniter.spi.JsonException">com.jsoniter.spi.JsonException: Missing type parameter.
	at com.jsoniter.output.TestMap.test_null(TestMap.java:45)
</error>
  </testcase>
  <testcase name="test_indention_with_empty_map" classname="com.jsoniter.output.TestMap" time="0.312">
    <error message="failed to generate encoder for: class java.util.HashMap with [], exception: java.lang.NullPointerException&#10;public static void encode_(java.lang.Object obj, com.jsoniter.output.JsonStream stream) throws java.io.IOException {&#10;if (obj == null) { stream.writeNull(); return; }&#10;java.util.Map map = (java.util.Map)obj;&#10;java.util.Iterator iter = map.entrySet().iterator();&#10;if(!iter.hasNext()) { stream.write((byte)&apos;{&apos;, (byte)&apos;}&apos;); return; }&#10;java.util.Map.Entry entry = (java.util.Map.Entry)iter.next();&#10;stream.writeObjectStart(); stream.writeIndention();&#10;stream.writeObjectField(entry.getKey());&#10;while(iter.hasNext()) {&#10;entry = (java.util.Map.Entry)iter.next();&#10;stream.writeMore();&#10;if (entry.getValue() == null) { stream.writeNull(); } else {&#10;stream.writeVal((java.lang.Object)entry.getValue());&#10;}&#10;stream.writeObjectField(entry.getKey());&#10;stream.writeObjectEnd();&#10;if (entry.getValue() == null) { stream.writeNull(); } else {&#10;stream.writeVal((java.lang.Object)entry.getValue());&#10;}&#10;}&#10;}&#10;" type="com.jsoniter.spi.JsonException">com.jsoniter.spi.JsonException: 
failed to generate encoder for: class java.util.HashMap with [], exception: java.lang.NullPointerException
public static void encode_(java.lang.Object obj, com.jsoniter.output.JsonStream stream) throws java.io.IOException {
if (obj == null) { stream.writeNull(); return; }
java.util.Map map = (java.util.Map)obj;
java.util.Iterator iter = map.entrySet().iterator();
if(!iter.hasNext()) { stream.write((byte)'{', (byte)'}'); return; }
java.util.Map.Entry entry = (java.util.Map.Entry)iter.next();
stream.writeObjectStart(); stream.writeIndention();
stream.writeObjectField(entry.getKey());
while(iter.hasNext()) {
entry = (java.util.Map.Entry)iter.next();
stream.writeMore();
if (entry.getValue() == null) { stream.writeNull(); } else {
stream.writeVal((java.lang.Object)entry.getValue());
}
stream.writeObjectField(entry.getKey());
stream.writeObjectEnd();
if (entry.getValue() == null) { stream.writeNull(); } else {
stream.writeVal((java.lang.Object)entry.getValue());
}
}
}

	at com.jsoniter.output.TestMap.test_indention_with_empty_map(TestMap.java:130)
Caused by: java.lang.NullPointerException
	at com.jsoniter.output.TestMap.test_indention_with_empty_map(TestMap.java:130)
</error>
  </testcase>
  <testcase name="test_indention_with_empty_map" classname="com.jsoniter.output.TestMap" time="0.015">
    <error message="failed to generate encoder for: class java.util.HashMap with [], exception: java.lang.NullPointerException&#10;public static void encode_(java.lang.Object obj, com.jsoniter.output.JsonStream stream) throws java.io.IOException {&#10;if (obj == null) { stream.writeNull(); return; }&#10;java.util.Map map = (java.util.Map)obj;&#10;java.util.Iterator iter = map.entrySet().iterator();&#10;if(!iter.hasNext()) { stream.write((byte)&apos;{&apos;, (byte)&apos;}&apos;); return; }&#10;java.util.Map.Entry entry = (java.util.Map.Entry)iter.next();&#10;stream.writeObjectStart(); stream.writeIndention();&#10;stream.writeObjectField(entry.getKey());&#10;while(iter.hasNext()) {&#10;entry = (java.util.Map.Entry)iter.next();&#10;stream.writeMore();&#10;if (entry.getValue() == null) { stream.writeNull(); } else {&#10;stream.writeVal((java.lang.Object)entry.getValue());&#10;}&#10;stream.writeObjectField(entry.getKey());&#10;stream.writeObjectEnd();&#10;if (entry.getValue() == null) { stream.writeNull(); } else {&#10;stream.writeVal((java.lang.Object)entry.getValue());&#10;}&#10;}&#10;}&#10;" type="com.jsoniter.spi.JsonException">com.jsoniter.spi.JsonException: 
failed to generate encoder for: class java.util.HashMap with [], exception: java.lang.NullPointerException
public static void encode_(java.lang.Object obj, com.jsoniter.output.JsonStream stream) throws java.io.IOException {
if (obj == null) { stream.writeNull(); return; }
java.util.Map map = (java.util.Map)obj;
java.util.Iterator iter = map.entrySet().iterator();
if(!iter.hasNext()) { stream.write((byte)'{', (byte)'}'); return; }
java.util.Map.Entry entry = (java.util.Map.Entry)iter.next();
stream.writeObjectStart(); stream.writeIndention();
stream.writeObjectField(entry.getKey());
while(iter.hasNext()) {
entry = (java.util.Map.Entry)iter.next();
stream.writeMore();
if (entry.getValue() == null) { stream.writeNull(); } else {
stream.writeVal((java.lang.Object)entry.getValue());
}
stream.writeObjectField(entry.getKey());
stream.writeObjectEnd();
if (entry.getValue() == null) { stream.writeNull(); } else {
stream.writeVal((java.lang.Object)entry.getValue());
}
}
}

	at com.jsoniter.output.TestMap.test_indention_with_empty_map(TestMap.java:130)
Caused by: java.lang.NullPointerException
	at com.jsoniter.output.TestMap.test_indention_with_empty_map(TestMap.java:130)
</error>
  </testcase>
  <testcase name="test_indention_with_empty_map" classname="com.jsoniter.output.TestMap" time="0.328">
    <error message="failed to generate encoder for: class java.util.HashMap with [], exception: java.lang.NullPointerException&#10;public static void encode_(java.lang.Object obj, com.jsoniter.output.JsonStream stream) throws java.io.IOException {&#10;if (obj == null) { stream.writeNull(); return; }&#10;java.util.Map map = (java.util.Map)obj;&#10;java.util.Iterator iter = map.entrySet().iterator();&#10;if(!iter.hasNext()) { stream.write((byte)&apos;{&apos;, (byte)&apos;}&apos;); return; }&#10;java.util.Map.Entry entry = (java.util.Map.Entry)iter.next();&#10;stream.writeObjectStart(); stream.writeIndention();&#10;stream.writeObjectField(entry.getKey());&#10;while(iter.hasNext()) {&#10;entry = (java.util.Map.Entry)iter.next();&#10;stream.writeMore();&#10;if (entry.getValue() == null) { stream.writeNull(); } else {&#10;stream.writeVal((java.lang.Object)entry.getValue());&#10;}&#10;stream.writeObjectField(entry.getKey());&#10;stream.writeObjectEnd();&#10;if (entry.getValue() == null) { stream.writeNull(); } else {&#10;stream.writeVal((java.lang.Object)entry.getValue());&#10;}&#10;}&#10;}&#10;" type="com.jsoniter.spi.JsonException">com.jsoniter.spi.JsonException: 
failed to generate encoder for: class java.util.HashMap with [], exception: java.lang.NullPointerException
public static void encode_(java.lang.Object obj, com.jsoniter.output.JsonStream stream) throws java.io.IOException {
if (obj == null) { stream.writeNull(); return; }
java.util.Map map = (java.util.Map)obj;
java.util.Iterator iter = map.entrySet().iterator();
if(!iter.hasNext()) { stream.write((byte)'{', (byte)'}'); return; }
java.util.Map.Entry entry = (java.util.Map.Entry)iter.next();
stream.writeObjectStart(); stream.writeIndention();
stream.writeObjectField(entry.getKey());
while(iter.hasNext()) {
entry = (java.util.Map.Entry)iter.next();
stream.writeMore();
if (entry.getValue() == null) { stream.writeNull(); } else {
stream.writeVal((java.lang.Object)entry.getValue());
}
stream.writeObjectField(entry.getKey());
stream.writeObjectEnd();
if (entry.getValue() == null) { stream.writeNull(); } else {
stream.writeVal((java.lang.Object)entry.getValue());
}
}
}

	at com.jsoniter.output.TestMap.test_indention_with_empty_map(TestMap.java:130)
Caused by: java.lang.NullPointerException
	at com.jsoniter.output.TestMap.test_indention_with_empty_map(TestMap.java:130)
</error>
  </testcase>
  <testcase name="test_indention_with_empty_map" classname="com.jsoniter.output.TestMap" time="0">
    <error message="failed to generate encoder for: class java.util.HashMap with [], exception: java.lang.NullPointerException&#10;public static void encode_(java.lang.Object obj, com.jsoniter.output.JsonStream stream) throws java.io.IOException {&#10;if (obj == null) { stream.writeNull(); return; }&#10;java.util.Map map = (java.util.Map)obj;&#10;java.util.Iterator iter = map.entrySet().iterator();&#10;if(!iter.hasNext()) { stream.write((byte)&apos;{&apos;, (byte)&apos;}&apos;); return; }&#10;java.util.Map.Entry entry = (java.util.Map.Entry)iter.next();&#10;stream.writeObjectStart(); stream.writeIndention();&#10;stream.writeObjectField(entry.getKey());&#10;while(iter.hasNext()) {&#10;entry = (java.util.Map.Entry)iter.next();&#10;stream.writeMore();&#10;if (entry.getValue() == null) { stream.writeNull(); } else {&#10;stream.writeVal((java.lang.Object)entry.getValue());&#10;}&#10;stream.writeObjectField(entry.getKey());&#10;stream.writeObjectEnd();&#10;if (entry.getValue() == null) { stream.writeNull(); } else {&#10;stream.writeVal((java.lang.Object)entry.getValue());&#10;}&#10;}&#10;}&#10;" type="com.jsoniter.spi.JsonException">com.jsoniter.spi.JsonException: 
failed to generate encoder for: class java.util.HashMap with [], exception: java.lang.NullPointerException
public static void encode_(java.lang.Object obj, com.jsoniter.output.JsonStream stream) throws java.io.IOException {
if (obj == null) { stream.writeNull(); return; }
java.util.Map map = (java.util.Map)obj;
java.util.Iterator iter = map.entrySet().iterator();
if(!iter.hasNext()) { stream.write((byte)'{', (byte)'}'); return; }
java.util.Map.Entry entry = (java.util.Map.Entry)iter.next();
stream.writeObjectStart(); stream.writeIndention();
stream.writeObjectField(entry.getKey());
while(iter.hasNext()) {
entry = (java.util.Map.Entry)iter.next();
stream.writeMore();
if (entry.getValue() == null) { stream.writeNull(); } else {
stream.writeVal((java.lang.Object)entry.getValue());
}
stream.writeObjectField(entry.getKey());
stream.writeObjectEnd();
if (entry.getValue() == null) { stream.writeNull(); } else {
stream.writeVal((java.lang.Object)entry.getValue());
}
}
}

	at com.jsoniter.output.TestMap.test_indention_with_empty_map(TestMap.java:130)
Caused by: java.lang.NullPointerException
	at com.jsoniter.output.TestMap.test_indention_with_empty_map(TestMap.java:130)
</error>
  </testcase>
  <testcase name="test_object_key" classname="com.jsoniter.output.TestMap" time="0">
    <error message="failed to generate encoder for: class java.util.HashMap with [], exception: java.lang.NullPointerException&#10;public static void encode_(java.lang.Object obj, com.jsoniter.output.JsonStream stream) throws java.io.IOException {&#10;if (obj == null) { stream.writeNull(); return; }&#10;java.util.Map map = (java.util.Map)obj;&#10;java.util.Iterator iter = map.entrySet().iterator();&#10;if(!iter.hasNext()) { return; }&#10;java.util.Map.Entry entry = (java.util.Map.Entry)iter.next();&#10;stream.writeObjectField(entry.getKey());&#10;while(iter.hasNext()) {&#10;entry = (java.util.Map.Entry)iter.next();&#10;stream.write(&apos;,&apos;);&#10;if (entry.getValue() == null) { stream.writeNull(); } else {&#10;com.jsoniter.output.CodegenAccess.writeVal(&quot;jsoniter_codegen.cfg9223372036535405691.encoder.java.lang.Object&quot;, (java.lang.Object)entry.getValue(), stream);&#10;}&#10;stream.writeObjectField(entry.getKey());&#10;stream.write((byte)&apos;}&apos;);&#10;if (entry.getValue() == null) { stream.writeNull(); } else {&#10;com.jsoniter.output.CodegenAccess.writeVal(&quot;jsoniter_codegen.cfg9223372036535405691.encoder.java.lang.Object&quot;, (java.lang.Object)entry.getValue(), stream);&#10;}&#10;}&#10;}&#10;" type="com.jsoniter.spi.JsonException">com.jsoniter.spi.JsonException: 
failed to generate encoder for: class java.util.HashMap with [], exception: java.lang.NullPointerException
public static void encode_(java.lang.Object obj, com.jsoniter.output.JsonStream stream) throws java.io.IOException {
if (obj == null) { stream.writeNull(); return; }
java.util.Map map = (java.util.Map)obj;
java.util.Iterator iter = map.entrySet().iterator();
if(!iter.hasNext()) { return; }
java.util.Map.Entry entry = (java.util.Map.Entry)iter.next();
stream.writeObjectField(entry.getKey());
while(iter.hasNext()) {
entry = (java.util.Map.Entry)iter.next();
stream.write(',');
if (entry.getValue() == null) { stream.writeNull(); } else {
com.jsoniter.output.CodegenAccess.writeVal("jsoniter_codegen.cfg9223372036535405691.encoder.java.lang.Object", (java.lang.Object)entry.getValue(), stream);
}
stream.writeObjectField(entry.getKey());
stream.write((byte)'}');
if (entry.getValue() == null) { stream.writeNull(); } else {
com.jsoniter.output.CodegenAccess.writeVal("jsoniter_codegen.cfg9223372036535405691.encoder.java.lang.Object", (java.lang.Object)entry.getValue(), stream);
}
}
}

	at com.jsoniter.output.TestMap.test_object_key(TestMap.java:148)
Caused by: java.lang.NullPointerException
	at com.jsoniter.output.TestMap.test_object_key(TestMap.java:148)
</error>
  </testcase>
  <testcase name="test_object_key" classname="com.jsoniter.output.TestMap" time="0">
    <error message="failed to generate encoder for: class java.util.HashMap with [], exception: java.lang.NullPointerException&#10;public static void encode_(java.lang.Object obj, com.jsoniter.output.JsonStream stream) throws java.io.IOException {&#10;if (obj == null) { stream.writeNull(); return; }&#10;java.util.Map map = (java.util.Map)obj;&#10;java.util.Iterator iter = map.entrySet().iterator();&#10;if(!iter.hasNext()) { return; }&#10;java.util.Map.Entry entry = (java.util.Map.Entry)iter.next();&#10;stream.writeObjectField(entry.getKey());&#10;while(iter.hasNext()) {&#10;entry = (java.util.Map.Entry)iter.next();&#10;stream.write(&apos;,&apos;);&#10;if (entry.getValue() == null) { stream.writeNull(); } else {&#10;com.jsoniter.output.CodegenAccess.writeVal(&quot;jsoniter_codegen.cfg1830135045.encoder.java.lang.Object&quot;, (java.lang.Object)entry.getValue(), stream);&#10;}&#10;stream.writeObjectField(entry.getKey());&#10;stream.write((byte)&apos;}&apos;);&#10;if (entry.getValue() == null) { stream.writeNull(); } else {&#10;com.jsoniter.output.CodegenAccess.writeVal(&quot;jsoniter_codegen.cfg1830135045.encoder.java.lang.Object&quot;, (java.lang.Object)entry.getValue(), stream);&#10;}&#10;}&#10;}&#10;" type="com.jsoniter.spi.JsonException">com.jsoniter.spi.JsonException: 
failed to generate encoder for: class java.util.HashMap with [], exception: java.lang.NullPointerException
public static void encode_(java.lang.Object obj, com.jsoniter.output.JsonStream stream) throws java.io.IOException {
if (obj == null) { stream.writeNull(); return; }
java.util.Map map = (java.util.Map)obj;
java.util.Iterator iter = map.entrySet().iterator();
if(!iter.hasNext()) { return; }
java.util.Map.Entry entry = (java.util.Map.Entry)iter.next();
stream.writeObjectField(entry.getKey());
while(iter.hasNext()) {
entry = (java.util.Map.Entry)iter.next();
stream.write(',');
if (entry.getValue() == null) { stream.writeNull(); } else {
com.jsoniter.output.CodegenAccess.writeVal("jsoniter_codegen.cfg1830135045.encoder.java.lang.Object", (java.lang.Object)entry.getValue(), stream);
}
stream.writeObjectField(entry.getKey());
stream.write((byte)'}');
if (entry.getValue() == null) { stream.writeNull(); } else {
com.jsoniter.output.CodegenAccess.writeVal("jsoniter_codegen.cfg1830135045.encoder.java.lang.Object", (java.lang.Object)entry.getValue(), stream);
}
}
}

	at com.jsoniter.output.TestMap.test_object_key(TestMap.java:148)
Caused by: java.lang.NullPointerException
	at com.jsoniter.output.TestMap.test_object_key(TestMap.java:148)
</error>
  </testcase>
  <testcase name="test_object_key" classname="com.jsoniter.output.TestMap" time="0">
    <error message="failed to generate encoder for: class java.util.HashMap with [], exception: java.lang.NullPointerException&#10;public static void encode_(java.lang.Object obj, com.jsoniter.output.JsonStream stream) throws java.io.IOException {&#10;if (obj == null) { stream.writeNull(); return; }&#10;java.util.Map map = (java.util.Map)obj;&#10;java.util.Iterator iter = map.entrySet().iterator();&#10;if(!iter.hasNext()) { return; }&#10;java.util.Map.Entry entry = (java.util.Map.Entry)iter.next();&#10;stream.writeObjectField(entry.getKey());&#10;while(iter.hasNext()) {&#10;entry = (java.util.Map.Entry)iter.next();&#10;stream.write(&apos;,&apos;);&#10;if (entry.getValue() == null) { stream.writeNull(); } else {&#10;com.jsoniter.output.CodegenAccess.writeVal(&quot;jsoniter_codegen.cfg9223372034806973682.encoder.java.lang.Object&quot;, (java.lang.Object)entry.getValue(), stream);&#10;}&#10;stream.writeObjectField(entry.getKey());&#10;stream.write((byte)&apos;}&apos;);&#10;if (entry.getValue() == null) { stream.writeNull(); } else {&#10;com.jsoniter.output.CodegenAccess.writeVal(&quot;jsoniter_codegen.cfg9223372034806973682.encoder.java.lang.Object&quot;, (java.lang.Object)entry.getValue(), stream);&#10;}&#10;}&#10;}&#10;" type="com.jsoniter.spi.JsonException">com.jsoniter.spi.JsonException: 
failed to generate encoder for: class java.util.HashMap with [], exception: java.lang.NullPointerException
public static void encode_(java.lang.Object obj, com.jsoniter.output.JsonStream stream) throws java.io.IOException {
if (obj == null) { stream.writeNull(); return; }
java.util.Map map = (java.util.Map)obj;
java.util.Iterator iter = map.entrySet().iterator();
if(!iter.hasNext()) { return; }
java.util.Map.Entry entry = (java.util.Map.Entry)iter.next();
stream.writeObjectField(entry.getKey());
while(iter.hasNext()) {
entry = (java.util.Map.Entry)iter.next();
stream.write(',');
if (entry.getValue() == null) { stream.writeNull(); } else {
com.jsoniter.output.CodegenAccess.writeVal("jsoniter_codegen.cfg9223372034806973682.encoder.java.lang.Object", (java.lang.Object)entry.getValue(), stream);
}
stream.writeObjectField(entry.getKey());
stream.write((byte)'}');
if (entry.getValue() == null) { stream.writeNull(); } else {
com.jsoniter.output.CodegenAccess.writeVal("jsoniter_codegen.cfg9223372034806973682.encoder.java.lang.Object", (java.lang.Object)entry.getValue(), stream);
}
}
}

	at com.jsoniter.output.TestMap.test_object_key(TestMap.java:148)
Caused by: java.lang.NullPointerException
	at com.jsoniter.output.TestMap.test_object_key(TestMap.java:148)
</error>
  </testcase>
  <testcase name="test_object_key" classname="com.jsoniter.output.TestMap" time="0">
    <error message="failed to generate encoder for: class java.util.HashMap with [], exception: java.lang.NullPointerException&#10;public static void encode_(java.lang.Object obj, com.jsoniter.output.JsonStream stream) throws java.io.IOException {&#10;if (obj == null) { stream.writeNull(); return; }&#10;java.util.Map map = (java.util.Map)obj;&#10;java.util.Iterator iter = map.entrySet().iterator();&#10;if(!iter.hasNext()) { return; }&#10;java.util.Map.Entry entry = (java.util.Map.Entry)iter.next();&#10;stream.writeObjectField(entry.getKey());&#10;while(iter.hasNext()) {&#10;entry = (java.util.Map.Entry)iter.next();&#10;stream.write(&apos;,&apos;);&#10;if (entry.getValue() == null) { stream.writeNull(); } else {&#10;com.jsoniter.output.CodegenAccess.writeVal(&quot;jsoniter_codegen.cfg1830135045.encoder.java.lang.Object&quot;, (java.lang.Object)entry.getValue(), stream);&#10;}&#10;stream.writeObjectField(entry.getKey());&#10;stream.write((byte)&apos;}&apos;);&#10;if (entry.getValue() == null) { stream.writeNull(); } else {&#10;com.jsoniter.output.CodegenAccess.writeVal(&quot;jsoniter_codegen.cfg1830135045.encoder.java.lang.Object&quot;, (java.lang.Object)entry.getValue(), stream);&#10;}&#10;}&#10;}&#10;" type="com.jsoniter.spi.JsonException">com.jsoniter.spi.JsonException: 
failed to generate encoder for: class java.util.HashMap with [], exception: java.lang.NullPointerException
public static void encode_(java.lang.Object obj, com.jsoniter.output.JsonStream stream) throws java.io.IOException {
if (obj == null) { stream.writeNull(); return; }
java.util.Map map = (java.util.Map)obj;
java.util.Iterator iter = map.entrySet().iterator();
if(!iter.hasNext()) { return; }
java.util.Map.Entry entry = (java.util.Map.Entry)iter.next();
stream.writeObjectField(entry.getKey());
while(iter.hasNext()) {
entry = (java.util.Map.Entry)iter.next();
stream.write(',');
if (entry.getValue() == null) { stream.writeNull(); } else {
com.jsoniter.output.CodegenAccess.writeVal("jsoniter_codegen.cfg1830135045.encoder.java.lang.Object", (java.lang.Object)entry.getValue(), stream);
}
stream.writeObjectField(entry.getKey());
stream.write((byte)'}');
if (entry.getValue() == null) { stream.writeNull(); } else {
com.jsoniter.output.CodegenAccess.writeVal("jsoniter_codegen.cfg1830135045.encoder.java.lang.Object", (java.lang.Object)entry.getValue(), stream);
}
}
}

	at com.jsoniter.output.TestMap.test_object_key(TestMap.java:148)
Caused by: java.lang.NullPointerException
	at com.jsoniter.output.TestMap.test_object_key(TestMap.java:148)
</error>
  </testcase>
  <testcase name="test" classname="com.jsoniter.output.TestMap" time="0">
    <error message="failed to generate encoder for: class java.util.HashMap with [], exception: java.lang.NullPointerException&#10;public static void encode_(java.lang.Object obj, com.jsoniter.output.JsonStream stream) throws java.io.IOException {&#10;if (obj == null) { stream.writeNull(); return; }&#10;java.util.Map map = (java.util.Map)obj;&#10;java.util.Iterator iter = map.entrySet().iterator();&#10;if(!iter.hasNext()) { return; }&#10;java.util.Map.Entry entry = (java.util.Map.Entry)iter.next();&#10;stream.writeObjectField(entry.getKey());&#10;while(iter.hasNext()) {&#10;entry = (java.util.Map.Entry)iter.next();&#10;stream.write(&apos;,&apos;);&#10;if (entry.getValue() == null) { stream.writeNull(); } else {&#10;com.jsoniter.output.CodegenAccess.writeVal(&quot;jsoniter_codegen.cfg9223372036535405691.encoder.java.lang.Object&quot;, (java.lang.Object)entry.getValue(), stream);&#10;}&#10;stream.writeObjectField(entry.getKey());&#10;stream.write((byte)&apos;}&apos;);&#10;if (entry.getValue() == null) { stream.writeNull(); } else {&#10;com.jsoniter.output.CodegenAccess.writeVal(&quot;jsoniter_codegen.cfg9223372036535405691.encoder.java.lang.Object&quot;, (java.lang.Object)entry.getValue(), stream);&#10;}&#10;}&#10;}&#10;" type="com.jsoniter.spi.JsonException">com.jsoniter.spi.JsonException: 
failed to generate encoder for: class java.util.HashMap with [], exception: java.lang.NullPointerException
public static void encode_(java.lang.Object obj, com.jsoniter.output.JsonStream stream) throws java.io.IOException {
if (obj == null) { stream.writeNull(); return; }
java.util.Map map = (java.util.Map)obj;
java.util.Iterator iter = map.entrySet().iterator();
if(!iter.hasNext()) { return; }
java.util.Map.Entry entry = (java.util.Map.Entry)iter.next();
stream.writeObjectField(entry.getKey());
while(iter.hasNext()) {
entry = (java.util.Map.Entry)iter.next();
stream.write(',');
if (entry.getValue() == null) { stream.writeNull(); } else {
com.jsoniter.output.CodegenAccess.writeVal("jsoniter_codegen.cfg9223372036535405691.encoder.java.lang.Object", (java.lang.Object)entry.getValue(), stream);
}
stream.writeObjectField(entry.getKey());
stream.write((byte)'}');
if (entry.getValue() == null) { stream.writeNull(); } else {
com.jsoniter.output.CodegenAccess.writeVal("jsoniter_codegen.cfg9223372036535405691.encoder.java.lang.Object", (java.lang.Object)entry.getValue(), stream);
}
}
}

	at com.jsoniter.output.TestMap.test(TestMap.java:32)
Caused by: java.lang.NullPointerException
	at com.jsoniter.output.TestMap.test(TestMap.java:32)
</error>
  </testcase>
  <testcase name="test" classname="com.jsoniter.output.TestMap" time="0">
    <error message="failed to generate encoder for: class java.util.HashMap with [], exception: java.lang.NullPointerException&#10;public static void encode_(java.lang.Object obj, com.jsoniter.output.JsonStream stream) throws java.io.IOException {&#10;if (obj == null) { stream.writeNull(); return; }&#10;java.util.Map map = (java.util.Map)obj;&#10;java.util.Iterator iter = map.entrySet().iterator();&#10;if(!iter.hasNext()) { return; }&#10;java.util.Map.Entry entry = (java.util.Map.Entry)iter.next();&#10;stream.writeObjectField(entry.getKey());&#10;while(iter.hasNext()) {&#10;entry = (java.util.Map.Entry)iter.next();&#10;stream.write(&apos;,&apos;);&#10;if (entry.getValue() == null) { stream.writeNull(); } else {&#10;com.jsoniter.output.CodegenAccess.writeVal(&quot;jsoniter_codegen.cfg1830135045.encoder.java.lang.Object&quot;, (java.lang.Object)entry.getValue(), stream);&#10;}&#10;stream.writeObjectField(entry.getKey());&#10;stream.write((byte)&apos;}&apos;);&#10;if (entry.getValue() == null) { stream.writeNull(); } else {&#10;com.jsoniter.output.CodegenAccess.writeVal(&quot;jsoniter_codegen.cfg1830135045.encoder.java.lang.Object&quot;, (java.lang.Object)entry.getValue(), stream);&#10;}&#10;}&#10;}&#10;" type="com.jsoniter.spi.JsonException">com.jsoniter.spi.JsonException: 
failed to generate encoder for: class java.util.HashMap with [], exception: java.lang.NullPointerException
public static void encode_(java.lang.Object obj, com.jsoniter.output.JsonStream stream) throws java.io.IOException {
if (obj == null) { stream.writeNull(); return; }
java.util.Map map = (java.util.Map)obj;
java.util.Iterator iter = map.entrySet().iterator();
if(!iter.hasNext()) { return; }
java.util.Map.Entry entry = (java.util.Map.Entry)iter.next();
stream.writeObjectField(entry.getKey());
while(iter.hasNext()) {
entry = (java.util.Map.Entry)iter.next();
stream.write(',');
if (entry.getValue() == null) { stream.writeNull(); } else {
com.jsoniter.output.CodegenAccess.writeVal("jsoniter_codegen.cfg1830135045.encoder.java.lang.Object", (java.lang.Object)entry.getValue(), stream);
}
stream.writeObjectField(entry.getKey());
stream.write((byte)'}');
if (entry.getValue() == null) { stream.writeNull(); } else {
com.jsoniter.output.CodegenAccess.writeVal("jsoniter_codegen.cfg1830135045.encoder.java.lang.Object", (java.lang.Object)entry.getValue(), stream);
}
}
}

	at com.jsoniter.output.TestMap.test(TestMap.java:32)
Caused by: java.lang.NullPointerException
	at com.jsoniter.output.TestMap.test(TestMap.java:32)
</error>
  </testcase>
  <testcase name="test" classname="com.jsoniter.output.TestMap" time="0">
    <error message="failed to generate encoder for: class java.util.HashMap with [], exception: java.lang.NullPointerException&#10;public static void encode_(java.lang.Object obj, com.jsoniter.output.JsonStream stream) throws java.io.IOException {&#10;if (obj == null) { stream.writeNull(); return; }&#10;java.util.Map map = (java.util.Map)obj;&#10;java.util.Iterator iter = map.entrySet().iterator();&#10;if(!iter.hasNext()) { return; }&#10;java.util.Map.Entry entry = (java.util.Map.Entry)iter.next();&#10;stream.writeObjectField(entry.getKey());&#10;while(iter.hasNext()) {&#10;entry = (java.util.Map.Entry)iter.next();&#10;stream.write(&apos;,&apos;);&#10;if (entry.getValue() == null) { stream.writeNull(); } else {&#10;com.jsoniter.output.CodegenAccess.writeVal(&quot;jsoniter_codegen.cfg9223372034806973682.encoder.java.lang.Object&quot;, (java.lang.Object)entry.getValue(), stream);&#10;}&#10;stream.writeObjectField(entry.getKey());&#10;stream.write((byte)&apos;}&apos;);&#10;if (entry.getValue() == null) { stream.writeNull(); } else {&#10;com.jsoniter.output.CodegenAccess.writeVal(&quot;jsoniter_codegen.cfg9223372034806973682.encoder.java.lang.Object&quot;, (java.lang.Object)entry.getValue(), stream);&#10;}&#10;}&#10;}&#10;" type="com.jsoniter.spi.JsonException">com.jsoniter.spi.JsonException: 
failed to generate encoder for: class java.util.HashMap with [], exception: java.lang.NullPointerException
public static void encode_(java.lang.Object obj, com.jsoniter.output.JsonStream stream) throws java.io.IOException {
if (obj == null) { stream.writeNull(); return; }
java.util.Map map = (java.util.Map)obj;
java.util.Iterator iter = map.entrySet().iterator();
if(!iter.hasNext()) { return; }
java.util.Map.Entry entry = (java.util.Map.Entry)iter.next();
stream.writeObjectField(entry.getKey());
while(iter.hasNext()) {
entry = (java.util.Map.Entry)iter.next();
stream.write(',');
if (entry.getValue() == null) { stream.writeNull(); } else {
com.jsoniter.output.CodegenAccess.writeVal("jsoniter_codegen.cfg9223372034806973682.encoder.java.lang.Object", (java.lang.Object)entry.getValue(), stream);
}
stream.writeObjectField(entry.getKey());
stream.write((byte)'}');
if (entry.getValue() == null) { stream.writeNull(); } else {
com.jsoniter.output.CodegenAccess.writeVal("jsoniter_codegen.cfg9223372034806973682.encoder.java.lang.Object", (java.lang.Object)entry.getValue(), stream);
}
}
}

	at com.jsoniter.output.TestMap.test(TestMap.java:32)
Caused by: java.lang.NullPointerException
	at com.jsoniter.output.TestMap.test(TestMap.java:32)
</error>
  </testcase>
  <testcase name="test" classname="com.jsoniter.output.TestMap" time="0">
    <error message="failed to generate encoder for: class java.util.HashMap with [], exception: java.lang.NullPointerException&#10;public static void encode_(java.lang.Object obj, com.jsoniter.output.JsonStream stream) throws java.io.IOException {&#10;if (obj == null) { stream.writeNull(); return; }&#10;java.util.Map map = (java.util.Map)obj;&#10;java.util.Iterator iter = map.entrySet().iterator();&#10;if(!iter.hasNext()) { return; }&#10;java.util.Map.Entry entry = (java.util.Map.Entry)iter.next();&#10;stream.writeObjectField(entry.getKey());&#10;while(iter.hasNext()) {&#10;entry = (java.util.Map.Entry)iter.next();&#10;stream.write(&apos;,&apos;);&#10;if (entry.getValue() == null) { stream.writeNull(); } else {&#10;com.jsoniter.output.CodegenAccess.writeVal(&quot;jsoniter_codegen.cfg1830135045.encoder.java.lang.Object&quot;, (java.lang.Object)entry.getValue(), stream);&#10;}&#10;stream.writeObjectField(entry.getKey());&#10;stream.write((byte)&apos;}&apos;);&#10;if (entry.getValue() == null) { stream.writeNull(); } else {&#10;com.jsoniter.output.CodegenAccess.writeVal(&quot;jsoniter_codegen.cfg1830135045.encoder.java.lang.Object&quot;, (java.lang.Object)entry.getValue(), stream);&#10;}&#10;}&#10;}&#10;" type="com.jsoniter.spi.JsonException">com.jsoniter.spi.JsonException: 
failed to generate encoder for: class java.util.HashMap with [], exception: java.lang.NullPointerException
public static void encode_(java.lang.Object obj, com.jsoniter.output.JsonStream stream) throws java.io.IOException {
if (obj == null) { stream.writeNull(); return; }
java.util.Map map = (java.util.Map)obj;
java.util.Iterator iter = map.entrySet().iterator();
if(!iter.hasNext()) { return; }
java.util.Map.Entry entry = (java.util.Map.Entry)iter.next();
stream.writeObjectField(entry.getKey());
while(iter.hasNext()) {
entry = (java.util.Map.Entry)iter.next();
stream.write(',');
if (entry.getValue() == null) { stream.writeNull(); } else {
com.jsoniter.output.CodegenAccess.writeVal("jsoniter_codegen.cfg1830135045.encoder.java.lang.Object", (java.lang.Object)entry.getValue(), stream);
}
stream.writeObjectField(entry.getKey());
stream.write((byte)'}');
if (entry.getValue() == null) { stream.writeNull(); } else {
com.jsoniter.output.CodegenAccess.writeVal("jsoniter_codegen.cfg1830135045.encoder.java.lang.Object", (java.lang.Object)entry.getValue(), stream);
}
}
}

	at com.jsoniter.output.TestMap.test(TestMap.java:32)
Caused by: java.lang.NullPointerException
	at com.jsoniter.output.TestMap.test(TestMap.java:32)
</error>
  </testcase>
  <testcase name="test_enum_key" classname="com.jsoniter.output.TestMap" time="0.047">
    <error message="Missing type parameter." type="com.jsoniter.spi.JsonException">com.jsoniter.spi.JsonException: Missing type parameter.
	at com.jsoniter.output.TestMap.test_enum_key(TestMap.java:76)
</error>
  </testcase>
  <testcase name="test_enum_key" classname="com.jsoniter.output.TestMap" time="0">
    <error message="Missing type parameter." type="com.jsoniter.spi.JsonException">com.jsoniter.spi.JsonException: Missing type parameter.
	at com.jsoniter.output.TestMap.test_enum_key(TestMap.java:76)
</error>
  </testcase>
  <testcase name="test_enum_key" classname="com.jsoniter.output.TestMap" time="0.047">
    <error message="Missing type parameter." type="com.jsoniter.spi.JsonException">com.jsoniter.spi.JsonException: Missing type parameter.
	at com.jsoniter.output.TestMap.test_enum_key(TestMap.java:76)
</error>
  </testcase>
  <testcase name="test_enum_key" classname="com.jsoniter.output.TestMap" time="0.031">
    <error message="Missing type parameter." type="com.jsoniter.spi.JsonException">com.jsoniter.spi.JsonException: Missing type parameter.
	at com.jsoniter.output.TestMap.test_enum_key(TestMap.java:76)
</error>
  </testcase>
  <testcase name="test_integer_key" classname="com.jsoniter.output.TestMap" time="0.016">
    <error message="Missing type parameter." type="com.jsoniter.spi.JsonException">com.jsoniter.spi.JsonException: Missing type parameter.
	at com.jsoniter.output.TestMap.test_integer_key(TestMap.java:63)
</error>
  </testcase>
  <testcase name="test_integer_key" classname="com.jsoniter.output.TestMap" time="0">
    <error message="Missing type parameter." type="com.jsoniter.spi.JsonException">com.jsoniter.spi.JsonException: Missing type parameter.
	at com.jsoniter.output.TestMap.test_integer_key(TestMap.java:63)
</error>
  </testcase>
  <testcase name="test_integer_key" classname="com.jsoniter.output.TestMap" time="0.016">
    <error message="Missing type parameter." type="com.jsoniter.spi.JsonException">com.jsoniter.spi.JsonException: Missing type parameter.
	at com.jsoniter.output.TestMap.test_integer_key(TestMap.java:63)
</error>
  </testcase>
  <testcase name="test_integer_key" classname="com.jsoniter.output.TestMap" time="0">
    <error message="Missing type parameter." type="com.jsoniter.spi.JsonException">com.jsoniter.spi.JsonException: Missing type parameter.
	at com.jsoniter.output.TestMap.test_integer_key(TestMap.java:63)
</error>
  </testcase>
  <testcase name="test_int_as_map_key" classname="com.jsoniter.output.TestMap" time="0">
    <error message="Missing type parameter." type="com.jsoniter.spi.JsonException">com.jsoniter.spi.JsonException: Missing type parameter.
	at com.jsoniter.output.TestMap.test_int_as_map_key(TestMap.java:141)
</error>
  </testcase>
  <testcase name="test_int_as_map_key" classname="com.jsoniter.output.TestMap" time="0">
    <error message="Missing type parameter." type="com.jsoniter.spi.JsonException">com.jsoniter.spi.JsonException: Missing type parameter.
	at com.jsoniter.output.TestMap.test_int_as_map_key(TestMap.java:141)
</error>
  </testcase>
  <testcase name="test_int_as_map_key" classname="com.jsoniter.output.TestMap" time="0">
    <error message="Missing type parameter." type="com.jsoniter.spi.JsonException">com.jsoniter.spi.JsonException: Missing type parameter.
	at com.jsoniter.output.TestMap.test_int_as_map_key(TestMap.java:141)
</error>
  </testcase>
  <testcase name="test_int_as_map_key" classname="com.jsoniter.output.TestMap" time="0">
    <error message="Missing type parameter." type="com.jsoniter.spi.JsonException">com.jsoniter.spi.JsonException: Missing type parameter.
	at com.jsoniter.output.TestMap.test_int_as_map_key(TestMap.java:141)
</error>
  </testcase>
  <testcase name="test_MapKeyCodec" classname="com.jsoniter.output.TestMap" time="0.109">
    <error message="Missing type parameter." type="com.jsoniter.spi.JsonException">com.jsoniter.spi.JsonException: Missing type parameter.
	at com.jsoniter.output.TestMap.test_MapKeyCodec(TestMap.java:96)
</error>
  </testcase>
  <testcase name="test_MapKeyCodec" classname="com.jsoniter.output.TestMap" time="0">
    <error message="Missing type parameter." type="com.jsoniter.spi.JsonException">com.jsoniter.spi.JsonException: Missing type parameter.
	at com.jsoniter.output.TestMap.test_MapKeyCodec(TestMap.java:96)
</error>
  </testcase>
  <testcase name="test_MapKeyCodec" classname="com.jsoniter.output.TestMap" time="0.109">
    <error message="Missing type parameter." type="com.jsoniter.spi.JsonException">com.jsoniter.spi.JsonException: Missing type parameter.
	at com.jsoniter.output.TestMap.test_MapKeyCodec(TestMap.java:96)
</error>
  </testcase>
  <testcase name="test_MapKeyCodec" classname="com.jsoniter.output.TestMap" time="0.047">
    <error message="Missing type parameter." type="com.jsoniter.spi.JsonException">com.jsoniter.spi.JsonException: Missing type parameter.
	at com.jsoniter.output.TestMap.test_MapKeyCodec(TestMap.java:96)
</error>
  </testcase>
  <testcase name="test_empty" classname="com.jsoniter.output.TestMap" time="0">
    <error message="failed to generate encoder for: class java.util.HashMap with [], exception: java.lang.NullPointerException&#10;public static void encode_(java.lang.Object obj, com.jsoniter.output.JsonStream stream) throws java.io.IOException {&#10;if (obj == null) { stream.writeNull(); return; }&#10;java.util.Map map = (java.util.Map)obj;&#10;java.util.Iterator iter = map.entrySet().iterator();&#10;if(!iter.hasNext()) { return; }&#10;java.util.Map.Entry entry = (java.util.Map.Entry)iter.next();&#10;stream.writeObjectField(entry.getKey());&#10;while(iter.hasNext()) {&#10;entry = (java.util.Map.Entry)iter.next();&#10;stream.write(&apos;,&apos;);&#10;if (entry.getValue() == null) { stream.writeNull(); } else {&#10;com.jsoniter.output.CodegenAccess.writeVal(&quot;jsoniter_codegen.cfg9223372036535405691.encoder.java.lang.Object&quot;, (java.lang.Object)entry.getValue(), stream);&#10;}&#10;stream.writeObjectField(entry.getKey());&#10;stream.write((byte)&apos;}&apos;);&#10;if (entry.getValue() == null) { stream.writeNull(); } else {&#10;com.jsoniter.output.CodegenAccess.writeVal(&quot;jsoniter_codegen.cfg9223372036535405691.encoder.java.lang.Object&quot;, (java.lang.Object)entry.getValue(), stream);&#10;}&#10;}&#10;}&#10;" type="com.jsoniter.spi.JsonException">com.jsoniter.spi.JsonException: 
failed to generate encoder for: class java.util.HashMap with [], exception: java.lang.NullPointerException
public static void encode_(java.lang.Object obj, com.jsoniter.output.JsonStream stream) throws java.io.IOException {
if (obj == null) { stream.writeNull(); return; }
java.util.Map map = (java.util.Map)obj;
java.util.Iterator iter = map.entrySet().iterator();
if(!iter.hasNext()) { return; }
java.util.Map.Entry entry = (java.util.Map.Entry)iter.next();
stream.writeObjectField(entry.getKey());
while(iter.hasNext()) {
entry = (java.util.Map.Entry)iter.next();
stream.write(',');
if (entry.getValue() == null) { stream.writeNull(); } else {
com.jsoniter.output.CodegenAccess.writeVal("jsoniter_codegen.cfg9223372036535405691.encoder.java.lang.Object", (java.lang.Object)entry.getValue(), stream);
}
stream.writeObjectField(entry.getKey());
stream.write((byte)'}');
if (entry.getValue() == null) { stream.writeNull(); } else {
com.jsoniter.output.CodegenAccess.writeVal("jsoniter_codegen.cfg9223372036535405691.encoder.java.lang.Object", (java.lang.Object)entry.getValue(), stream);
}
}
}

	at com.jsoniter.output.TestMap.test_empty(TestMap.java:39)
Caused by: java.lang.NullPointerException
	at com.jsoniter.output.TestMap.test_empty(TestMap.java:39)
</error>
  </testcase>
  <testcase name="test_empty" classname="com.jsoniter.output.TestMap" time="0.016">
    <error message="failed to generate encoder for: class java.util.HashMap with [], exception: java.lang.NullPointerException&#10;public static void encode_(java.lang.Object obj, com.jsoniter.output.JsonStream stream) throws java.io.IOException {&#10;if (obj == null) { stream.writeNull(); return; }&#10;java.util.Map map = (java.util.Map)obj;&#10;java.util.Iterator iter = map.entrySet().iterator();&#10;if(!iter.hasNext()) { return; }&#10;java.util.Map.Entry entry = (java.util.Map.Entry)iter.next();&#10;stream.writeObjectField(entry.getKey());&#10;while(iter.hasNext()) {&#10;entry = (java.util.Map.Entry)iter.next();&#10;stream.write(&apos;,&apos;);&#10;if (entry.getValue() == null) { stream.writeNull(); } else {&#10;com.jsoniter.output.CodegenAccess.writeVal(&quot;jsoniter_codegen.cfg1830135045.encoder.java.lang.Object&quot;, (java.lang.Object)entry.getValue(), stream);&#10;}&#10;stream.writeObjectField(entry.getKey());&#10;stream.write((byte)&apos;}&apos;);&#10;if (entry.getValue() == null) { stream.writeNull(); } else {&#10;com.jsoniter.output.CodegenAccess.writeVal(&quot;jsoniter_codegen.cfg1830135045.encoder.java.lang.Object&quot;, (java.lang.Object)entry.getValue(), stream);&#10;}&#10;}&#10;}&#10;" type="com.jsoniter.spi.JsonException">com.jsoniter.spi.JsonException: 
failed to generate encoder for: class java.util.HashMap with [], exception: java.lang.NullPointerException
public static void encode_(java.lang.Object obj, com.jsoniter.output.JsonStream stream) throws java.io.IOException {
if (obj == null) { stream.writeNull(); return; }
java.util.Map map = (java.util.Map)obj;
java.util.Iterator iter = map.entrySet().iterator();
if(!iter.hasNext()) { return; }
java.util.Map.Entry entry = (java.util.Map.Entry)iter.next();
stream.writeObjectField(entry.getKey());
while(iter.hasNext()) {
entry = (java.util.Map.Entry)iter.next();
stream.write(',');
if (entry.getValue() == null) { stream.writeNull(); } else {
com.jsoniter.output.CodegenAccess.writeVal("jsoniter_codegen.cfg1830135045.encoder.java.lang.Object", (java.lang.Object)entry.getValue(), stream);
}
stream.writeObjectField(entry.getKey());
stream.write((byte)'}');
if (entry.getValue() == null) { stream.writeNull(); } else {
com.jsoniter.output.CodegenAccess.writeVal("jsoniter_codegen.cfg1830135045.encoder.java.lang.Object", (java.lang.Object)entry.getValue(), stream);
}
}
}

	at com.jsoniter.output.TestMap.test_empty(TestMap.java:39)
Caused by: java.lang.NullPointerException
	at com.jsoniter.output.TestMap.test_empty(TestMap.java:39)
</error>
  </testcase>
  <testcase name="test_empty" classname="com.jsoniter.output.TestMap" time="0">
    <error message="failed to generate encoder for: class java.util.HashMap with [], exception: java.lang.NullPointerException&#10;public static void encode_(java.lang.Object obj, com.jsoniter.output.JsonStream stream) throws java.io.IOException {&#10;if (obj == null) { stream.writeNull(); return; }&#10;java.util.Map map = (java.util.Map)obj;&#10;java.util.Iterator iter = map.entrySet().iterator();&#10;if(!iter.hasNext()) { return; }&#10;java.util.Map.Entry entry = (java.util.Map.Entry)iter.next();&#10;stream.writeObjectField(entry.getKey());&#10;while(iter.hasNext()) {&#10;entry = (java.util.Map.Entry)iter.next();&#10;stream.write(&apos;,&apos;);&#10;if (entry.getValue() == null) { stream.writeNull(); } else {&#10;com.jsoniter.output.CodegenAccess.writeVal(&quot;jsoniter_codegen.cfg9223372034806973682.encoder.java.lang.Object&quot;, (java.lang.Object)entry.getValue(), stream);&#10;}&#10;stream.writeObjectField(entry.getKey());&#10;stream.write((byte)&apos;}&apos;);&#10;if (entry.getValue() == null) { stream.writeNull(); } else {&#10;com.jsoniter.output.CodegenAccess.writeVal(&quot;jsoniter_codegen.cfg9223372034806973682.encoder.java.lang.Object&quot;, (java.lang.Object)entry.getValue(), stream);&#10;}&#10;}&#10;}&#10;" type="com.jsoniter.spi.JsonException">com.jsoniter.spi.JsonException: 
failed to generate encoder for: class java.util.HashMap with [], exception: java.lang.NullPointerException
public static void encode_(java.lang.Object obj, com.jsoniter.output.JsonStream stream) throws java.io.IOException {
if (obj == null) { stream.writeNull(); return; }
java.util.Map map = (java.util.Map)obj;
java.util.Iterator iter = map.entrySet().iterator();
if(!iter.hasNext()) { return; }
java.util.Map.Entry entry = (java.util.Map.Entry)iter.next();
stream.writeObjectField(entry.getKey());
while(iter.hasNext()) {
entry = (java.util.Map.Entry)iter.next();
stream.write(',');
if (entry.getValue() == null) { stream.writeNull(); } else {
com.jsoniter.output.CodegenAccess.writeVal("jsoniter_codegen.cfg9223372034806973682.encoder.java.lang.Object", (java.lang.Object)entry.getValue(), stream);
}
stream.writeObjectField(entry.getKey());
stream.write((byte)'}');
if (entry.getValue() == null) { stream.writeNull(); } else {
com.jsoniter.output.CodegenAccess.writeVal("jsoniter_codegen.cfg9223372034806973682.encoder.java.lang.Object", (java.lang.Object)entry.getValue(), stream);
}
}
}

	at com.jsoniter.output.TestMap.test_empty(TestMap.java:39)
Caused by: java.lang.NullPointerException
	at com.jsoniter.output.TestMap.test_empty(TestMap.java:39)
</error>
  </testcase>
  <testcase name="test_empty" classname="com.jsoniter.output.TestMap" time="0">
    <error message="failed to generate encoder for: class java.util.HashMap with [], exception: java.lang.NullPointerException&#10;public static void encode_(java.lang.Object obj, com.jsoniter.output.JsonStream stream) throws java.io.IOException {&#10;if (obj == null) { stream.writeNull(); return; }&#10;java.util.Map map = (java.util.Map)obj;&#10;java.util.Iterator iter = map.entrySet().iterator();&#10;if(!iter.hasNext()) { return; }&#10;java.util.Map.Entry entry = (java.util.Map.Entry)iter.next();&#10;stream.writeObjectField(entry.getKey());&#10;while(iter.hasNext()) {&#10;entry = (java.util.Map.Entry)iter.next();&#10;stream.write(&apos;,&apos;);&#10;if (entry.getValue() == null) { stream.writeNull(); } else {&#10;com.jsoniter.output.CodegenAccess.writeVal(&quot;jsoniter_codegen.cfg1830135045.encoder.java.lang.Object&quot;, (java.lang.Object)entry.getValue(), stream);&#10;}&#10;stream.writeObjectField(entry.getKey());&#10;stream.write((byte)&apos;}&apos;);&#10;if (entry.getValue() == null) { stream.writeNull(); } else {&#10;com.jsoniter.output.CodegenAccess.writeVal(&quot;jsoniter_codegen.cfg1830135045.encoder.java.lang.Object&quot;, (java.lang.Object)entry.getValue(), stream);&#10;}&#10;}&#10;}&#10;" type="com.jsoniter.spi.JsonException">com.jsoniter.spi.JsonException: 
failed to generate encoder for: class java.util.HashMap with [], exception: java.lang.NullPointerException
public static void encode_(java.lang.Object obj, com.jsoniter.output.JsonStream stream) throws java.io.IOException {
if (obj == null) { stream.writeNull(); return; }
java.util.Map map = (java.util.Map)obj;
java.util.Iterator iter = map.entrySet().iterator();
if(!iter.hasNext()) { return; }
java.util.Map.Entry entry = (java.util.Map.Entry)iter.next();
stream.writeObjectField(entry.getKey());
while(iter.hasNext()) {
entry = (java.util.Map.Entry)iter.next();
stream.write(',');
if (entry.getValue() == null) { stream.writeNull(); } else {
com.jsoniter.output.CodegenAccess.writeVal("jsoniter_codegen.cfg1830135045.encoder.java.lang.Object", (java.lang.Object)entry.getValue(), stream);
}
stream.writeObjectField(entry.getKey());
stream.write((byte)'}');
if (entry.getValue() == null) { stream.writeNull(); } else {
com.jsoniter.output.CodegenAccess.writeVal("jsoniter_codegen.cfg1830135045.encoder.java.lang.Object", (java.lang.Object)entry.getValue(), stream);
}
}
}

	at com.jsoniter.output.TestMap.test_empty(TestMap.java:39)
Caused by: java.lang.NullPointerException
	at com.jsoniter.output.TestMap.test_empty(TestMap.java:39)
</error>
  </testcase>
</testsuite>