<?xml version="1.0" encoding="UTF-8"?>
<testsuite xmlns:xsi="http://www.w3.org/2001/XMLSchema-instance" xsi:noNamespaceSchemaLocation="https://maven.apache.org/surefire/maven-surefire-plugin/xsd/surefire-test-report.xsd" name="com.jsoniter.output.TestNative" time="0.25" tests="22" errors="0" skipped="0" failures="10">
  <properties>
[...]
</properties>
  <testcase name="test_negative_long" classname="com.jsoniter.output.TestNative" time="0"/>
  <testcase name="test_negative_long" classname="com.jsoniter.output.TestNative" time="0"/>
  <testcase name="test_negative_long" classname="com.jsoniter.output.TestNative" time="0"/>
  <testcase name="test_negative_long" classname="com.jsoniter.output.TestNative" time="0"/>
  <testcase name="test_no_decimal_float" classname="com.jsoniter.output.TestNative" time="0">
    <failure message="expected:&lt;[1]00&gt; but was:&lt;[.100000]00&gt;" type="junit.framework.ComparisonFailure"><![CDATA[junit.framework.ComparisonFailure: expected:<[1]00> but was:<[.100000]00>
	at com.jsoniter.output.TestNative.test_no_decimal_float(TestNative.java:102)
]]></failure>
  </testcase>
  <testcase name="test_no_decimal_float" classname="com.jsoniter.output.TestNative" time="0">
    <failure message="expected:&lt;[1]00&gt; but was:&lt;[.100000]00&gt;" type="junit.framework.ComparisonFailure"><![CDATA[junit.framework.ComparisonFailure: expected:<[1]00> but was:<[.100000]00>
	at com.jsoniter.output.TestNative.test_no_decimal_float(TestNative.java:102)
]]></failure>
  </testcase>
  <testcase name="test_no_decimal_float" classname="com.jsoniter.output.TestNative" time="0">
    <failure message="expected:&lt;[1]00&gt; but was:&lt;[.100000]00&gt;" type="junit.framework.ComparisonFailure"><![CDATA[junit.framework.ComparisonFailure: expected:<[1]00> but was:<[.100000]00>
	at com.jsoniter.output.TestNative.test_no_decimal_float(TestNative.java:102)
]]></failure>
  </testcase>
  <testcase name="test_no_decimal_float" classname="com.jsoniter.output.TestNative" time="0">
    <failure message="expected:&lt;[1]00&gt; but was:&lt;[.100000]00&gt;" type="junit.framework.ComparisonFailure"><![CDATA[junit.framework.ComparisonFailure: expected:<[1]00> but was:<[.100000]00>
	at com.jsoniter.output.TestNative.test_no_decimal_float(TestNative.java:102)
]]></failure>
  </testcase>
  <testcase name="test_small_int" classname="com.jsoniter.output.TestNative" time="0">
    <failure message="expected:&lt;[3]&gt; but was:&lt;[]&gt;" type="junit.framework.ComparisonFailure"><![CDATA[junit.framework.ComparisonFailure: expected:<[3]> but was:<[]>
	at com.jsoniter.output.TestNative.test_small_int(TestNative.java:71)
]]></failure>
  </testcase>
  <testcase name="test_small_int" classname="com.jsoniter.output.TestNative" time="0">
    <failure message="expected:&lt;[3]&gt; but was:&lt;[]&gt;" type="junit.framework.ComparisonFailure"><![CDATA[junit.framework.ComparisonFailure: expected:<[3]> but was:<[]>
	at com.jsoniter.output.TestNative.test_small_int(TestNative.java:71)
]]></failure>
  </testcase>
  <testcase name="test_small_int" classname="com.jsoniter.output.TestNative" time="0">
    <failure message="expected:&lt;[3]&gt; but was:&lt;[]&gt;" type="junit.framework.ComparisonFailure"><![CDATA[junit.framework.ComparisonFailure: expected:<[3]> but was:<[]>
	at com.jsoniter.output.TestNative.test_small_int(TestNative.java:71)
]]></failure>
  </testcase>
  <testcase name="test_small_int" classname="com.jsoniter.output.TestNative" time="0">
    <failure message="expected:&lt;[3]&gt; but was:&lt;[]&gt;" type="junit.framework.ComparisonFailure"><![CDATA[junit.framework.ComparisonFailure: expected:<[3]> but was:<[]>
	at com.jsoniter.output.TestNative.test_small_int(TestNative.java:71)
]]></failure>
  </testcase>
  <testcase name="test_boolean" classname="com.jsoniter.output.TestNative" time="0"/>
  <testcase name="test_boolean" classname="com.jsoniter.output.TestNative" time="0"/>
  <testcase name="test_boolean" classname="com.jsoniter.output.TestNative" time="0"/>
  <testcase name="test_boolean" classname="com.jsoniter.output.TestNative" time="0"/>
  <testcase name="test_long" classname="com.jsoniter.output.TestNative" time="0"/>
  <testcase name="test_long" classname="com.jsoniter.output.TestNative" time="0"/>
  <testcase name="test_long" classname="com.jsoniter.output.TestNative" time="0"/>
  <testcase name="test_long" classname="com.jsoniter.output.TestNative" time="0"/>
  <testcase name="test_utf8" classname="com.jsoniter.output.TestNative" time="0">
    <failure message="expected:&lt;[&quot;\u4e2d\u6587&quot;]&gt; but was:&lt;[]&gt;" type="junit.framework.ComparisonFailure"><![CDATA[junit.framework.ComparisonFailure: expected:<["\u4e2d\u6587"]> but was:<[]>
	at com.jsoniter.output.TestNative.test_utf8(TestNative.java:46)
]]></failure>
  </testcase>
  <testcase name="test_utf8" classname="com.jsoniter.output.TestNative" time="0">
    <failure message="expected:&lt;[&quot;\u4e2d\u6587&quot;]&gt; but was:&lt;[]&gt;" type="junit.framework.ComparisonFailure"><![CDATA[junit.framework.ComparisonFailure: expected:<["\u4e2d\u6587"]> but was:<[]>
	at com.jsoniter.output.TestNative.test_utf8(TestNative.java:46)
]]></failure>
  </testcase>
  <testcase name="test_utf8" classname="com.jsoniter.output.TestNative" time="0">
    <failure message="expected:&lt;[&quot;\u4e2d\u6587&quot;]&gt; but was:&lt;[]&gt;" type="junit.framework.ComparisonFailure"><![CDATA[junit.framework.ComparisonFailure: expected:<["\u4e2d\u6587"]> but was:<[]>
	at com.jsoniter.output.TestNative.test_utf8(TestNative.java:46)
]]></failure>
  </testcase>
  <testcase name="test_utf8" classname="com.jsoniter.output.TestNative" time="0">
    <failure message="expected:&lt;[&quot;\u4e2d\u6587&quot;]&gt; but was:&lt;[]&gt;" type="junit.framework.ComparisonFailure"><![CDATA[junit.framework.ComparisonFailure: expected:<["\u4e2d\u6587"]> but was:<[]>
	at com.jsoniter.output.TestNative.test_utf8(TestNative.java:46)
]]></failure>
  </testcase>
  <testcase name="test_int" classname="com.jsoniter.output.TestNative" time="0"/>
  <testcase name="test_int" classname="com.jsoniter.output.TestNative" time="0"/>
  <testcase name="test_int" classname="com.jsoniter.output.TestNative" time="0"/>
  <testcase name="test_int" classname="com.jsoniter.output.TestNative" time="0"/>
  <testcase name="test_raw" classname="com.jsoniter.output.TestNative" time="0">
    <failure message="expected:&lt;12345678[90123456789012345678901234567890]&gt; but was:&lt;12345678[&amp;#0;&amp;#0;&amp;#0;&amp;#0;&amp;#0;&amp;#0;&amp;#0;&amp;#0;&amp;#0;&amp;#0;&amp;#0;&amp;#0;&amp;#0;&amp;#0;&amp;#0;&amp;#0;&amp;#0;&amp;#0;&amp;#0;&amp;#0;&amp;#0;&amp;#0;&amp;#0;&amp;#0;12345678]&gt;" type="junit.framework.ComparisonFailure"><![CDATA[junit.framework.ComparisonFailure: expected:<12345678[90123456789012345678901234567890]> but was:<12345678[&amp#0;&amp#0;&amp#0;&amp#0;&amp#0;&amp#0;&amp#0;&amp#0;&amp#0;&amp#0;&amp#0;&amp#0;&amp#0;&amp#0;&amp#0;&amp#0;&amp#0;&amp#0;&amp#0;&amp#0;&amp#0;&amp#0;&amp#0;&amp#0;12345678]>
	at com.jsoniter.output.TestNative.test_raw(TestNative.java:159)
]]></failure>
  </testcase>
  <testcase name="test_raw" classname="com.jsoniter.output.TestNative" time="0">
    <failure message="expected:&lt;12345678[90123456789012345678901234567890]&gt; but was:&lt;12345678[&amp;#0;&amp;#0;&amp;#0;&amp;#0;&amp;#0;&amp;#0;&amp;#0;&amp;#0;&amp;#0;&amp;#0;&amp;#0;&amp;#0;&amp;#0;&amp;#0;&amp;#0;&amp;#0;&amp;#0;&amp;#0;&amp;#0;&amp;#0;&amp;#0;&amp;#0;&amp;#0;&amp;#0;12345678]&gt;" type="junit.framework.ComparisonFailure"><![CDATA[junit.framework.ComparisonFailure: expected:<12345678[90123456789012345678901234567890]> but was:<12345678[&amp#0;&amp#0;&amp#0;&amp#0;&amp#0;&amp#0;&amp#0;&amp#0;&amp#0;&amp#0;&amp#0;&amp#0;&amp#0;&amp#0;&amp#0;&amp#0;&amp#0;&amp#0;&amp#0;&amp#0;&amp#0;&amp#0;&amp#0;&amp#0;12345678]>
	at com.jsoniter.output.TestNative.test_raw(TestNative.java:159)
]]></failure>
  </testcase>
  <testcase name="test_raw" classname="com.jsoniter.output.TestNative" time="0">
    <failure message="expected:&lt;12345678[90123456789012345678901234567890]&gt; but was:&lt;12345678[&amp;#0;&amp;#0;&amp;#0;&amp;#0;&amp;#0;&amp;#0;&amp;#0;&amp;#0;&amp;#0;&amp;#0;&amp;#0;&amp;#0;&amp;#0;&amp;#0;&amp;#0;&amp;#0;&amp;#0;&amp;#0;&amp;#0;&amp;#0;&amp;#0;&amp;#0;&amp;#0;&amp;#0;12345678]&gt;" type="junit.framework.ComparisonFailure"><![CDATA[junit.framework.ComparisonFailure: expected:<12345678[90123456789012345678901234567890]> but was:<12345678[&amp#0;&amp#0;&amp#0;&amp#0;&amp#0;&amp#0;&amp#0;&amp#0;&amp#0;&amp#0;&amp#0;&amp#0;&amp#0;&amp#0;&amp#0;&amp#0;&amp#0;&amp#0;&amp#0;&amp#0;&amp#0;&amp#0;&amp#0;&amp#0;12345678]>
	at com.jsoniter.output.TestNative.test_raw(TestNative.java:159)
]]></failure>
  </testcase>
  <testcase name="test_raw" classname="com.jsoniter.output.TestNative" time="0">
    <failure message="expected:&lt;12345678[90123456789012345678901234567890]&gt; but was:&lt;12345678[&amp;#0;&amp;#0;&amp;#0;&amp;#0;&amp;#0;&amp;#0;&amp;#0;&amp;#0;&amp;#0;&amp;#0;&amp;#0;&amp;#0;&amp;#0;&amp;#0;&amp;#0;&amp;#0;&amp;#0;&amp;#0;&amp;#0;&amp;#0;&amp;#0;&amp;#0;&amp;#0;&amp;#0;12345678]&gt;" type="junit.framework.ComparisonFailure"><![CDATA[junit.framework.ComparisonFailure: expected:<12345678[90123456789012345678901234567890]> but was:<12345678[&amp#0;&amp#0;&amp#0;&amp#0;&amp#0;&amp#0;&amp#0;&amp#0;&amp#0;&amp#0;&amp#0;&amp#0;&amp#0;&amp#0;&amp#0;&amp#0;&amp#0;&amp#0;&amp#0;&amp#0;&amp#0;&amp#0;&amp#0;&amp#0;12345678]>
	at com.jsoniter.output.TestNative.test_raw(TestNative.java:159)
]]></failure>
  </testcase>
  <testcase name="test_big_decimal" classname="com.jsoniter.output.TestNative" time="0.031"/>
  <testcase name="test_big_decimal" classname="com.jsoniter.output.TestNative" time="0"/>
  <testcase name="test_big_decimal" classname="com.jsoniter.output.TestNative" time="0.015"/>
  <testcase name="test_big_decimal" classname="com.jsoniter.output.TestNative" time="0.188"/>
  <testcase name="test_double" classname="com.jsoniter.output.TestNative" time="0">
    <failure message="expected:&lt;[1.001]&gt; but was:&lt;[.]&gt;" type="junit.framework.ComparisonFailure"><![CDATA[junit.framework.ComparisonFailure: expected:<[1.001]> but was:<[.]>
	at com.jsoniter.output.TestNative.test_double(TestNative.java:126)
]]></failure>
  </testcase>
  <testcase name="test_double" classname="com.jsoniter.output.TestNative" time="0">
    <failure message="expected:&lt;[1.001]&gt; but was:&lt;[.]&gt;" type="junit.framework.ComparisonFailure"><![CDATA[junit.framework.ComparisonFailure: expected:<[1.001]> but was:<[.]>
	at com.jsoniter.output.TestNative.test_double(TestNative.java:126)
]]></failure>
  </testcase>
  <testcase name="test_double" classname="com.jsoniter.output.TestNative" time="0">
    <failure message="expected:&lt;[1.001]&gt; but was:&lt;[.]&gt;" type="junit.framework.ComparisonFailure"><![CDATA[junit.framework.ComparisonFailure: expected:<[1.001]> but was:<[.]>
	at com.jsoniter.output.TestNative.test_double(TestNative.java:126)
]]></failure>
  </testcase>
  <testcase name="test_double" classname="com.jsoniter.output.TestNative" time="0">
    <failure message="expected:&lt;[1.001]&gt; but was:&lt;[.]&gt;" type="junit.framework.ComparisonFailure"><![CDATA[junit.framework.ComparisonFailure: expected:<[1.001]> but was:<[.]>
	at com.jsoniter.output.TestNative.test_double(TestNative.java:126)
]]></failure>
  </testcase>
  <testcase name="test_escape" classname="com.jsoniter.output.TestNative" time="0">
    <failure message="expected:&lt;&quot;hel[\n]lo&quot;&gt; but was:&lt;&quot;hel[]lo&quot;&gt;" type="junit.framework.ComparisonFailure"><![CDATA[junit.framework.ComparisonFailure: expected:<"hel[\n]lo"> but was:<"hel[]lo">
	at com.jsoniter.output.TestNative.test_escape(TestNative.java:40)
]]></failure>
  </testcase>
  <testcase name="test_escape" classname="com.jsoniter.output.TestNative" time="0">
    <failure message="expected:&lt;&quot;hel[\n]lo&quot;&gt; but was:&lt;&quot;hel[]lo&quot;&gt;" type="junit.framework.ComparisonFailure"><![CDATA[junit.framework.ComparisonFailure: expected:<"hel[\n]lo"> but was:<"hel[]lo">
	at com.jsoniter.output.TestNative.test_escape(TestNative.java:40)
]]></failure>
  </testcase>
  <testcase name="test_escape" classname="com.jsoniter.output.TestNative" time="0.016">
    <failure message="expected:&lt;&quot;hel[\n]lo&quot;&gt; but was:&lt;&quot;hel[]lo&quot;&gt;" type="junit.framework.ComparisonFailure"><![CDATA[junit.framework.ComparisonFailure: expected:<"hel[\n]lo"> but was:<"hel[]lo">
	at com.jsoniter.output.TestNative.test_escape(TestNative.java:40)
]]></failure>
  </testcase>
  <testcase name="test_escape" classname="com.jsoniter.output.TestNative" time="0">
    <failure message="expected:&lt;&quot;hel[\n]lo&quot;&gt; but was:&lt;&quot;hel[]lo&quot;&gt;" type="junit.framework.ComparisonFailure"><![CDATA[junit.framework.ComparisonFailure: expected:<"hel[\n]lo"> but was:<"hel[]lo">
	at com.jsoniter.output.TestNative.test_escape(TestNative.java:40)
]]></failure>
  </testcase>
  <testcase name="test_float2" classname="com.jsoniter.output.TestNative" time="0">
    <failure message="expected:&lt;[0.000001]&gt; but was:&lt;[.]&gt;" type="junit.framework.ComparisonFailure"><![CDATA[junit.framework.ComparisonFailure: expected:<[0.000001]> but was:<[.]>
	at com.jsoniter.output.TestNative.test_float2(TestNative.java:108)
]]></failure>
  </testcase>
  <testcase name="test_float2" classname="com.jsoniter.output.TestNative" time="0">
    <failure message="expected:&lt;[0.000001]&gt; but was:&lt;[.]&gt;" type="junit.framework.ComparisonFailure"><![CDATA[junit.framework.ComparisonFailure: expected:<[0.000001]> but was:<[.]>
	at com.jsoniter.output.TestNative.test_float2(TestNative.java:108)
]]></failure>
  </testcase>
  <testcase name="test_float2" classname="com.jsoniter.output.TestNative" time="0">
    <failure message="expected:&lt;[0.000001]&gt; but was:&lt;[.]&gt;" type="junit.framework.ComparisonFailure"><![CDATA[junit.framework.ComparisonFailure: expected:<[0.000001]> but was:<[.]>
	at com.jsoniter.output.TestNative.test_float2(TestNative.java:108)
]]></failure>
  </testcase>
  <testcase name="test_float2" classname="com.jsoniter.output.TestNative" time="0">
    <failure message="expected:&lt;[0.000001]&gt; but was:&lt;[.]&gt;" type="junit.framework.ComparisonFailure"><![CDATA[junit.framework.ComparisonFailure: expected:<[0.000001]> but was:<[.]>
	at com.jsoniter.output.TestNative.test_float2(TestNative.java:108)
]]></failure>
  </testcase>
  <testcase name="test_float3" classname="com.jsoniter.output.TestNative" time="0">
    <failure message="expected:&lt;[0].00001&gt; but was:&lt;[].00001&gt;" type="junit.framework.ComparisonFailure"><![CDATA[junit.framework.ComparisonFailure: expected:<[0].00001> but was:<[].00001>
	at com.jsoniter.output.TestNative.test_float3(TestNative.java:114)
]]></failure>
  </testcase>
  <testcase name="test_float3" classname="com.jsoniter.output.TestNative" time="0">
    <failure message="expected:&lt;[0].00001&gt; but was:&lt;[].00001&gt;" type="junit.framework.ComparisonFailure"><![CDATA[junit.framework.ComparisonFailure: expected:<[0].00001> but was:<[].00001>
	at com.jsoniter.output.TestNative.test_float3(TestNative.java:114)
]]></failure>
  </testcase>
  <testcase name="test_float3" classname="com.jsoniter.output.TestNative" time="0">
    <failure message="expected:&lt;[0].00001&gt; but was:&lt;[].00001&gt;" type="junit.framework.ComparisonFailure"><![CDATA[junit.framework.ComparisonFailure: expected:<[0].00001> but was:<[].00001>
	at com.jsoniter.output.TestNative.test_float3(TestNative.java:114)
]]></failure>
  </testcase>
  <testcase name="test_float3" classname="com.jsoniter.output.TestNative" time="0">
    <failure message="expected:&lt;[0].00001&gt; but was:&lt;[].00001&gt;" type="junit.framework.ComparisonFailure"><![CDATA[junit.framework.ComparisonFailure: expected:<[0].00001> but was:<[].00001>
	at com.jsoniter.output.TestNative.test_float3(TestNative.java:114)
]]></failure>
  </testcase>
  <testcase name="test_negative_int" classname="com.jsoniter.output.TestNative" time="0"/>
  <testcase name="test_negative_int" classname="com.jsoniter.output.TestNative" time="0"/>
  <testcase name="test_negative_int" classname="com.jsoniter.output.TestNative" time="0"/>
  <testcase name="test_negative_int" classname="com.jsoniter.output.TestNative" time="0"/>
  <testcase name="test_big_integer" classname="com.jsoniter.output.TestNative" time="0"/>
  <testcase name="test_big_integer" classname="com.jsoniter.output.TestNative" time="0"/>
  <testcase name="test_big_integer" classname="com.jsoniter.output.TestNative" time="0"/>
  <testcase name="test_big_integer" classname="com.jsoniter.output.TestNative" time="0.062"/>
  <testcase name="test_string" classname="com.jsoniter.output.TestNative" time="0"/>
  <testcase name="test_string" classname="com.jsoniter.output.TestNative" time="0"/>
  <testcase name="test_string" classname="com.jsoniter.output.TestNative" time="0"/>
  <testcase name="test_string" classname="com.jsoniter.output.TestNative" time="0"/>
  <testcase name="test_large_double" classname="com.jsoniter.output.TestNative" time="0"/>
  <testcase name="test_large_double" classname="com.jsoniter.output.TestNative" time="0.015"/>
  <testcase name="test_large_double" classname="com.jsoniter.output.TestNative" time="0"/>
  <testcase name="test_large_double" classname="com.jsoniter.output.TestNative" time="0"/>
  <testcase name="test_large_int" classname="com.jsoniter.output.TestNative" time="0"/>
  <testcase name="test_large_int" classname="com.jsoniter.output.TestNative" time="0"/>
  <testcase name="test_large_int" classname="com.jsoniter.output.TestNative" time="0"/>
  <testcase name="test_large_int" classname="com.jsoniter.output.TestNative" time="0"/>
  <testcase name="test_boxed_int" classname="com.jsoniter.output.TestNative" time="0"/>
  <testcase name="test_boxed_int" classname="com.jsoniter.output.TestNative" time="0"/>
  <testcase name="test_boxed_int" classname="com.jsoniter.output.TestNative" time="0.015"/>
  <testcase name="test_boxed_int" classname="com.jsoniter.output.TestNative" time="0"/>
  <testcase name="test_big_float" classname="com.jsoniter.output.TestNative" time="0">
    <failure message="expected:&lt;[8388608]0&gt; but was:&lt;[.838860800000]0&gt;" type="junit.framework.ComparisonFailure"><![CDATA[junit.framework.ComparisonFailure: expected:<[8388608]0> but was:<[.838860800000]0>
	at com.jsoniter.output.TestNative.test_big_float(TestNative.java:120)
]]></failure>
  </testcase>
  <testcase name="test_big_float" classname="com.jsoniter.output.TestNative" time="0">
    <failure message="expected:&lt;[8388608]0&gt; but was:&lt;[.838860800000]0&gt;" type="junit.framework.ComparisonFailure"><![CDATA[junit.framework.ComparisonFailure: expected:<[8388608]0> but was:<[.838860800000]0>
	at com.jsoniter.output.TestNative.test_big_float(TestNative.java:120)
]]></failure>
  </testcase>
  <testcase name="test_big_float" classname="com.jsoniter.output.TestNative" time="0">
    <failure message="expected:&lt;[8388608]0&gt; but was:&lt;[.838860800000]0&gt;" type="junit.framework.ComparisonFailure"><![CDATA[junit.framework.ComparisonFailure: expected:<[8388608]0> but was:<[.838860800000]0>
	at com.jsoniter.output.TestNative.test_big_float(TestNative.java:120)
]]></failure>
  </testcase>
  <testcase name="test_big_float" classname="com.jsoniter.output.TestNative" time="0">
    <failure message="expected:&lt;[8388608]0&gt; but was:&lt;[.838860800000]0&gt;" type="junit.framework.ComparisonFailure"><![CDATA[junit.framework.ComparisonFailure: expected:<[8388608]0> but was:<[.838860800000]0>
	at com.jsoniter.output.TestNative.test_big_float(TestNative.java:120)
]]></failure>
  </testcase>
  <testcase name="test_short" classname="com.jsoniter.output.TestNative" time="0"/>
  <testcase name="test_short" classname="com.jsoniter.output.TestNative" time="0"/>
  <testcase name="test_short" classname="com.jsoniter.output.TestNative" time="0"/>
  <testcase name="test_short" classname="com.jsoniter.output.TestNative" time="0"/>
  <testcase name="test_slash" classname="com.jsoniter.output.TestNative" time="0">
    <failure message="expected:&lt;&quot;/[\\]&quot;&gt; but was:&lt;&quot;/[]&quot;&gt;" type="junit.framework.ComparisonFailure"><![CDATA[junit.framework.ComparisonFailure: expected:<"/[\\]"> but was:<"/[]">
	at com.jsoniter.output.TestNative.test_slash(TestNative.java:34)
]]></failure>
  </testcase>
  <testcase name="test_slash" classname="com.jsoniter.output.TestNative" time="0">
    <failure message="expected:&lt;&quot;/[\\]&quot;&gt; but was:&lt;&quot;/[]&quot;&gt;" type="junit.framework.ComparisonFailure"><![CDATA[junit.framework.ComparisonFailure: expected:<"/[\\]"> but was:<"/[]">
	at com.jsoniter.output.TestNative.test_slash(TestNative.java:34)
]]></failure>
  </testcase>
  <testcase name="test_slash" classname="com.jsoniter.output.TestNative" time="0">
    <failure message="expected:&lt;&quot;/[\\]&quot;&gt; but was:&lt;&quot;/[]&quot;&gt;" type="junit.framework.ComparisonFailure"><![CDATA[junit.framework.ComparisonFailure: expected:<"/[\\]"> but was:<"/[]">
	at com.jsoniter.output.TestNative.test_slash(TestNative.java:34)
]]></failure>
  </testcase>
  <testcase name="test_slash" classname="com.jsoniter.output.TestNative" time="0">
    <failure message="expected:&lt;&quot;/[\\]&quot;&gt; but was:&lt;&quot;/[]&quot;&gt;" type="junit.framework.ComparisonFailure"><![CDATA[junit.framework.ComparisonFailure: expected:<"/[\\]"> but was:<"/[]">
	at com.jsoniter.output.TestNative.test_slash(TestNative.java:34)
]]></failure>
  </testcase>
</testsuite>