<?xml version="1.0" encoding="UTF-8"?>
<testsuite xmlns:xsi="http://www.w3.org/2001/XMLSchema-instance" xsi:noNamespaceSchemaLocation="https://maven.apache.org/surefire/maven-surefire-plugin/xsd/surefire-test-report.xsd" name="com.jsoniter.output.TestGson" time="0.188" tests="15" errors="14" skipped="0" failures="1">
  <properties>
[...]
</properties>
  <testcase name="test_disableHtmlEscaping_off" classname="com.jsoniter.output.TestGson" time="0.016">
    <error type="java.lang.NullPointerException">java.lang.NullPointerException
	at com.jsoniter.output.TestGson.test_disableHtmlEscaping_off(TestGson.java:216)
</error>
  </testcase>
  <testcase name="test_disableHtmlEscaping_off" classname="com.jsoniter.output.TestGson" time="0.015">
    <error type="java.lang.NullPointerException">java.lang.NullPointerException
	at com.jsoniter.output.TestGson.test_disableHtmlEscaping_off(TestGson.java:216)
</error>
  </testcase>
  <testcase name="test_disableHtmlEscaping_off" classname="com.jsoniter.output.TestGson" time="0.109">
    <error type="java.lang.NullPointerException">java.lang.NullPointerException
	at com.jsoniter.output.TestGson.test_disableHtmlEscaping_off(TestGson.java:216)
</error>
  </testcase>
  <testcase name="test_disableHtmlEscaping_off" classname="com.jsoniter.output.TestGson" time="0.016">
    <error type="java.lang.NullPointerException">java.lang.NullPointerException
	at com.jsoniter.output.TestGson.test_disableHtmlEscaping_off(TestGson.java:216)
</error>
  </testcase>
  <testcase name="test_getter_should_be_ignored" classname="com.jsoniter.output.TestGson" time="0">
    <error type="java.lang.UnsupportedOperationException">java.lang.UnsupportedOperationException
	at com.jsoniter.output.TestGson.test_getter_should_be_ignored(TestGson.java:65)
</error>
  </testcase>
  <testcase name="test_getter_should_be_ignored" classname="com.jsoniter.output.TestGson" time="0.016">
    <error type="java.lang.UnsupportedOperationException">java.lang.UnsupportedOperationException
	at com.jsoniter.output.TestGson.test_getter_should_be_ignored(TestGson.java:65)
</error>
  </testcase>
  <testcase name="test_getter_should_be_ignored" classname="com.jsoniter.output.TestGson" time="0.016">
    <error type="java.lang.UnsupportedOperationException">java.lang.UnsupportedOperationException
	at com.jsoniter.output.TestGson.test_getter_should_be_ignored(TestGson.java:65)
</error>
  </testcase>
  <testcase name="test_getter_should_be_ignored" classname="com.jsoniter.output.TestGson" time="0">
    <error type="java.lang.UnsupportedOperationException">java.lang.UnsupportedOperationException
	at com.jsoniter.output.TestGson.test_getter_should_be_ignored(TestGson.java:65)
</error>
  </testcase>
  <testcase name="test_setDateFormat_with_format" classname="com.jsoniter.output.TestGson" time="0.125">
    <error type="java.lang.NullPointerException">java.lang.NullPointerException
	at com.jsoniter.output.TestGson.test_setDateFormat_with_format(TestGson.java:142)
</error>
  </testcase>
  <testcase name="test_setDateFormat_with_format" classname="com.jsoniter.output.TestGson" time="0.094">
    <error type="java.lang.NullPointerException">java.lang.NullPointerException
	at com.jsoniter.output.TestGson.test_setDateFormat_with_format(TestGson.java:142)
</error>
  </testcase>
  <testcase name="test_setDateFormat_with_format" classname="com.jsoniter.output.TestGson" time="0.015">
    <error type="java.lang.NullPointerException">java.lang.NullPointerException
	at com.jsoniter.output.TestGson.test_setDateFormat_with_format(TestGson.java:142)
</error>
  </testcase>
  <testcase name="test_setDateFormat_with_format" classname="com.jsoniter.output.TestGson" time="0.031">
    <error type="java.lang.NullPointerException">java.lang.NullPointerException
	at com.jsoniter.output.TestGson.test_setDateFormat_with_format(TestGson.java:142)
</error>
  </testcase>
  <testcase name="test_disableHtmlEscaping_on" classname="com.jsoniter.output.TestGson" time="0">
    <error message="class com.jsoniter.spi.Config cannot be cast to class com.jsoniter.extra.GsonCompatibilityMode (com.jsoniter.spi.Config and com.jsoniter.extra.GsonCompatibilityMode are in unnamed module of loader &apos;app&apos;)" type="java.lang.ClassCastException">java.lang.ClassCastException: class com.jsoniter.spi.Config cannot be cast to class com.jsoniter.extra.GsonCompatibilityMode (com.jsoniter.spi.Config and com.jsoniter.extra.GsonCompatibilityMode are in unnamed module of loader 'app')
	at com.jsoniter.output.TestGson.test_disableHtmlEscaping_on(TestGson.java:227)
</error>
  </testcase>
  <testcase name="test_disableHtmlEscaping_on" classname="com.jsoniter.output.TestGson" time="0">
    <error message="class com.jsoniter.spi.Config cannot be cast to class com.jsoniter.extra.GsonCompatibilityMode (com.jsoniter.spi.Config and com.jsoniter.extra.GsonCompatibilityMode are in unnamed module of loader &apos;app&apos;)" type="java.lang.ClassCastException">java.lang.ClassCastException: class com.jsoniter.spi.Config cannot be cast to class com.jsoniter.extra.GsonCompatibilityMode (com.jsoniter.spi.Config and com.jsoniter.extra.GsonCompatibilityMode are in unnamed module of loader 'app')
	at com.jsoniter.output.TestGson.test_disableHtmlEscaping_on(TestGson.java:227)
</error>
  </testcase>
  <testcase name="test_disableHtmlEscaping_on" classname="com.jsoniter.output.TestGson" time="0">
    <error message="class com.jsoniter.spi.Config cannot be cast to class com.jsoniter.extra.GsonCompatibilityMode (com.jsoniter.spi.Config and com.jsoniter.extra.GsonCompatibilityMode are in unnamed module of loader &apos;app&apos;)" type="java.lang.ClassCastException">java.lang.ClassCastException: class com.jsoniter.spi.Config cannot be cast to class com.jsoniter.extra.GsonCompatibilityMode (com.jsoniter.spi.Config and com.jsoniter.extra.GsonCompatibilityMode are in unnamed module of loader 'app')
	at com.jsoniter.output.TestGson.test_disableHtmlEscaping_on(TestGson.java:227)
</error>
  </testcase>
  <testcase name="test_disableHtmlEscaping_on" classname="com.jsoniter.output.TestGson" time="0">
    <error message="class com.jsoniter.spi.Config cannot be cast to class com.jsoniter.extra.GsonCompatibilityMode (com.jsoniter.spi.Config and com.jsoniter.extra.GsonCompatibilityMode are in unnamed module of loader &apos;app&apos;)" type="java.lang.ClassCastException">java.lang.ClassCastException: class com.jsoniter.spi.Config cannot be cast to class com.jsoniter.extra.GsonCompatibilityMode (com.jsoniter.spi.Config and com.jsoniter.extra.GsonCompatibilityMode are in unnamed module of loader 'app')
	at com.jsoniter.output.TestGson.test_disableHtmlEscaping_on(TestGson.java:227)
</error>
  </testcase>
  <testcase name="test_Expose" classname="com.jsoniter.output.TestGson" time="0.016">
    <error type="java.lang.NullPointerException">java.lang.NullPointerException
	at com.jsoniter.output.TestGson.test_Expose(TestGson.java:49)
</error>
  </testcase>
  <testcase name="test_Expose" classname="com.jsoniter.output.TestGson" time="0">
    <error type="java.lang.NullPointerException">java.lang.NullPointerException
	at com.jsoniter.output.TestGson.test_Expose(TestGson.java:49)
</error>
  </testcase>
  <testcase name="test_Expose" classname="com.jsoniter.output.TestGson" time="0.094">
    <error type="java.lang.NullPointerException">java.lang.NullPointerException
	at com.jsoniter.output.TestGson.test_Expose(TestGson.java:49)
</error>
  </testcase>
  <testcase name="test_Expose" classname="com.jsoniter.output.TestGson" time="0.016">
    <error type="java.lang.NullPointerException">java.lang.NullPointerException
	at com.jsoniter.output.TestGson.test_Expose(TestGson.java:49)
</error>
  </testcase>
  <testcase name="test_SerializedName_on_field" classname="com.jsoniter.output.TestGson" time="0">
    <error type="java.lang.UnsupportedOperationException">java.lang.UnsupportedOperationException
	at com.jsoniter.output.TestGson.test_SerializedName_on_field(TestGson.java:32)
</error>
  </testcase>
  <testcase name="test_SerializedName_on_field" classname="com.jsoniter.output.TestGson" time="0.015">
    <error type="java.lang.UnsupportedOperationException">java.lang.UnsupportedOperationException
	at com.jsoniter.output.TestGson.test_SerializedName_on_field(TestGson.java:32)
</error>
  </testcase>
  <testcase name="test_SerializedName_on_field" classname="com.jsoniter.output.TestGson" time="0">
    <error type="java.lang.UnsupportedOperationException">java.lang.UnsupportedOperationException
	at com.jsoniter.output.TestGson.test_SerializedName_on_field(TestGson.java:32)
</error>
  </testcase>
  <testcase name="test_SerializedName_on_field" classname="com.jsoniter.output.TestGson" time="0.015">
    <error type="java.lang.UnsupportedOperationException">java.lang.UnsupportedOperationException
	at com.jsoniter.output.TestGson.test_SerializedName_on_field(TestGson.java:32)
</error>
  </testcase>
  <testcase name="test_setFieldNamingStrategy" classname="com.jsoniter.output.TestGson" time="0">
    <error message="class com.jsoniter.spi.Config cannot be cast to class com.jsoniter.extra.GsonCompatibilityMode (com.jsoniter.spi.Config and com.jsoniter.extra.GsonCompatibilityMode are in unnamed module of loader &apos;app&apos;)" type="java.lang.ClassCastException">java.lang.ClassCastException: class com.jsoniter.spi.Config cannot be cast to class com.jsoniter.extra.GsonCompatibilityMode (com.jsoniter.spi.Config and com.jsoniter.extra.GsonCompatibilityMode are in unnamed module of loader 'app')
	at com.jsoniter.output.TestGson.test_setFieldNamingStrategy(TestGson.java:166)
</error>
  </testcase>
  <testcase name="test_setFieldNamingStrategy" classname="com.jsoniter.output.TestGson" time="0">
    <error message="class com.jsoniter.spi.Config cannot be cast to class com.jsoniter.extra.GsonCompatibilityMode (com.jsoniter.spi.Config and com.jsoniter.extra.GsonCompatibilityMode are in unnamed module of loader &apos;app&apos;)" type="java.lang.ClassCastException">java.lang.ClassCastException: class com.jsoniter.spi.Config cannot be cast to class com.jsoniter.extra.GsonCompatibilityMode (com.jsoniter.spi.Config and com.jsoniter.extra.GsonCompatibilityMode are in unnamed module of loader 'app')
	at com.jsoniter.output.TestGson.test_setFieldNamingStrategy(TestGson.java:166)
</error>
  </testcase>
  <testcase name="test_setFieldNamingStrategy" classname="com.jsoniter.output.TestGson" time="0.016">
    <error message="class com.jsoniter.spi.Config cannot be cast to class com.jsoniter.extra.GsonCompatibilityMode (com.jsoniter.spi.Config and com.jsoniter.extra.GsonCompatibilityMode are in unnamed module of loader &apos;app&apos;)" type="java.lang.ClassCastException">java.lang.ClassCastException: class com.jsoniter.spi.Config cannot be cast to class com.jsoniter.extra.GsonCompatibilityMode (com.jsoniter.spi.Config and com.jsoniter.extra.GsonCompatibilityMode are in unnamed module of loader 'app')
	at com.jsoniter.output.TestGson.test_setFieldNamingStrategy(TestGson.java:166)
</error>
  </testcase>
  <testcase name="test_setFieldNamingStrategy" classname="com.jsoniter.output.TestGson" time="0.032">
    <error message="class com.jsoniter.spi.Config cannot be cast to class com.jsoniter.extra.GsonCompatibilityMode (com.jsoniter.spi.Config and com.jsoniter.extra.GsonCompatibilityMode are in unnamed module of loader &apos;app&apos;)" type="java.lang.ClassCastException">java.lang.ClassCastException: class com.jsoniter.spi.Config cannot be cast to class com.jsoniter.extra.GsonCompatibilityMode (com.jsoniter.spi.Config and com.jsoniter.extra.GsonCompatibilityMode are in unnamed module of loader 'app')
	at com.jsoniter.output.TestGson.test_setFieldNamingStrategy(TestGson.java:166)
</error>
  </testcase>
  <testcase name="test_excludeFieldsWithoutExposeAnnotation" classname="com.jsoniter.output.TestGson" time="0">
    <error type="java.lang.NullPointerException">java.lang.NullPointerException
	at com.jsoniter.output.TestGson.test_excludeFieldsWithoutExposeAnnotation(TestGson.java:81)
</error>
  </testcase>
  <testcase name="test_excludeFieldsWithoutExposeAnnotation" classname="com.jsoniter.output.TestGson" time="0">
    <error type="java.lang.NullPointerException">java.lang.NullPointerException
	at com.jsoniter.output.TestGson.test_excludeFieldsWithoutExposeAnnotation(TestGson.java:81)
</error>
  </testcase>
  <testcase name="test_excludeFieldsWithoutExposeAnnotation" classname="com.jsoniter.output.TestGson" time="0">
    <error type="java.lang.NullPointerException">java.lang.NullPointerException
	at com.jsoniter.output.TestGson.test_excludeFieldsWithoutExposeAnnotation(TestGson.java:81)
</error>
  </testcase>
  <testcase name="test_excludeFieldsWithoutExposeAnnotation" classname="com.jsoniter.output.TestGson" time="0">
    <error type="java.lang.NullPointerException">java.lang.NullPointerException
	at com.jsoniter.output.TestGson.test_excludeFieldsWithoutExposeAnnotation(TestGson.java:81)
</error>
  </testcase>
  <testcase name="test_setPrettyPrinting" classname="com.jsoniter.output.TestGson" time="0"/>
  <testcase name="test_setPrettyPrinting" classname="com.jsoniter.output.TestGson" time="0">
    <error type="java.lang.NullPointerException">java.lang.NullPointerException
	at com.jsoniter.output.TestGson.test_setPrettyPrinting(TestGson.java:201)
</error>
  </testcase>
  <testcase name="test_setPrettyPrinting" classname="com.jsoniter.output.TestGson" time="0"/>
  <testcase name="test_setPrettyPrinting" classname="com.jsoniter.output.TestGson" time="0">
    <error type="java.lang.NullPointerException">java.lang.NullPointerException
	at com.jsoniter.output.TestGson.test_setPrettyPrinting(TestGson.java:201)
</error>
  </testcase>
  <testcase name="test_setFieldNamingPolicy" classname="com.jsoniter.output.TestGson" time="0">
    <error message="class com.jsoniter.spi.Config cannot be cast to class com.jsoniter.extra.GsonCompatibilityMode (com.jsoniter.spi.Config and com.jsoniter.extra.GsonCompatibilityMode are in unnamed module of loader &apos;app&apos;)" type="java.lang.ClassCastException">java.lang.ClassCastException: class com.jsoniter.spi.Config cannot be cast to class com.jsoniter.extra.GsonCompatibilityMode (com.jsoniter.spi.Config and com.jsoniter.extra.GsonCompatibilityMode are in unnamed module of loader 'app')
	at com.jsoniter.output.TestGson.test_setFieldNamingPolicy(TestGson.java:181)
</error>
  </testcase>
  <testcase name="test_setFieldNamingPolicy" classname="com.jsoniter.output.TestGson" time="0">
    <error message="class com.jsoniter.spi.Config cannot be cast to class com.jsoniter.extra.GsonCompatibilityMode (com.jsoniter.spi.Config and com.jsoniter.extra.GsonCompatibilityMode are in unnamed module of loader &apos;app&apos;)" type="java.lang.ClassCastException">java.lang.ClassCastException: class com.jsoniter.spi.Config cannot be cast to class com.jsoniter.extra.GsonCompatibilityMode (com.jsoniter.spi.Config and com.jsoniter.extra.GsonCompatibilityMode are in unnamed module of loader 'app')
	at com.jsoniter.output.TestGson.test_setFieldNamingPolicy(TestGson.java:181)
</error>
  </testcase>
  <testcase name="test_setFieldNamingPolicy" classname="com.jsoniter.output.TestGson" time="0">
    <error message="class com.jsoniter.spi.Config cannot be cast to class com.jsoniter.extra.GsonCompatibilityMode (com.jsoniter.spi.Config and com.jsoniter.extra.GsonCompatibilityMode are in unnamed module of loader &apos;app&apos;)" type="java.lang.ClassCastException">java.lang.ClassCastException: class com.jsoniter.spi.Config cannot be cast to class com.jsoniter.extra.GsonCompatibilityMode (com.jsoniter.spi.Config and com.jsoniter.extra.GsonCompatibilityMode are in unnamed module of loader 'app')
	at com.jsoniter.output.TestGson.test_setFieldNamingPolicy(TestGson.java:181)
</error>
  </testcase>
  <testcase name="test_setFieldNamingPolicy" classname="com.jsoniter.output.TestGson" time="0">
    <error message="class com.jsoniter.spi.Config cannot be cast to class com.jsoniter.extra.GsonCompatibilityMode (com.jsoniter.spi.Config and com.jsoniter.extra.GsonCompatibilityMode are in unnamed module of loader &apos;app&apos;)" type="java.lang.ClassCastException">java.lang.ClassCastException: class com.jsoniter.spi.Config cannot be cast to class com.jsoniter.extra.GsonCompatibilityMode (com.jsoniter.spi.Config and com.jsoniter.extra.GsonCompatibilityMode are in unnamed module of loader 'app')
	at com.jsoniter.output.TestGson.test_setFieldNamingPolicy(TestGson.java:181)
</error>
  </testcase>
  <testcase name="test_serializeNulls" classname="com.jsoniter.output.TestGson" time="0.14">
    <error message="class com.jsoniter.spi.Config cannot be cast to class com.jsoniter.extra.GsonCompatibilityMode (com.jsoniter.spi.Config and com.jsoniter.extra.GsonCompatibilityMode are in unnamed module of loader &apos;app&apos;)" type="java.lang.ClassCastException">java.lang.ClassCastException: class com.jsoniter.spi.Config cannot be cast to class com.jsoniter.extra.GsonCompatibilityMode (com.jsoniter.spi.Config and com.jsoniter.extra.GsonCompatibilityMode are in unnamed module of loader 'app')
	at com.jsoniter.output.TestGson.test_serializeNulls(TestGson.java:102)
</error>
  </testcase>
  <testcase name="test_serializeNulls" classname="com.jsoniter.output.TestGson" time="0.016">
    <error message="class com.jsoniter.spi.Config cannot be cast to class com.jsoniter.extra.GsonCompatibilityMode (com.jsoniter.spi.Config and com.jsoniter.extra.GsonCompatibilityMode are in unnamed module of loader &apos;app&apos;)" type="java.lang.ClassCastException">java.lang.ClassCastException: class com.jsoniter.spi.Config cannot be cast to class com.jsoniter.extra.GsonCompatibilityMode (com.jsoniter.spi.Config and com.jsoniter.extra.GsonCompatibilityMode are in unnamed module of loader 'app')
	at com.jsoniter.output.TestGson.test_serializeNulls(TestGson.java:102)
</error>
  </testcase>
  <testcase name="test_serializeNulls" classname="com.jsoniter.output.TestGson" time="0.015">
    <error message="class com.jsoniter.spi.Config cannot be cast to class com.jsoniter.extra.GsonCompatibilityMode (com.jsoniter.spi.Config and com.jsoniter.extra.GsonCompatibilityMode are in unnamed module of loader &apos;app&apos;)" type="java.lang.ClassCastException">java.lang.ClassCastException: class com.jsoniter.spi.Config cannot be cast to class com.jsoniter.extra.GsonCompatibilityMode (com.jsoniter.spi.Config and com.jsoniter.extra.GsonCompatibilityMode are in unnamed module of loader 'app')
	at com.jsoniter.output.TestGson.test_serializeNulls(TestGson.java:102)
</error>
  </testcase>
  <testcase name="test_serializeNulls" classname="com.jsoniter.output.TestGson" time="0">
    <error message="class com.jsoniter.spi.Config cannot be cast to class com.jsoniter.extra.GsonCompatibilityMode (com.jsoniter.spi.Config and com.jsoniter.extra.GsonCompatibilityMode are in unnamed module of loader &apos;app&apos;)" type="java.lang.ClassCastException">java.lang.ClassCastException: class com.jsoniter.spi.Config cannot be cast to class com.jsoniter.extra.GsonCompatibilityMode (com.jsoniter.spi.Config and com.jsoniter.extra.GsonCompatibilityMode are in unnamed module of loader 'app')
	at com.jsoniter.output.TestGson.test_serializeNulls(TestGson.java:102)
</error>
  </testcase>
  <testcase name="test_addSerializationExclusionStrategy" classname="com.jsoniter.output.TestGson" time="0">
    <error message="class com.jsoniter.spi.Config cannot be cast to class com.jsoniter.extra.GsonCompatibilityMode (com.jsoniter.spi.Config and com.jsoniter.extra.GsonCompatibilityMode are in unnamed module of loader &apos;app&apos;)" type="java.lang.ClassCastException">java.lang.ClassCastException: class com.jsoniter.spi.Config cannot be cast to class com.jsoniter.extra.GsonCompatibilityMode (com.jsoniter.spi.Config and com.jsoniter.extra.GsonCompatibilityMode are in unnamed module of loader 'app')
	at com.jsoniter.output.TestGson.test_addSerializationExclusionStrategy(TestGson.java:277)
</error>
  </testcase>
  <testcase name="test_addSerializationExclusionStrategy" classname="com.jsoniter.output.TestGson" time="0.094">
    <error message="class com.jsoniter.spi.Config cannot be cast to class com.jsoniter.extra.GsonCompatibilityMode (com.jsoniter.spi.Config and com.jsoniter.extra.GsonCompatibilityMode are in unnamed module of loader &apos;app&apos;)" type="java.lang.ClassCastException">java.lang.ClassCastException: class com.jsoniter.spi.Config cannot be cast to class com.jsoniter.extra.GsonCompatibilityMode (com.jsoniter.spi.Config and com.jsoniter.extra.GsonCompatibilityMode are in unnamed module of loader 'app')
	at com.jsoniter.output.TestGson.test_addSerializationExclusionStrategy(TestGson.java:277)
</error>
  </testcase>
  <testcase name="test_addSerializationExclusionStrategy" classname="com.jsoniter.output.TestGson" time="0.016">
    <error message="class com.jsoniter.spi.Config cannot be cast to class com.jsoniter.extra.GsonCompatibilityMode (com.jsoniter.spi.Config and com.jsoniter.extra.GsonCompatibilityMode are in unnamed module of loader &apos;app&apos;)" type="java.lang.ClassCastException">java.lang.ClassCastException: class com.jsoniter.spi.Config cannot be cast to class com.jsoniter.extra.GsonCompatibilityMode (com.jsoniter.spi.Config and com.jsoniter.extra.GsonCompatibilityMode are in unnamed module of loader 'app')
	at com.jsoniter.output.TestGson.test_addSerializationExclusionStrategy(TestGson.java:277)
</error>
  </testcase>
  <testcase name="test_addSerializationExclusionStrategy" classname="com.jsoniter.output.TestGson" time="0.062">
    <error message="class com.jsoniter.spi.Config cannot be cast to class com.jsoniter.extra.GsonCompatibilityMode (com.jsoniter.spi.Config and com.jsoniter.extra.GsonCompatibilityMode are in unnamed module of loader &apos;app&apos;)" type="java.lang.ClassCastException">java.lang.ClassCastException: class com.jsoniter.spi.Config cannot be cast to class com.jsoniter.extra.GsonCompatibilityMode (com.jsoniter.spi.Config and com.jsoniter.extra.GsonCompatibilityMode are in unnamed module of loader 'app')
	at com.jsoniter.output.TestGson.test_addSerializationExclusionStrategy(TestGson.java:277)
</error>
  </testcase>
  <testcase name="test_setDateFormat_with_style" classname="com.jsoniter.output.TestGson" time="0.032">
    <failure message="expected:&lt;&quot;January 1, 1970 []12:00:00 AM UTC&quot;&gt; but was:&lt;&quot;January 1, 1970 [at ]12:00:00 AM UTC&quot;&gt;" type="junit.framework.ComparisonFailure"><![CDATA[junit.framework.ComparisonFailure: expected:<"January 1, 1970 []12:00:00 AM UTC"> but was:<"January 1, 1970 [at ]12:00:00 AM UTC">
	at com.jsoniter.output.TestGson.test_setDateFormat_with_style(TestGson.java:120)
]]></failure>
  </testcase>
  <testcase name="test_setDateFormat_with_style" classname="com.jsoniter.output.TestGson" time="0.015">
    <failure message="expected:&lt;&quot;January 1, 1970 []12:00:00 AM UTC&quot;&gt; but was:&lt;&quot;January 1, 1970 [at ]12:00:00 AM UTC&quot;&gt;" type="junit.framework.ComparisonFailure"><![CDATA[junit.framework.ComparisonFailure: expected:<"January 1, 1970 []12:00:00 AM UTC"> but was:<"January 1, 1970 [at ]12:00:00 AM UTC">
	at com.jsoniter.output.TestGson.test_setDateFormat_with_style(TestGson.java:120)
]]></failure>
  </testcase>
  <testcase name="test_setDateFormat_with_style" classname="com.jsoniter.output.TestGson" time="0.016">
    <failure message="expected:&lt;&quot;January 1, 1970 []12:00:00 AM UTC&quot;&gt; but was:&lt;&quot;January 1, 1970 [at ]12:00:00 AM UTC&quot;&gt;" type="junit.framework.ComparisonFailure"><![CDATA[junit.framework.ComparisonFailure: expected:<"January 1, 1970 []12:00:00 AM UTC"> but was:<"January 1, 1970 [at ]12:00:00 AM UTC">
	at com.jsoniter.output.TestGson.test_setDateFormat_with_style(TestGson.java:120)
]]></failure>
  </testcase>
  <testcase name="test_setDateFormat_with_style" classname="com.jsoniter.output.TestGson" time="0.016">
    <failure message="expected:&lt;&quot;January 1, 1970 []12:00:00 AM UTC&quot;&gt; but was:&lt;&quot;January 1, 1970 [at ]12:00:00 AM UTC&quot;&gt;" type="junit.framework.ComparisonFailure"><![CDATA[junit.framework.ComparisonFailure: expected:<"January 1, 1970 []12:00:00 AM UTC"> but was:<"January 1, 1970 [at ]12:00:00 AM UTC">
	at com.jsoniter.output.TestGson.test_setDateFormat_with_style(TestGson.java:120)
]]></failure>
  </testcase>
  <testcase name="test_surrogate" classname="com.jsoniter.output.TestGson" time="0">
    <error type="java.lang.NullPointerException">java.lang.NullPointerException
	at com.jsoniter.output.TestGson.test_surrogate(TestGson.java:291)
</error>
  </testcase>
  <testcase name="test_surrogate" classname="com.jsoniter.output.TestGson" time="0">
    <error type="java.lang.NullPointerException">java.lang.NullPointerException
	at com.jsoniter.output.TestGson.test_surrogate(TestGson.java:291)
</error>
  </testcase>
  <testcase name="test_surrogate" classname="com.jsoniter.output.TestGson" time="0">
    <error type="java.lang.NullPointerException">java.lang.NullPointerException
	at com.jsoniter.output.TestGson.test_surrogate(TestGson.java:291)
</error>
  </testcase>
  <testcase name="test_surrogate" classname="com.jsoniter.output.TestGson" time="0">
    <error type="java.lang.NullPointerException">java.lang.NullPointerException
	at com.jsoniter.output.TestGson.test_surrogate(TestGson.java:291)
</error>
  </testcase>
  <testcase name="test_setVersion" classname="com.jsoniter.output.TestGson" time="0">
    <error type="java.lang.NullPointerException">java.lang.NullPointerException
	at com.jsoniter.output.TestGson.test_setVersion(TestGson.java:252)
</error>
  </testcase>
  <testcase name="test_setVersion" classname="com.jsoniter.output.TestGson" time="0.016">
    <error type="java.lang.NullPointerException">java.lang.NullPointerException
	at com.jsoniter.output.TestGson.test_setVersion(TestGson.java:252)
</error>
  </testcase>
  <testcase name="test_setVersion" classname="com.jsoniter.output.TestGson" time="0.062">
    <error type="java.lang.NullPointerException">java.lang.NullPointerException
	at com.jsoniter.output.TestGson.test_setVersion(TestGson.java:252)
</error>
  </testcase>
  <testcase name="test_setVersion" classname="com.jsoniter.output.TestGson" time="0">
    <error type="java.lang.NullPointerException">java.lang.NullPointerException
	at com.jsoniter.output.TestGson.test_setVersion(TestGson.java:252)
</error>
  </testcase>
</testsuite>