<?xml version="1.0" encoding="UTF-8"?>
<testsuite xmlns:xsi="http://www.w3.org/2001/XMLSchema-instance" xsi:noNamespaceSchemaLocation="https://maven.apache.org/surefire/maven-surefire-plugin/xsd/surefire-test-report.xsd" name="com.jsoniter.TestReadAny" time="0.078" tests="20" errors="11" skipped="0" failures="2">
  <properties>
[...]
</properties>
  <testcase name="test_read_any" classname="com.jsoniter.TestReadAny" time="0">
    <failure message="expected:&lt;3&gt; but was:&lt;1&gt;" type="junit.framework.AssertionFailedError"><![CDATA[junit.framework.AssertionFailedError: expected:<3> but was:<1>
	at com.jsoniter.TestReadAny.test_read_any(TestReadAny.java:24)
]]></failure>
  </testcase>
  <testcase name="test_read_any" classname="com.jsoniter.TestReadAny" time="0.156">
    <failure message="expected:&lt;3&gt; but was:&lt;1&gt;" type="junit.framework.AssertionFailedError"><![CDATA[junit.framework.AssertionFailedError: expected:<3> but was:<1>
	at com.jsoniter.TestReadAny.test_read_any(TestReadAny.java:24)
]]></failure>
  </testcase>
  <testcase name="test_read_any" classname="com.jsoniter.TestReadAny" time="0">
    <failure message="expected:&lt;3&gt; but was:&lt;1&gt;" type="junit.framework.AssertionFailedError"><![CDATA[junit.framework.AssertionFailedError: expected:<3> but was:<1>
	at com.jsoniter.TestReadAny.test_read_any(TestReadAny.java:24)
]]></failure>
  </testcase>
  <testcase name="test_read_any" classname="com.jsoniter.TestReadAny" time="0">
    <failure message="expected:&lt;3&gt; but was:&lt;1&gt;" type="junit.framework.AssertionFailedError"><![CDATA[junit.framework.AssertionFailedError: expected:<3> but was:<1>
	at com.jsoniter.TestReadAny.test_read_any(TestReadAny.java:24)
]]></failure>
  </testcase>
  <testcase name="test_read_int" classname="com.jsoniter.TestReadAny" time="0.094"/>
  <testcase name="test_read_int" classname="com.jsoniter.TestReadAny" time="0.016"/>
  <testcase name="test_read_int" classname="com.jsoniter.TestReadAny" time="0"/>
  <testcase name="test_read_int" classname="com.jsoniter.TestReadAny" time="0.062"/>
  <testcase name="test_read_class" classname="com.jsoniter.TestReadAny" time="0">
    <error message="Could not initialize class com.jsoniter.any.ObjectLazyAny" type="java.lang.NoClassDefFoundError">java.lang.NoClassDefFoundError: Could not initialize class com.jsoniter.any.ObjectLazyAny
	at com.jsoniter.TestReadAny.test_read_class(TestReadAny.java:148)
</error>
  </testcase>
  <testcase name="test_read_class" classname="com.jsoniter.TestReadAny" time="0.015">
    <error message="Could not initialize class com.jsoniter.any.ObjectLazyAny" type="java.lang.NoClassDefFoundError">java.lang.NoClassDefFoundError: Could not initialize class com.jsoniter.any.ObjectLazyAny
	at com.jsoniter.TestReadAny.test_read_class(TestReadAny.java:148)
</error>
  </testcase>
  <testcase name="test_read_class" classname="com.jsoniter.TestReadAny" time="0">
    <error message="Could not initialize class com.jsoniter.any.ObjectLazyAny" type="java.lang.NoClassDefFoundError">java.lang.NoClassDefFoundError: Could not initialize class com.jsoniter.any.ObjectLazyAny
	at com.jsoniter.TestReadAny.test_read_class(TestReadAny.java:148)
</error>
  </testcase>
  <testcase name="test_read_class" classname="com.jsoniter.TestReadAny" time="0">
    <error message="Could not initialize class com.jsoniter.any.ObjectLazyAny" type="java.lang.NoClassDefFoundError">java.lang.NoClassDefFoundError: Could not initialize class com.jsoniter.any.ObjectLazyAny
	at com.jsoniter.TestReadAny.test_read_class(TestReadAny.java:148)
</error>
  </testcase>
  <testcase name="test_read_float" classname="com.jsoniter.TestReadAny" time="0"/>
  <testcase name="test_read_float" classname="com.jsoniter.TestReadAny" time="0"/>
  <testcase name="test_read_float" classname="com.jsoniter.TestReadAny" time="0"/>
  <testcase name="test_read_float" classname="com.jsoniter.TestReadAny" time="0"/>
  <testcase name="test_keys" classname="com.jsoniter.TestReadAny" time="0">
    <error message="Could not initialize class com.jsoniter.any.ObjectLazyAny" type="java.lang.NoClassDefFoundError">java.lang.NoClassDefFoundError: Could not initialize class com.jsoniter.any.ObjectLazyAny
	at com.jsoniter.TestReadAny.test_keys(TestReadAny.java:133)
</error>
  </testcase>
  <testcase name="test_keys" classname="com.jsoniter.TestReadAny" time="0">
    <error message="Could not initialize class com.jsoniter.any.ObjectLazyAny" type="java.lang.NoClassDefFoundError">java.lang.NoClassDefFoundError: Could not initialize class com.jsoniter.any.ObjectLazyAny
	at com.jsoniter.TestReadAny.test_keys(TestReadAny.java:133)
</error>
  </testcase>
  <testcase name="test_keys" classname="com.jsoniter.TestReadAny" time="0">
    <error message="Could not initialize class com.jsoniter.any.ObjectLazyAny" type="java.lang.NoClassDefFoundError">java.lang.NoClassDefFoundError: Could not initialize class com.jsoniter.any.ObjectLazyAny
	at com.jsoniter.TestReadAny.test_keys(TestReadAny.java:133)
</error>
  </testcase>
  <testcase name="test_keys" classname="com.jsoniter.TestReadAny" time="0">
    <error message="Could not initialize class com.jsoniter.any.ObjectLazyAny" type="java.lang.NoClassDefFoundError">java.lang.NoClassDefFoundError: Could not initialize class com.jsoniter.any.ObjectLazyAny
	at com.jsoniter.TestReadAny.test_keys(TestReadAny.java:133)
</error>
  </testcase>
  <testcase name="test_size" classname="com.jsoniter.TestReadAny" time="0">
    <error message="com.jsoniter.spi.JsonException: skipArray: incomplete array, head: 1, peek: [, buf: []" type="com.jsoniter.spi.JsonException">com.jsoniter.spi.JsonException: com.jsoniter.spi.JsonException: skipArray: incomplete array, head: 1, peek: [, buf: []
	at com.jsoniter.TestReadAny.test_size(TestReadAny.java:126)
Caused by: com.jsoniter.spi.JsonException: skipArray: incomplete array, head: 1, peek: [, buf: []
	at com.jsoniter.TestReadAny.test_size(TestReadAny.java:126)
</error>
  </testcase>
  <testcase name="test_size" classname="com.jsoniter.TestReadAny" time="0">
    <error message="com.jsoniter.spi.JsonException: skipArray: incomplete array, head: 1, peek: [, buf: []" type="com.jsoniter.spi.JsonException">com.jsoniter.spi.JsonException: com.jsoniter.spi.JsonException: skipArray: incomplete array, head: 1, peek: [, buf: []
	at com.jsoniter.TestReadAny.test_size(TestReadAny.java:126)
Caused by: com.jsoniter.spi.JsonException: skipArray: incomplete array, head: 1, peek: [, buf: []
	at com.jsoniter.TestReadAny.test_size(TestReadAny.java:126)
</error>
  </testcase>
  <testcase name="test_size" classname="com.jsoniter.TestReadAny" time="0">
    <error message="com.jsoniter.spi.JsonException: skipArray: incomplete array, head: 1, peek: [, buf: []" type="com.jsoniter.spi.JsonException">com.jsoniter.spi.JsonException: com.jsoniter.spi.JsonException: skipArray: incomplete array, head: 1, peek: [, buf: []
	at com.jsoniter.TestReadAny.test_size(TestReadAny.java:126)
Caused by: com.jsoniter.spi.JsonException: skipArray: incomplete array, head: 1, peek: [, buf: []
	at com.jsoniter.TestReadAny.test_size(TestReadAny.java:126)
</error>
  </testcase>
  <testcase name="test_size" classname="com.jsoniter.TestReadAny" time="0">
    <error message="com.jsoniter.spi.JsonException: skipArray: incomplete array, head: 1, peek: [, buf: []" type="com.jsoniter.spi.JsonException">com.jsoniter.spi.JsonException: com.jsoniter.spi.JsonException: skipArray: incomplete array, head: 1, peek: [, buf: []
	at com.jsoniter.TestReadAny.test_size(TestReadAny.java:126)
Caused by: com.jsoniter.spi.JsonException: skipArray: incomplete array, head: 1, peek: [, buf: []
	at com.jsoniter.TestReadAny.test_size(TestReadAny.java:126)
</error>
  </testcase>
  <testcase name="test_get" classname="com.jsoniter.TestReadAny" time="0">
    <error message="com.jsoniter.spi.JsonException: deserialize: trailing garbage found, head: 2, peek: [1, buf: [100.5]" type="com.jsoniter.spi.JsonException">com.jsoniter.spi.JsonException: com.jsoniter.spi.JsonException: deserialize: trailing garbage found, head: 2, peek: [1, buf: [100.5]
	at com.jsoniter.TestReadAny.test_get(TestReadAny.java:104)
Caused by: com.jsoniter.spi.JsonException: deserialize: trailing garbage found, head: 2, peek: [1, buf: [100.5]
	at com.jsoniter.TestReadAny.test_get(TestReadAny.java:104)
</error>
  </testcase>
  <testcase name="test_get" classname="com.jsoniter.TestReadAny" time="0">
    <error message="com.jsoniter.spi.JsonException: deserialize: trailing garbage found, head: 2, peek: [1, buf: [100.5]" type="com.jsoniter.spi.JsonException">com.jsoniter.spi.JsonException: com.jsoniter.spi.JsonException: deserialize: trailing garbage found, head: 2, peek: [1, buf: [100.5]
	at com.jsoniter.TestReadAny.test_get(TestReadAny.java:104)
Caused by: com.jsoniter.spi.JsonException: deserialize: trailing garbage found, head: 2, peek: [1, buf: [100.5]
	at com.jsoniter.TestReadAny.test_get(TestReadAny.java:104)
</error>
  </testcase>
  <testcase name="test_get" classname="com.jsoniter.TestReadAny" time="0">
    <error message="com.jsoniter.spi.JsonException: deserialize: trailing garbage found, head: 2, peek: [1, buf: [100.5]" type="com.jsoniter.spi.JsonException">com.jsoniter.spi.JsonException: com.jsoniter.spi.JsonException: deserialize: trailing garbage found, head: 2, peek: [1, buf: [100.5]
	at com.jsoniter.TestReadAny.test_get(TestReadAny.java:104)
Caused by: com.jsoniter.spi.JsonException: deserialize: trailing garbage found, head: 2, peek: [1, buf: [100.5]
	at com.jsoniter.TestReadAny.test_get(TestReadAny.java:104)
</error>
  </testcase>
  <testcase name="test_get" classname="com.jsoniter.TestReadAny" time="0">
    <error message="com.jsoniter.spi.JsonException: deserialize: trailing garbage found, head: 2, peek: [1, buf: [100.5]" type="com.jsoniter.spi.JsonException">com.jsoniter.spi.JsonException: com.jsoniter.spi.JsonException: deserialize: trailing garbage found, head: 2, peek: [1, buf: [100.5]
	at com.jsoniter.TestReadAny.test_get(TestReadAny.java:104)
Caused by: com.jsoniter.spi.JsonException: deserialize: trailing garbage found, head: 2, peek: [1, buf: [100.5]
	at com.jsoniter.TestReadAny.test_get(TestReadAny.java:104)
</error>
  </testcase>
  <testcase name="test_read_long" classname="com.jsoniter.TestReadAny" time="0"/>
  <testcase name="test_read_long" classname="com.jsoniter.TestReadAny" time="0"/>
  <testcase name="test_read_long" classname="com.jsoniter.TestReadAny" time="0.063"/>
  <testcase name="test_read_long" classname="com.jsoniter.TestReadAny" time="0"/>
  <testcase name="test_read_int_object" classname="com.jsoniter.TestReadAny" time="0">
    <error message="Could not initialize class com.jsoniter.any.ObjectLazyAny" type="java.lang.NoClassDefFoundError">java.lang.NoClassDefFoundError: Could not initialize class com.jsoniter.any.ObjectLazyAny
	at com.jsoniter.TestReadAny.test_read_int_object(TestReadAny.java:76)
</error>
  </testcase>
  <testcase name="test_read_int_object" classname="com.jsoniter.TestReadAny" time="0">
    <error message="Could not initialize class com.jsoniter.any.ObjectLazyAny" type="java.lang.NoClassDefFoundError">java.lang.NoClassDefFoundError: Could not initialize class com.jsoniter.any.ObjectLazyAny
	at com.jsoniter.TestReadAny.test_read_int_object(TestReadAny.java:76)
</error>
  </testcase>
  <testcase name="test_read_int_object" classname="com.jsoniter.TestReadAny" time="0">
    <error message="Could not initialize class com.jsoniter.any.ObjectLazyAny" type="java.lang.NoClassDefFoundError">java.lang.NoClassDefFoundError: Could not initialize class com.jsoniter.any.ObjectLazyAny
	at com.jsoniter.TestReadAny.test_read_int_object(TestReadAny.java:76)
</error>
  </testcase>
  <testcase name="test_read_int_object" classname="com.jsoniter.TestReadAny" time="0">
    <error message="Could not initialize class com.jsoniter.any.ObjectLazyAny" type="java.lang.NoClassDefFoundError">java.lang.NoClassDefFoundError: Could not initialize class com.jsoniter.any.ObjectLazyAny
	at com.jsoniter.TestReadAny.test_read_int_object(TestReadAny.java:76)
</error>
  </testcase>
  <testcase name="test_read_double" classname="com.jsoniter.TestReadAny" time="0"/>
  <testcase name="test_read_double" classname="com.jsoniter.TestReadAny" time="0.016"/>
  <testcase name="test_read_double" classname="com.jsoniter.TestReadAny" time="0"/>
  <testcase name="test_read_double" classname="com.jsoniter.TestReadAny" time="0"/>
  <testcase name="test_read_int_as_string" classname="com.jsoniter.TestReadAny" time="0.016"/>
  <testcase name="test_read_int_as_string" classname="com.jsoniter.TestReadAny" time="0"/>
  <testcase name="test_read_int_as_string" classname="com.jsoniter.TestReadAny" time="0"/>
  <testcase name="test_read_int_as_string" classname="com.jsoniter.TestReadAny" time="0"/>
  <testcase name="test_read_string" classname="com.jsoniter.TestReadAny" time="0"/>
  <testcase name="test_read_string" classname="com.jsoniter.TestReadAny" time="0"/>
  <testcase name="test_read_string" classname="com.jsoniter.TestReadAny" time="0"/>
  <testcase name="test_read_string" classname="com.jsoniter.TestReadAny" time="0"/>
  <testcase name="test_bind_to_any" classname="com.jsoniter.TestReadAny" time="0">
    <error type="java.lang.NullPointerException">java.lang.NullPointerException
	at com.jsoniter.TestReadAny.test_bind_to_any(TestReadAny.java:29)
</error>
  </testcase>
  <testcase name="test_bind_to_any" classname="com.jsoniter.TestReadAny" time="0">
    <error type="java.lang.NullPointerException">java.lang.NullPointerException
	at com.jsoniter.TestReadAny.test_bind_to_any(TestReadAny.java:29)
</error>
  </testcase>
  <testcase name="test_bind_to_any" classname="com.jsoniter.TestReadAny" time="0">
    <error type="java.lang.NullPointerException">java.lang.NullPointerException
	at com.jsoniter.TestReadAny.test_bind_to_any(TestReadAny.java:29)
</error>
  </testcase>
  <testcase name="test_bind_to_any" classname="com.jsoniter.TestReadAny" time="0">
    <error type="java.lang.NullPointerException">java.lang.NullPointerException
	at com.jsoniter.TestReadAny.test_bind_to_any(TestReadAny.java:29)
</error>
  </testcase>
  <testcase name="test_read_boolean" classname="com.jsoniter.TestReadAny" time="0">
    <error message="com.jsoniter.spi.JsonException: skipObject: incomplete object, head: 1, peek: {, buf: {}" type="com.jsoniter.spi.JsonException">com.jsoniter.spi.JsonException: com.jsoniter.spi.JsonException: skipObject: incomplete object, head: 1, peek: {, buf: {}
	at com.jsoniter.TestReadAny.test_read_boolean(TestReadAny.java:56)
Caused by: com.jsoniter.spi.JsonException: skipObject: incomplete object, head: 1, peek: {, buf: {}
	at com.jsoniter.TestReadAny.test_read_boolean(TestReadAny.java:56)
</error>
  </testcase>
  <testcase name="test_read_boolean" classname="com.jsoniter.TestReadAny" time="0">
    <error message="com.jsoniter.spi.JsonException: skipObject: incomplete object, head: 1, peek: {, buf: {}" type="com.jsoniter.spi.JsonException">com.jsoniter.spi.JsonException: com.jsoniter.spi.JsonException: skipObject: incomplete object, head: 1, peek: {, buf: {}
	at com.jsoniter.TestReadAny.test_read_boolean(TestReadAny.java:56)
Caused by: com.jsoniter.spi.JsonException: skipObject: incomplete object, head: 1, peek: {, buf: {}
	at com.jsoniter.TestReadAny.test_read_boolean(TestReadAny.java:56)
</error>
  </testcase>
  <testcase name="test_read_boolean" classname="com.jsoniter.TestReadAny" time="0">
    <error message="com.jsoniter.spi.JsonException: skipObject: incomplete object, head: 1, peek: {, buf: {}" type="com.jsoniter.spi.JsonException">com.jsoniter.spi.JsonException: com.jsoniter.spi.JsonException: skipObject: incomplete object, head: 1, peek: {, buf: {}
	at com.jsoniter.TestReadAny.test_read_boolean(TestReadAny.java:56)
Caused by: com.jsoniter.spi.JsonException: skipObject: incomplete object, head: 1, peek: {, buf: {}
	at com.jsoniter.TestReadAny.test_read_boolean(TestReadAny.java:56)
</error>
  </testcase>
  <testcase name="test_read_boolean" classname="com.jsoniter.TestReadAny" time="0">
    <error message="com.jsoniter.spi.JsonException: skipObject: incomplete object, head: 1, peek: {, buf: {}" type="com.jsoniter.spi.JsonException">com.jsoniter.spi.JsonException: com.jsoniter.spi.JsonException: skipObject: incomplete object, head: 1, peek: {, buf: {}
	at com.jsoniter.TestReadAny.test_read_boolean(TestReadAny.java:56)
Caused by: com.jsoniter.spi.JsonException: skipObject: incomplete object, head: 1, peek: {, buf: {}
	at com.jsoniter.TestReadAny.test_read_boolean(TestReadAny.java:56)
</error>
  </testcase>
  <testcase name="test_read_any_from_string" classname="com.jsoniter.TestReadAny" time="0">
    <error message="Could not initialize class com.jsoniter.any.ObjectLazyAny" type="java.lang.NoClassDefFoundError">java.lang.NoClassDefFoundError: Could not initialize class com.jsoniter.any.ObjectLazyAny
	at com.jsoniter.TestReadAny.test_read_any_from_string(TestReadAny.java:37)
</error>
  </testcase>
  <testcase name="test_read_any_from_string" classname="com.jsoniter.TestReadAny" time="0">
    <error message="Could not initialize class com.jsoniter.any.ObjectLazyAny" type="java.lang.NoClassDefFoundError">java.lang.NoClassDefFoundError: Could not initialize class com.jsoniter.any.ObjectLazyAny
	at com.jsoniter.TestReadAny.test_read_any_from_string(TestReadAny.java:37)
</error>
  </testcase>
  <testcase name="test_read_any_from_string" classname="com.jsoniter.TestReadAny" time="0">
    <error message="Could not initialize class com.jsoniter.any.ObjectLazyAny" type="java.lang.NoClassDefFoundError">java.lang.NoClassDefFoundError: Could not initialize class com.jsoniter.any.ObjectLazyAny
	at com.jsoniter.TestReadAny.test_read_any_from_string(TestReadAny.java:37)
</error>
  </testcase>
  <testcase name="test_read_any_from_string" classname="com.jsoniter.TestReadAny" time="0">
    <error message="Could not initialize class com.jsoniter.any.ObjectLazyAny" type="java.lang.NoClassDefFoundError">java.lang.NoClassDefFoundError: Could not initialize class com.jsoniter.any.ObjectLazyAny
	at com.jsoniter.TestReadAny.test_read_any_from_string(TestReadAny.java:37)
</error>
  </testcase>
  <testcase name="test_read_multiple_field" classname="com.jsoniter.TestReadAny" time="0">
    <error message="Could not initialize class com.jsoniter.any.ObjectLazyAny" type="java.lang.NoClassDefFoundError">java.lang.NoClassDefFoundError: Could not initialize class com.jsoniter.any.ObjectLazyAny
	at com.jsoniter.TestReadAny.test_read_multiple_field(TestReadAny.java:153)
</error>
  </testcase>
  <testcase name="test_read_multiple_field" classname="com.jsoniter.TestReadAny" time="0">
    <error message="Could not initialize class com.jsoniter.any.ObjectLazyAny" type="java.lang.NoClassDefFoundError">java.lang.NoClassDefFoundError: Could not initialize class com.jsoniter.any.ObjectLazyAny
	at com.jsoniter.TestReadAny.test_read_multiple_field(TestReadAny.java:153)
</error>
  </testcase>
  <testcase name="test_read_multiple_field" classname="com.jsoniter.TestReadAny" time="0">
    <error message="Could not initialize class com.jsoniter.any.ObjectLazyAny" type="java.lang.NoClassDefFoundError">java.lang.NoClassDefFoundError: Could not initialize class com.jsoniter.any.ObjectLazyAny
	at com.jsoniter.TestReadAny.test_read_multiple_field(TestReadAny.java:153)
</error>
  </testcase>
  <testcase name="test_read_multiple_field" classname="com.jsoniter.TestReadAny" time="0">
    <error message="Could not initialize class com.jsoniter.any.ObjectLazyAny" type="java.lang.NoClassDefFoundError">java.lang.NoClassDefFoundError: Could not initialize class com.jsoniter.any.ObjectLazyAny
	at com.jsoniter.TestReadAny.test_read_multiple_field(TestReadAny.java:153)
</error>
  </testcase>
  <testcase name="test_read_int_array" classname="com.jsoniter.TestReadAny" time="0">
    <failure message="expected:&lt;100&gt; but was:&lt;1&gt;" type="junit.framework.AssertionFailedError"><![CDATA[junit.framework.AssertionFailedError: expected:<100> but was:<1>
	at com.jsoniter.TestReadAny.test_read_int_array(TestReadAny.java:70)
]]></failure>
  </testcase>
  <testcase name="test_read_int_array" classname="com.jsoniter.TestReadAny" time="0">
    <failure message="expected:&lt;100&gt; but was:&lt;1&gt;" type="junit.framework.AssertionFailedError"><![CDATA[junit.framework.AssertionFailedError: expected:<100> but was:<1>
	at com.jsoniter.TestReadAny.test_read_int_array(TestReadAny.java:70)
]]></failure>
  </testcase>
  <testcase name="test_read_int_array" classname="com.jsoniter.TestReadAny" time="0">
    <failure message="expected:&lt;100&gt; but was:&lt;1&gt;" type="junit.framework.AssertionFailedError"><![CDATA[junit.framework.AssertionFailedError: expected:<100> but was:<1>
	at com.jsoniter.TestReadAny.test_read_int_array(TestReadAny.java:70)
]]></failure>
  </testcase>
  <testcase name="test_read_int_array" classname="com.jsoniter.TestReadAny" time="0">
    <failure message="expected:&lt;100&gt; but was:&lt;1&gt;" type="junit.framework.AssertionFailedError"><![CDATA[junit.framework.AssertionFailedError: expected:<100> but was:<1>
	at com.jsoniter.TestReadAny.test_read_int_array(TestReadAny.java:70)
]]></failure>
  </testcase>
  <testcase name="test_read_float_as_int" classname="com.jsoniter.TestReadAny" time="0">
    <error message="com.jsoniter.spi.JsonException: skipString: incomplete string, head: 2, peek: [&quot;, buf: [&quot;100.1&quot;,&quot;101.1&quot;]" type="com.jsoniter.spi.JsonException">com.jsoniter.spi.JsonException: com.jsoniter.spi.JsonException: skipString: incomplete string, head: 2, peek: [", buf: ["100.1","101.1"]
	at com.jsoniter.TestReadAny.test_read_float_as_int(TestReadAny.java:83)
Caused by: com.jsoniter.spi.JsonException: skipString: incomplete string, head: 2, peek: [", buf: ["100.1","101.1"]
	at com.jsoniter.TestReadAny.test_read_float_as_int(TestReadAny.java:83)
</error>
  </testcase>
  <testcase name="test_read_float_as_int" classname="com.jsoniter.TestReadAny" time="0">
    <error message="com.jsoniter.spi.JsonException: skipString: incomplete string, head: 2, peek: [&quot;, buf: [&quot;100.1&quot;,&quot;101.1&quot;]" type="com.jsoniter.spi.JsonException">com.jsoniter.spi.JsonException: com.jsoniter.spi.JsonException: skipString: incomplete string, head: 2, peek: [", buf: ["100.1","101.1"]
	at com.jsoniter.TestReadAny.test_read_float_as_int(TestReadAny.java:83)
Caused by: com.jsoniter.spi.JsonException: skipString: incomplete string, head: 2, peek: [", buf: ["100.1","101.1"]
	at com.jsoniter.TestReadAny.test_read_float_as_int(TestReadAny.java:83)
</error>
  </testcase>
  <testcase name="test_read_float_as_int" classname="com.jsoniter.TestReadAny" time="0">
    <error message="com.jsoniter.spi.JsonException: skipString: incomplete string, head: 2, peek: [&quot;, buf: [&quot;100.1&quot;,&quot;101.1&quot;]" type="com.jsoniter.spi.JsonException">com.jsoniter.spi.JsonException: com.jsoniter.spi.JsonException: skipString: incomplete string, head: 2, peek: [", buf: ["100.1","101.1"]
	at com.jsoniter.TestReadAny.test_read_float_as_int(TestReadAny.java:83)
Caused by: com.jsoniter.spi.JsonException: skipString: incomplete string, head: 2, peek: [", buf: ["100.1","101.1"]
	at com.jsoniter.TestReadAny.test_read_float_as_int(TestReadAny.java:83)
</error>
  </testcase>
  <testcase name="test_read_float_as_int" classname="com.jsoniter.TestReadAny" time="0">
    <error message="com.jsoniter.spi.JsonException: skipString: incomplete string, head: 2, peek: [&quot;, buf: [&quot;100.1&quot;,&quot;101.1&quot;]" type="com.jsoniter.spi.JsonException">com.jsoniter.spi.JsonException: com.jsoniter.spi.JsonException: skipString: incomplete string, head: 2, peek: [", buf: ["100.1","101.1"]
	at com.jsoniter.TestReadAny.test_read_float_as_int(TestReadAny.java:83)
Caused by: com.jsoniter.spi.JsonException: skipString: incomplete string, head: 2, peek: [", buf: ["100.1","101.1"]
	at com.jsoniter.TestReadAny.test_read_float_as_int(TestReadAny.java:83)
</error>
  </testcase>
  <testcase name="test_require_path" classname="com.jsoniter.TestReadAny" time="0"/>
  <testcase name="test_require_path" classname="com.jsoniter.TestReadAny" time="0.015"/>
  <testcase name="test_require_path" classname="com.jsoniter.TestReadAny" time="0"/>
  <testcase name="test_require_path" classname="com.jsoniter.TestReadAny" time="0.016"/>
  <testcase name="test_read_any_in_streaming" classname="com.jsoniter.TestReadAny" time="0">
    <error message="readLong: expect 0~9, head: 1, peek: , buf: &amp;#0;&amp;#0;" type="com.jsoniter.spi.JsonException"><![CDATA[com.jsoniter.spi.JsonException: readLong: expect 0~9, head: 1, peek: , buf: &amp#0;&amp#0;
	at com.jsoniter.TestReadAny.test_read_any_in_streaming(TestReadAny.java:189)
]]></error>
  </testcase>
</testsuite>